[ 2018-05-08T18:02:52+08:00 ] ::1 /xzy/project/
INFO: [ app_init ] --START--
INFO: Run Behavior\BuildLiteBehavior [ RunTime:0.000257s ]
INFO: [ app_init ] --END-- [ RunTime:0.002879s ]
INFO: [ app_begin ] --START--
INFO: Run Behavior\ReadHtmlCacheBehavior [ RunTime:0.000630s ]
INFO: [ app_begin ] --END-- [ RunTime:0.000681s ]
NOTIC: [2] file_get_contents(jsapi_ticket.php): failed to open stream: No such file or directory /Applications/MAMP/htdocs/xzy/project/ThinkPHP/Library/Org/Util/WeixinJssdk.class.php 第 108 行.
NOTIC: [8] Trying to get property of non-object /Applications/MAMP/htdocs/xzy/project/ThinkPHP/Library/Org/Util/WeixinJssdk.class.php 第 52 行.
NOTIC: [2] file_get_contents(access_token.php): failed to open stream: No such file or directory /Applications/MAMP/htdocs/xzy/project/ThinkPHP/Library/Org/Util/WeixinJssdk.class.php 第 108 行.
NOTIC: [8] Trying to get property of non-object /Applications/MAMP/htdocs/xzy/project/ThinkPHP/Library/Org/Util/WeixinJssdk.class.php 第 74 行.
NOTIC: [8] curl_setopt(): CURLOPT_SSL_VERIFYHOST no longer accepts the value 1, value 2 will be used instead /Applications/MAMP/htdocs/xzy/project/ThinkPHP/Library/Org/Util/WeixinJssdk.class.php 第 98 行.
NOTIC: [8] Undefined property: stdClass::$access_token /Applications/MAMP/htdocs/xzy/project/ThinkPHP/Library/Org/Util/WeixinJssdk.class.php 第 79 行.
NOTIC: [8] curl_setopt(): CURLOPT_SSL_VERIFYHOST no longer accepts the value 1, value 2 will be used instead /Applications/MAMP/htdocs/xzy/project/ThinkPHP/Library/Org/Util/WeixinJssdk.class.php 第 98 行.
NOTIC: [8] Undefined property: stdClass::$ticket /Applications/MAMP/htdocs/xzy/project/ThinkPHP/Library/Org/Util/WeixinJssdk.class.php 第 58 行.
INFO: [ view_parse ] --START--
INFO: [ template_filter ] --START--
INFO: Run Behavior\ContentReplaceBehavior [ RunTime:0.000161s ]
INFO: [ template_filter ] --END-- [ RunTime:0.000224s ]
INFO: Run Behavior\ParseTemplateBehavior [ RunTime:0.012949s ]
INFO: [ view_parse ] --END-- [ RunTime:0.013018s ]
INFO: [ view_filter ] --START--
INFO: Run Behavior\WriteHtmlCacheBehavior [ RunTime:0.000431s ]
INFO: [ view_filter ] --END-- [ RunTime:0.000471s ]
NOTIC: [2] Cannot modify header information - headers already sent by (output started at /Applications/MAMP/htdocs/xzy/project/ThinkPHP/Common/functions.php:850) /Applications/MAMP/htdocs/xzy/project/ThinkPHP/Library/Think/View.class.php 第 91 行.
NOTIC: [2] Cannot modify header information - headers already sent by (output started at /Applications/MAMP/htdocs/xzy/project/ThinkPHP/Common/functions.php:850) /Applications/MAMP/htdocs/xzy/project/ThinkPHP/Library/Think/View.class.php 第 92 行.
NOTIC: [2] Cannot modify header information - headers already sent by (output started at /Applications/MAMP/htdocs/xzy/project/ThinkPHP/Common/functions.php:850) /Applications/MAMP/htdocs/xzy/project/ThinkPHP/Library/Think/View.class.php 第 93 行.
INFO: [ app_end ] --START--
INFO: Run Behavior\ShowPageTraceBehavior [ RunTime:0.002279s ]
INFO: [ app_end ] --END-- [ RunTime:0.002401s ]

[ 2018-05-08T18:24:20+08:00 ] ::1 /xzy/project/
INFO: [ app_init ] --START--
INFO: Run Behavior\BuildLiteBehavior [ RunTime:0.000015s ]
INFO: [ app_init ] --END-- [ RunTime:0.000368s ]
INFO: [ app_begin ] --START--
INFO: Run Behavior\ReadHtmlCacheBehavior [ RunTime:0.000512s ]
INFO: [ app_begin ] --END-- [ RunTime:0.000557s ]
NOTIC: [2] file_get_contents(jsapi_ticket.php): failed to open stream: No such file or directory /Applications/MAMP/htdocs/xzy/project/ThinkPHP/Library/Org/Util/WeixinJssdk.class.php 第 108 行.
NOTIC: [8] Trying to get property of non-object /Applications/MAMP/htdocs/xzy/project/ThinkPHP/Library/Org/Util/WeixinJssdk.class.php 第 52 行.
NOTIC: [2] file_get_contents(access_token.php): failed to open stream: No such file or directory /Applications/MAMP/htdocs/xzy/project/ThinkPHP/Library/Org/Util/WeixinJssdk.class.php 第 108 行.
NOTIC: [8] Trying to get property of non-object /Applications/MAMP/htdocs/xzy/project/ThinkPHP/Library/Org/Util/WeixinJssdk.class.php 第 74 行.
NOTIC: [8] curl_setopt(): CURLOPT_SSL_VERIFYHOST no longer accepts the value 1, value 2 will be used instead /Applications/MAMP/htdocs/xzy/project/ThinkPHP/Library/Org/Util/WeixinJssdk.class.php 第 98 行.
NOTIC: [8] Undefined property: stdClass::$access_token /Applications/MAMP/htdocs/xzy/project/ThinkPHP/Library/Org/Util/WeixinJssdk.class.php 第 79 行.
NOTIC: [8] curl_setopt(): CURLOPT_SSL_VERIFYHOST no longer accepts the value 1, value 2 will be used instead /Applications/MAMP/htdocs/xzy/project/ThinkPHP/Library/Org/Util/WeixinJssdk.class.php 第 98 行.
NOTIC: [8] Undefined property: stdClass::$ticket /Applications/MAMP/htdocs/xzy/project/ThinkPHP/Library/Org/Util/WeixinJssdk.class.php 第 58 行.
INFO: [ view_parse ] --START--
INFO: [ template_filter ] --START--
INFO: Run Behavior\ContentReplaceBehavior [ RunTime:0.000086s ]
INFO: [ template_filter ] --END-- [ RunTime:0.000130s ]
INFO: Run Behavior\ParseTemplateBehavior [ RunTime:0.010070s ]
INFO: [ view_parse ] --END-- [ RunTime:0.010109s ]
INFO: [ view_filter ] --START--
INFO: Run Behavior\WriteHtmlCacheBehavior [ RunTime:0.000135s ]
INFO: [ view_filter ] --END-- [ RunTime:0.000159s ]
NOTIC: [2] Cannot modify header information - headers already sent by (output started at /Applications/MAMP/htdocs/xzy/project/ThinkPHP/Common/functions.php:850) /Applications/MAMP/htdocs/xzy/project/ThinkPHP/Library/Think/View.class.php 第 91 行.
NOTIC: [2] Cannot modify header information - headers already sent by (output started at /Applications/MAMP/htdocs/xzy/project/ThinkPHP/Common/functions.php:850) /Applications/MAMP/htdocs/xzy/project/ThinkPHP/Library/Think/View.class.php 第 92 行.
NOTIC: [2] Cannot modify header information - headers already sent by (output started at /Applications/MAMP/htdocs/xzy/project/ThinkPHP/Common/functions.php:850) /Applications/MAMP/htdocs/xzy/project/ThinkPHP/Library/Think/View.class.php 第 93 行.
INFO: [ app_end ] --START--
INFO: Run Behavior\ShowPageTraceBehavior [ RunTime:0.000498s ]
INFO: [ app_end ] --END-- [ RunTime:0.000537s ]

[ 2018-05-08T18:25:22+08:00 ] ::1 /xzy/project/
INFO: [ app_init ] --START--
INFO: Run Behavior\BuildLiteBehavior [ RunTime:0.000011s ]
INFO: [ app_init ] --END-- [ RunTime:0.000271s ]
INFO: [ app_begin ] --START--
INFO: Run Behavior\ReadHtmlCacheBehavior [ RunTime:0.000356s ]
INFO: [ app_begin ] --END-- [ RunTime:0.000385s ]
NOTIC: [2] file_get_contents(jsapi_ticket.php): failed to open stream: No such file or directory /Applications/MAMP/htdocs/xzy/project/ThinkPHP/Library/Org/Util/WeixinJssdk.class.php 第 108 行.
NOTIC: [8] Trying to get property of non-object /Applications/MAMP/htdocs/xzy/project/ThinkPHP/Library/Org/Util/WeixinJssdk.class.php 第 52 行.
NOTIC: [2] file_get_contents(access_token.php): failed to open stream: No such file or directory /Applications/MAMP/htdocs/xzy/project/ThinkPHP/Library/Org/Util/WeixinJssdk.class.php 第 108 行.
NOTIC: [8] Trying to get property of non-object /Applications/MAMP/htdocs/xzy/project/ThinkPHP/Library/Org/Util/WeixinJssdk.class.php 第 74 行.
NOTIC: [8] curl_setopt(): CURLOPT_SSL_VERIFYHOST no longer accepts the value 1, value 2 will be used instead /Applications/MAMP/htdocs/xzy/project/ThinkPHP/Library/Org/Util/WeixinJssdk.class.php 第 98 行.
NOTIC: [8] Undefined property: stdClass::$access_token /Applications/MAMP/htdocs/xzy/project/ThinkPHP/Library/Org/Util/WeixinJssdk.class.php 第 79 行.
NOTIC: [8] curl_setopt(): CURLOPT_SSL_VERIFYHOST no longer accepts the value 1, value 2 will be used instead /Applications/MAMP/htdocs/xzy/project/ThinkPHP/Library/Org/Util/WeixinJssdk.class.php 第 98 行.
NOTIC: [8] Undefined property: stdClass::$ticket /Applications/MAMP/htdocs/xzy/project/ThinkPHP/Library/Org/Util/WeixinJssdk.class.php 第 58 行.
INFO: [ view_parse ] --START--
INFO: [ template_filter ] --START--
INFO: Run Behavior\ContentReplaceBehavior [ RunTime:0.000086s ]
INFO: [ template_filter ] --END-- [ RunTime:0.000126s ]
INFO: Run Behavior\ParseTemplateBehavior [ RunTime:0.006331s ]
INFO: [ view_parse ] --END-- [ RunTime:0.006370s ]
INFO: [ view_filter ] --START--
INFO: Run Behavior\WriteHtmlCacheBehavior [ RunTime:0.000135s ]
INFO: [ view_filter ] --END-- [ RunTime:0.000161s ]
NOTIC: [2] Cannot modify header information - headers already sent by (output started at /Applications/MAMP/htdocs/xzy/project/ThinkPHP/Common/functions.php:850) /Applications/MAMP/htdocs/xzy/project/ThinkPHP/Library/Think/View.class.php 第 91 行.
NOTIC: [2] Cannot modify header information - headers already sent by (output started at /Applications/MAMP/htdocs/xzy/project/ThinkPHP/Common/functions.php:850) /Applications/MAMP/htdocs/xzy/project/ThinkPHP/Library/Think/View.class.php 第 92 行.
NOTIC: [2] Cannot modify header information - headers already sent by (output started at /Applications/MAMP/htdocs/xzy/project/ThinkPHP/Common/functions.php:850) /Applications/MAMP/htdocs/xzy/project/ThinkPHP/Library/Think/View.class.php 第 93 行.
INFO: [ app_end ] --START--
INFO: Run Behavior\ShowPageTraceBehavior [ RunTime:0.000610s ]
INFO: [ app_end ] --END-- [ RunTime:0.000654s ]

