[ 2018-05-14T12:40:20+08:00 ] ::1 /xzy/project/
INFO: [ app_init ] --START--
INFO: Run Behavior\BuildLiteBehavior [ RunTime:0.000023s ]
INFO: [ app_init ] --END-- [ RunTime:0.000860s ]
INFO: [ app_begin ] --START--
INFO: Run Behavior\ReadHtmlCacheBehavior [ RunTime:0.000643s ]
INFO: [ app_begin ] --END-- [ RunTime:0.000687s ]
NOTIC: [8] Undefined index: auid /Applications/MAMP/htdocs/xzy/project/Application/Home/Controller/IndexController.class.php 第 16 行.
SQL: SHOW COLUMNS FROM `pub_adminuser` [ RunTime:0.0325s ]
ERR: 1064:You have an error in your SQL syntax; check the manual that corresponds to your MySQL server version for the right syntax to use near ') LIMIT 1' at line 1
 [ SQL语句 ] : SELECT * FROM `pub_adminuser` WHERE ( id= ) LIMIT 1  
ERR: 1064:You have an error in your SQL syntax; check the manual that corresponds to your MySQL server version for the right syntax to use near ') LIMIT 1' at line 1
 [ SQL语句 ] : SELECT * FROM `pub_adminuser` WHERE ( id= ) LIMIT 1  

[ 2018-05-14T12:42:19+08:00 ] ::1 /xzy/project/index.php/Home/Wechat/create_menu.html
INFO: [ app_init ] --START--
INFO: Run Behavior\BuildLiteBehavior [ RunTime:0.000011s ]
INFO: [ app_init ] --END-- [ RunTime:0.000264s ]
INFO: [ app_begin ] --START--
INFO: Run Behavior\ReadHtmlCacheBehavior [ RunTime:0.000381s ]
INFO: [ app_begin ] --END-- [ RunTime:0.000415s ]
NOTIC: [2] file_get_contents(access_token.php): failed to open stream: No such file or directory /Applications/MAMP/htdocs/xzy/project/ThinkPHP/Library/Org/Util/WeixinJssdk.class.php 第 109 行.
NOTIC: [8] Trying to get property of non-object /Applications/MAMP/htdocs/xzy/project/ThinkPHP/Library/Org/Util/WeixinJssdk.class.php 第 75 行.
NOTIC: [8] curl_setopt(): CURLOPT_SSL_VERIFYHOST no longer accepts the value 1, value 2 will be used instead /Applications/MAMP/htdocs/xzy/project/ThinkPHP/Library/Org/Util/WeixinJssdk.class.php 第 99 行.
NOTIC: [8] Undefined property: stdClass::$access_token /Applications/MAMP/htdocs/xzy/project/ThinkPHP/Library/Org/Util/WeixinJssdk.class.php 第 80 行.
INFO: [ app_end ] --START--
INFO: Run Behavior\ShowPageTraceBehavior [ RunTime:0.000532s ]
INFO: [ app_end ] --END-- [ RunTime:0.000608s ]

