[ 2018-05-16T09:36:12+08:00 ] ::1 /xzy/project/Public/Home/js/theme/default/laydate.css
INFO: [ app_init ] --START--
INFO: Run Behavior\BuildLiteBehavior [ RunTime:0.000020s ]
INFO: [ app_init ] --END-- [ RunTime:0.000370s ]
ERR: 无法加载模块:Public

[ 2018-05-16T09:36:18+08:00 ] ::1 /xzy/project/Public/Home/js/theme/default/laydate.css
INFO: [ app_init ] --START--
INFO: Run Behavior\BuildLiteBehavior [ RunTime:0.000020s ]
INFO: [ app_init ] --END-- [ RunTime:0.000477s ]
ERR: 无法加载模块:Public

[ 2018-05-16T09:36:22+08:00 ] ::1 /xzy/project/Public/Home/js/theme/default/laydate.css
INFO: [ app_init ] --START--
INFO: Run Behavior\BuildLiteBehavior [ RunTime:0.000018s ]
INFO: [ app_init ] --END-- [ RunTime:0.000337s ]
ERR: 无法加载模块:Public

[ 2018-05-16T09:36:24+08:00 ] ::1 /xzy/project/Public/Home/js/theme/default/laydate.css
INFO: [ app_init ] --START--
INFO: Run Behavior\BuildLiteBehavior [ RunTime:0.000012s ]
INFO: [ app_init ] --END-- [ RunTime:0.000287s ]
ERR: 无法加载模块:Public

[ 2018-05-16T09:36:28+08:00 ] ::1 /xzy/project/Public/Home/js/theme/default/laydate.css
INFO: [ app_init ] --START--
INFO: Run Behavior\BuildLiteBehavior [ RunTime:0.000014s ]
INFO: [ app_init ] --END-- [ RunTime:0.000507s ]
ERR: 无法加载模块:Public

[ 2018-05-16T09:36:50+08:00 ] ::1 /xzy/project/Public/Home/js/theme/default/laydate.css
INFO: [ app_init ] --START--
INFO: Run Behavior\BuildLiteBehavior [ RunTime:0.000012s ]
INFO: [ app_init ] --END-- [ RunTime:0.000312s ]
ERR: 无法加载模块:Public

[ 2018-05-16T09:37:18+08:00 ] ::1 /xzy/project/Public/Home/js/theme/default/laydate.css
INFO: [ app_init ] --START--
INFO: Run Behavior\BuildLiteBehavior [ RunTime:0.000019s ]
INFO: [ app_init ] --END-- [ RunTime:0.000430s ]
ERR: 无法加载模块:Public

[ 2018-05-16T09:37:32+08:00 ] ::1 /xzy/project/Public/Home/js/theme/default/laydate.css
INFO: [ app_init ] --START--
INFO: Run Behavior\BuildLiteBehavior [ RunTime:0.000025s ]
INFO: [ app_init ] --END-- [ RunTime:0.000572s ]
ERR: 无法加载模块:Public

[ 2018-05-16T09:39:43+08:00 ] ::1 /xzy/project/Public/Home/js/theme/default/laydate.css
INFO: [ app_init ] --START--
INFO: Run Behavior\BuildLiteBehavior [ RunTime:0.000016s ]
INFO: [ app_init ] --END-- [ RunTime:0.000398s ]
ERR: 无法加载模块:Public

[ 2018-05-16T09:40:19+08:00 ] ::1 /xzy/project/Public/Home/js/theme/default/laydate.css
INFO: [ app_init ] --START--
INFO: Run Behavior\BuildLiteBehavior [ RunTime:0.000021s ]
INFO: [ app_init ] --END-- [ RunTime:0.000532s ]
ERR: 无法加载模块:Public

[ 2018-05-16T09:40:44+08:00 ] ::1 /xzy/project/Public/Home/js/theme/default/laydate.css
INFO: [ app_init ] --START--
INFO: Run Behavior\BuildLiteBehavior [ RunTime:0.000010s ]
INFO: [ app_init ] --END-- [ RunTime:0.000280s ]
ERR: 无法加载模块:Public

[ 2018-05-16T09:40:50+08:00 ] ::1 /xzy/project/Public/Home/js/theme/default/laydate.css
INFO: [ app_init ] --START--
INFO: Run Behavior\BuildLiteBehavior [ RunTime:0.000018s ]
INFO: [ app_init ] --END-- [ RunTime:0.000436s ]
ERR: 无法加载模块:Public

[ 2018-05-16T09:41:18+08:00 ] ::1 /xzy/project/Public/Home/js/theme/default/laydate.css
INFO: [ app_init ] --START--
INFO: Run Behavior\BuildLiteBehavior [ RunTime:0.000021s ]
INFO: [ app_init ] --END-- [ RunTime:0.000558s ]
ERR: 无法加载模块:Public

[ 2018-05-16T09:41:40+08:00 ] ::1 /xzy/project/Public/Home/js/theme/default/laydate.css
INFO: [ app_init ] --START--
INFO: Run Behavior\BuildLiteBehavior [ RunTime:0.000012s ]
INFO: [ app_init ] --END-- [ RunTime:0.000302s ]
ERR: 无法加载模块:Public

[ 2018-05-16T09:41:43+08:00 ] ::1 /xzy/project/Public/Home/js/theme/default/laydate.css
INFO: [ app_init ] --START--
INFO: Run Behavior\BuildLiteBehavior [ RunTime:0.000013s ]
INFO: [ app_init ] --END-- [ RunTime:0.000332s ]
ERR: 无法加载模块:Public

[ 2018-05-16T09:41:45+08:00 ] ::1 /xzy/project/Public/Home/js/theme/default/laydate.css
INFO: [ app_init ] --START--
INFO: Run Behavior\BuildLiteBehavior [ RunTime:0.000024s ]
INFO: [ app_init ] --END-- [ RunTime:0.000559s ]
ERR: 无法加载模块:Public

[ 2018-05-16T09:41:50+08:00 ] ::1 /xzy/project/Public/Home/js/theme/default/laydate.css
INFO: [ app_init ] --START--
INFO: Run Behavior\BuildLiteBehavior [ RunTime:0.000026s ]
INFO: [ app_init ] --END-- [ RunTime:0.000850s ]
ERR: 无法加载模块:Public

[ 2018-05-16T09:41:52+08:00 ] ::1 /xzy/project/Public/Home/js/theme/default/laydate.css
INFO: [ app_init ] --START--
INFO: Run Behavior\BuildLiteBehavior [ RunTime:0.000025s ]
INFO: [ app_init ] --END-- [ RunTime:0.000508s ]
ERR: 无法加载模块:Public

[ 2018-05-16T09:41:56+08:00 ] ::1 /xzy/project/Public/Home/js/theme/default/laydate.css
INFO: [ app_init ] --START--
INFO: Run Behavior\BuildLiteBehavior [ RunTime:0.000017s ]
INFO: [ app_init ] --END-- [ RunTime:0.000416s ]
ERR: 无法加载模块:Public

[ 2018-05-16T09:41:58+08:00 ] ::1 /xzy/project/Public/Home/js/theme/default/laydate.css
INFO: [ app_init ] --START--
INFO: Run Behavior\BuildLiteBehavior [ RunTime:0.000016s ]
INFO: [ app_init ] --END-- [ RunTime:0.000375s ]
ERR: 无法加载模块:Public

[ 2018-05-16T09:44:04+08:00 ] ::1 /xzy/project/Public/Home/js/theme/default/laydate.css
INFO: [ app_init ] --START--
INFO: Run Behavior\BuildLiteBehavior [ RunTime:0.000018s ]
INFO: [ app_init ] --END-- [ RunTime:0.000689s ]
ERR: 无法加载模块:Public

[ 2018-05-16T09:44:05+08:00 ] ::1 /xzy/project/Public/Home/js/theme/default/laydate.css
INFO: [ app_init ] --START--
INFO: Run Behavior\BuildLiteBehavior [ RunTime:0.000020s ]
INFO: [ app_init ] --END-- [ RunTime:0.000496s ]
ERR: 无法加载模块:Public

[ 2018-05-16T09:44:48+08:00 ] ::1 /xzy/project/Public/Home/js/theme/default/laydate.css
INFO: [ app_init ] --START--
INFO: Run Behavior\BuildLiteBehavior [ RunTime:0.000014s ]
INFO: [ app_init ] --END-- [ RunTime:0.000299s ]
ERR: 无法加载模块:Public

[ 2018-05-16T09:45:02+08:00 ] ::1 /xzy/project/Public/Home/js/theme/default/laydate.css
INFO: [ app_init ] --START--
INFO: Run Behavior\BuildLiteBehavior [ RunTime:0.000016s ]
INFO: [ app_init ] --END-- [ RunTime:0.000530s ]
ERR: 无法加载模块:Public

[ 2018-05-16T09:45:07+08:00 ] ::1 /xzy/project/Public/Home/js/theme/default/laydate.css
INFO: [ app_init ] --START--
INFO: Run Behavior\BuildLiteBehavior [ RunTime:0.000015s ]
INFO: [ app_init ] --END-- [ RunTime:0.000343s ]
ERR: 无法加载模块:Public

[ 2018-05-16T09:45:13+08:00 ] ::1 /xzy/project/Public/Home/js/theme/default/laydate.css
INFO: [ app_init ] --START--
INFO: Run Behavior\BuildLiteBehavior [ RunTime:0.000015s ]
INFO: [ app_init ] --END-- [ RunTime:0.000294s ]
ERR: 无法加载模块:Public

[ 2018-05-16T09:45:17+08:00 ] ::1 /xzy/project/Public/Home/js/theme/default/laydate.css
INFO: [ app_init ] --START--
INFO: Run Behavior\BuildLiteBehavior [ RunTime:0.000011s ]
INFO: [ app_init ] --END-- [ RunTime:0.000286s ]
ERR: 无法加载模块:Public

[ 2018-05-16T09:48:24+08:00 ] ::1 /xzy/project/Public/Home/js/theme/default/laydate.css
INFO: [ app_init ] --START--
INFO: Run Behavior\BuildLiteBehavior [ RunTime:0.000024s ]
INFO: [ app_init ] --END-- [ RunTime:0.000490s ]
ERR: 无法加载模块:Public

[ 2018-05-16T09:48:33+08:00 ] ::1 /xzy/project/Public/Home/js/theme/default/laydate.css
INFO: [ app_init ] --START--
INFO: Run Behavior\BuildLiteBehavior [ RunTime:0.000022s ]
INFO: [ app_init ] --END-- [ RunTime:0.000474s ]
ERR: 无法加载模块:Public

[ 2018-05-16T09:48:38+08:00 ] ::1 /xzy/project/Public/Home/js/theme/default/laydate.css
INFO: [ app_init ] --START--
INFO: Run Behavior\BuildLiteBehavior [ RunTime:0.000021s ]
INFO: [ app_init ] --END-- [ RunTime:0.000516s ]
ERR: 无法加载模块:Public

[ 2018-05-16T09:48:46+08:00 ] ::1 /xzy/project/Public/Home/js/theme/default/laydate.css
INFO: [ app_init ] --START--
INFO: Run Behavior\BuildLiteBehavior [ RunTime:0.000019s ]
INFO: [ app_init ] --END-- [ RunTime:0.000545s ]
ERR: 无法加载模块:Public

[ 2018-05-16T09:49:21+08:00 ] ::1 /xzy/project/Public/Home/js/theme/default/laydate.css
INFO: [ app_init ] --START--
INFO: Run Behavior\BuildLiteBehavior [ RunTime:0.000020s ]
INFO: [ app_init ] --END-- [ RunTime:0.000484s ]
ERR: 无法加载模块:Public

[ 2018-05-16T09:57:38+08:00 ] ::1 /xzy/project/Public/Home/js/theme/default/laydate.css
INFO: [ app_init ] --START--
INFO: Run Behavior\BuildLiteBehavior [ RunTime:0.000011s ]
INFO: [ app_init ] --END-- [ RunTime:0.000299s ]
ERR: 无法加载模块:Public

[ 2018-05-16T09:59:50+08:00 ] ::1 /xzy/project/Public/Home/js/theme/default/laydate.css
INFO: [ app_init ] --START--
INFO: Run Behavior\BuildLiteBehavior [ RunTime:0.000011s ]
INFO: [ app_init ] --END-- [ RunTime:0.000286s ]
ERR: 无法加载模块:Public

[ 2018-05-16T10:03:44+08:00 ] ::1 /xzy/project/Public/Home/js/theme/default/laydate.css
INFO: [ app_init ] --START--
INFO: Run Behavior\BuildLiteBehavior [ RunTime:0.000020s ]
INFO: [ app_init ] --END-- [ RunTime:0.000590s ]
ERR: 无法加载模块:Public

[ 2018-05-16T10:04:47+08:00 ] ::1 /xzy/project/Public/Home/js/theme/default/laydate.css
INFO: [ app_init ] --START--
INFO: Run Behavior\BuildLiteBehavior [ RunTime:0.000023s ]
INFO: [ app_init ] --END-- [ RunTime:0.000531s ]
ERR: 无法加载模块:Public

[ 2018-05-16T10:05:08+08:00 ] ::1 /xzy/project/Public/Home/js/theme/default/laydate.css
INFO: [ app_init ] --START--
INFO: Run Behavior\BuildLiteBehavior [ RunTime:0.000016s ]
INFO: [ app_init ] --END-- [ RunTime:0.000401s ]
ERR: 无法加载模块:Public

[ 2018-05-16T10:05:13+08:00 ] ::1 /xzy/project/Public/Home/js/theme/default/laydate.css
INFO: [ app_init ] --START--
INFO: Run Behavior\BuildLiteBehavior [ RunTime:0.000014s ]
INFO: [ app_init ] --END-- [ RunTime:0.000323s ]
ERR: 无法加载模块:Public

[ 2018-05-16T10:06:01+08:00 ] ::1 /xzy/project/Public/Home/js/theme/default/laydate.css
INFO: [ app_init ] --START--
INFO: Run Behavior\BuildLiteBehavior [ RunTime:0.000018s ]
INFO: [ app_init ] --END-- [ RunTime:0.000428s ]
ERR: 无法加载模块:Public

[ 2018-05-16T10:07:15+08:00 ] ::1 /xzy/project/Public/Home/js/theme/default/laydate.css
INFO: [ app_init ] --START--
INFO: Run Behavior\BuildLiteBehavior [ RunTime:0.000011s ]
INFO: [ app_init ] --END-- [ RunTime:0.000282s ]
ERR: 无法加载模块:Public

[ 2018-05-16T10:07:34+08:00 ] ::1 /xzy/project/Public/Home/js/theme/default/laydate.css
INFO: [ app_init ] --START--
INFO: Run Behavior\BuildLiteBehavior [ RunTime:0.000025s ]
INFO: [ app_init ] --END-- [ RunTime:0.000628s ]
ERR: 无法加载模块:Public

[ 2018-05-16T10:07:51+08:00 ] ::1 /xzy/project/Public/Home/js/theme/default/laydate.css
INFO: [ app_init ] --START--
INFO: Run Behavior\BuildLiteBehavior [ RunTime:0.000011s ]
INFO: [ app_init ] --END-- [ RunTime:0.000282s ]
ERR: 无法加载模块:Public

[ 2018-05-16T10:08:09+08:00 ] ::1 /xzy/project/Public/Home/js/theme/default/laydate.css
INFO: [ app_init ] --START--
INFO: Run Behavior\BuildLiteBehavior [ RunTime:0.000016s ]
INFO: [ app_init ] --END-- [ RunTime:0.000402s ]
ERR: 无法加载模块:Public

[ 2018-05-16T10:11:54+08:00 ] ::1 /xzy/project/Public/Home/js/theme/default/laydate.css
INFO: [ app_init ] --START--
INFO: Run Behavior\BuildLiteBehavior [ RunTime:0.000011s ]
INFO: [ app_init ] --END-- [ RunTime:0.000290s ]
ERR: 无法加载模块:Public

[ 2018-05-16T10:15:15+08:00 ] ::1 /xzy/project/Public/Home/js/theme/default/laydate.css
INFO: [ app_init ] --START--
INFO: Run Behavior\BuildLiteBehavior [ RunTime:0.000018s ]
INFO: [ app_init ] --END-- [ RunTime:0.000429s ]
ERR: 无法加载模块:Public

[ 2018-05-16T10:15:45+08:00 ] ::1 /xzy/project/Public/Home/js/theme/default/laydate.css
INFO: [ app_init ] --START--
INFO: Run Behavior\BuildLiteBehavior [ RunTime:0.000021s ]
INFO: [ app_init ] --END-- [ RunTime:0.000506s ]
ERR: 无法加载模块:Public

[ 2018-05-16T10:15:49+08:00 ] ::1 /xzy/project/Public/Home/js/theme/default/laydate.css
INFO: [ app_init ] --START--
INFO: Run Behavior\BuildLiteBehavior [ RunTime:0.000020s ]
INFO: [ app_init ] --END-- [ RunTime:0.000471s ]
ERR: 无法加载模块:Public

[ 2018-05-16T10:16:00+08:00 ] ::1 /xzy/project/Public/Home/js/theme/default/laydate.css
INFO: [ app_init ] --START--
INFO: Run Behavior\BuildLiteBehavior [ RunTime:0.000021s ]
INFO: [ app_init ] --END-- [ RunTime:0.000590s ]
ERR: 无法加载模块:Public

[ 2018-05-16T10:16:11+08:00 ] ::1 /xzy/project/Public/Home/js/theme/default/laydate.css
INFO: [ app_init ] --START--
INFO: Run Behavior\BuildLiteBehavior [ RunTime:0.000018s ]
INFO: [ app_init ] --END-- [ RunTime:0.000417s ]
ERR: 无法加载模块:Public

[ 2018-05-16T10:16:20+08:00 ] ::1 /xzy/project/Public/Home/js/theme/default/laydate.css
INFO: [ app_init ] --START--
INFO: Run Behavior\BuildLiteBehavior [ RunTime:0.000023s ]
INFO: [ app_init ] --END-- [ RunTime:0.000497s ]
ERR: 无法加载模块:Public

[ 2018-05-16T10:16:23+08:00 ] ::1 /xzy/project/Public/Home/js/theme/default/laydate.css
INFO: [ app_init ] --START--
INFO: Run Behavior\BuildLiteBehavior [ RunTime:0.000013s ]
INFO: [ app_init ] --END-- [ RunTime:0.000343s ]
ERR: 无法加载模块:Public

[ 2018-05-16T10:16:32+08:00 ] ::1 /xzy/project/Public/Home/js/theme/default/laydate.css
INFO: [ app_init ] --START--
INFO: Run Behavior\BuildLiteBehavior [ RunTime:0.000020s ]
INFO: [ app_init ] --END-- [ RunTime:0.000444s ]
ERR: 无法加载模块:Public

[ 2018-05-16T10:16:36+08:00 ] ::1 /xzy/project/Public/Home/js/theme/default/laydate.css
INFO: [ app_init ] --START--
INFO: Run Behavior\BuildLiteBehavior [ RunTime:0.000014s ]
INFO: [ app_init ] --END-- [ RunTime:0.000317s ]
ERR: 无法加载模块:Public

[ 2018-05-16T10:16:59+08:00 ] ::1 /xzy/project/Public/Home/js/theme/default/laydate.css
INFO: [ app_init ] --START--
INFO: Run Behavior\BuildLiteBehavior [ RunTime:0.000012s ]
INFO: [ app_init ] --END-- [ RunTime:0.000287s ]
ERR: 无法加载模块:Public

[ 2018-05-16T10:17:08+08:00 ] ::1 /xzy/project/Public/Home/js/theme/default/laydate.css
INFO: [ app_init ] --START--
INFO: Run Behavior\BuildLiteBehavior [ RunTime:0.000011s ]
INFO: [ app_init ] --END-- [ RunTime:0.000282s ]
ERR: 无法加载模块:Public

[ 2018-05-16T10:17:13+08:00 ] ::1 /xzy/project/Public/Home/js/theme/default/laydate.css
INFO: [ app_init ] --START--
INFO: Run Behavior\BuildLiteBehavior [ RunTime:0.000012s ]
INFO: [ app_init ] --END-- [ RunTime:0.000289s ]
ERR: 无法加载模块:Public

[ 2018-05-16T10:17:23+08:00 ] ::1 /xzy/project/Public/Home/js/theme/default/laydate.css
INFO: [ app_init ] --START--
INFO: Run Behavior\BuildLiteBehavior [ RunTime:0.000028s ]
INFO: [ app_init ] --END-- [ RunTime:0.000572s ]
ERR: 无法加载模块:Public

[ 2018-05-16T10:17:26+08:00 ] ::1 /xzy/project/Public/Home/js/theme/default/laydate.css
INFO: [ app_init ] --START--
INFO: Run Behavior\BuildLiteBehavior [ RunTime:0.000018s ]
INFO: [ app_init ] --END-- [ RunTime:0.000421s ]
ERR: 无法加载模块:Public

[ 2018-05-16T10:17:29+08:00 ] ::1 /xzy/project/Public/Home/js/theme/default/laydate.css
INFO: [ app_init ] --START--
INFO: Run Behavior\BuildLiteBehavior [ RunTime:0.000017s ]
INFO: [ app_init ] --END-- [ RunTime:0.000435s ]
ERR: 无法加载模块:Public

[ 2018-05-16T10:17:31+08:00 ] ::1 /xzy/project/Public/Home/js/theme/default/laydate.css
INFO: [ app_init ] --START--
INFO: Run Behavior\BuildLiteBehavior [ RunTime:0.000014s ]
INFO: [ app_init ] --END-- [ RunTime:0.000350s ]
ERR: 无法加载模块:Public

[ 2018-05-16T10:17:32+08:00 ] ::1 /xzy/project/Public/Home/js/theme/default/laydate.css
INFO: [ app_init ] --START--
INFO: Run Behavior\BuildLiteBehavior [ RunTime:0.000013s ]
INFO: [ app_init ] --END-- [ RunTime:0.000315s ]
ERR: 无法加载模块:Public

[ 2018-05-16T10:40:54+08:00 ] ::1 /xzy/project/Public/Home/js/theme/default/laydate.css
INFO: [ app_init ] --START--
INFO: Run Behavior\BuildLiteBehavior [ RunTime:0.000018s ]
INFO: [ app_init ] --END-- [ RunTime:0.000549s ]
ERR: 无法加载模块:Public

[ 2018-05-16T10:40:57+08:00 ] ::1 /xzy/project/Public/Home/js/theme/default/laydate.css
INFO: [ app_init ] --START--
INFO: Run Behavior\BuildLiteBehavior [ RunTime:0.000013s ]
INFO: [ app_init ] --END-- [ RunTime:0.000314s ]
ERR: 无法加载模块:Public

[ 2018-05-16T10:40:59+08:00 ] ::1 /xzy/project/Public/Home/js/theme/default/laydate.css
INFO: [ app_init ] --START--
INFO: Run Behavior\BuildLiteBehavior [ RunTime:0.000025s ]
INFO: [ app_init ] --END-- [ RunTime:0.000524s ]
ERR: 无法加载模块:Public

[ 2018-05-16T10:41:28+08:00 ] ::1 /xzy/project/Public/Home/js/theme/default/laydate.css
INFO: [ app_init ] --START--
INFO: Run Behavior\BuildLiteBehavior [ RunTime:0.000013s ]
INFO: [ app_init ] --END-- [ RunTime:0.000299s ]
ERR: 无法加载模块:Public

[ 2018-05-16T10:41:38+08:00 ] ::1 /xzy/project/Public/Home/js/theme/default/laydate.css
INFO: [ app_init ] --START--
INFO: Run Behavior\BuildLiteBehavior [ RunTime:0.000021s ]
INFO: [ app_init ] --END-- [ RunTime:0.000646s ]
ERR: 无法加载模块:Public

[ 2018-05-16T10:41:42+08:00 ] ::1 /xzy/project/Public/Home/js/theme/default/laydate.css
INFO: [ app_init ] --START--
INFO: Run Behavior\BuildLiteBehavior [ RunTime:0.000013s ]
INFO: [ app_init ] --END-- [ RunTime:0.000296s ]
ERR: 无法加载模块:Public

[ 2018-05-16T10:42:07+08:00 ] ::1 /xzy/project/Public/Home/js/theme/default/laydate.css
INFO: [ app_init ] --START--
INFO: Run Behavior\BuildLiteBehavior [ RunTime:0.000017s ]
INFO: [ app_init ] --END-- [ RunTime:0.000423s ]
ERR: 无法加载模块:Public

[ 2018-05-16T10:49:02+08:00 ] ::1 /xzy/project/Public/Home/js/theme/default/laydate.css
INFO: [ app_init ] --START--
INFO: Run Behavior\BuildLiteBehavior [ RunTime:0.000020s ]
INFO: [ app_init ] --END-- [ RunTime:0.000582s ]
ERR: 无法加载模块:Public

[ 2018-05-16T10:49:07+08:00 ] ::1 /xzy/project/Public/Home/js/theme/default/laydate.css
INFO: [ app_init ] --START--
INFO: Run Behavior\BuildLiteBehavior [ RunTime:0.000012s ]
INFO: [ app_init ] --END-- [ RunTime:0.000284s ]
ERR: 无法加载模块:Public

[ 2018-05-16T10:49:10+08:00 ] ::1 /xzy/project/Public/Home/js/theme/default/laydate.css
INFO: [ app_init ] --START--
INFO: Run Behavior\BuildLiteBehavior [ RunTime:0.000050s ]
INFO: [ app_init ] --END-- [ RunTime:0.000645s ]
ERR: 无法加载模块:Public

[ 2018-05-16T10:49:13+08:00 ] ::1 /xzy/project/Public/Home/js/theme/default/laydate.css
INFO: [ app_init ] --START--
INFO: Run Behavior\BuildLiteBehavior [ RunTime:0.000022s ]
INFO: [ app_init ] --END-- [ RunTime:0.000491s ]
ERR: 无法加载模块:Public

[ 2018-05-16T10:49:15+08:00 ] ::1 /xzy/project/Public/Home/js/theme/default/laydate.css
INFO: [ app_init ] --START--
INFO: Run Behavior\BuildLiteBehavior [ RunTime:0.000015s ]
INFO: [ app_init ] --END-- [ RunTime:0.000380s ]
ERR: 无法加载模块:Public

[ 2018-05-16T10:49:22+08:00 ] ::1 /xzy/project/Public/Home/js/theme/default/laydate.css
INFO: [ app_init ] --START--
INFO: Run Behavior\BuildLiteBehavior [ RunTime:0.000012s ]
INFO: [ app_init ] --END-- [ RunTime:0.000293s ]
ERR: 无法加载模块:Public

[ 2018-05-16T10:49:33+08:00 ] ::1 /xzy/project/Public/Home/js/theme/default/laydate.css
INFO: [ app_init ] --START--
INFO: Run Behavior\BuildLiteBehavior [ RunTime:0.000027s ]
INFO: [ app_init ] --END-- [ RunTime:0.001171s ]
ERR: 无法加载模块:Public

[ 2018-05-16T10:49:39+08:00 ] ::1 /xzy/project/Public/Home/js/theme/default/laydate.css
INFO: [ app_init ] --START--
INFO: Run Behavior\BuildLiteBehavior [ RunTime:0.000022s ]
INFO: [ app_init ] --END-- [ RunTime:0.000499s ]
ERR: 无法加载模块:Public

[ 2018-05-16T10:49:42+08:00 ] ::1 /xzy/project/Public/Home/js/theme/default/laydate.css
INFO: [ app_init ] --START--
INFO: Run Behavior\BuildLiteBehavior [ RunTime:0.000130s ]
INFO: [ app_init ] --END-- [ RunTime:0.000671s ]
ERR: 无法加载模块:Public

[ 2018-05-16T10:49:45+08:00 ] ::1 /xzy/project/Public/Home/js/theme/default/laydate.css
INFO: [ app_init ] --START--
INFO: Run Behavior\BuildLiteBehavior [ RunTime:0.000022s ]
INFO: [ app_init ] --END-- [ RunTime:0.000598s ]
ERR: 无法加载模块:Public

[ 2018-05-16T10:49:48+08:00 ] ::1 /xzy/project/Public/Home/js/theme/default/laydate.css
INFO: [ app_init ] --START--
INFO: Run Behavior\BuildLiteBehavior [ RunTime:0.000022s ]
INFO: [ app_init ] --END-- [ RunTime:0.000498s ]
ERR: 无法加载模块:Public

[ 2018-05-16T10:49:55+08:00 ] ::1 /xzy/project/Public/Home/js/theme/default/laydate.css
INFO: [ app_init ] --START--
INFO: Run Behavior\BuildLiteBehavior [ RunTime:0.000055s ]
INFO: [ app_init ] --END-- [ RunTime:0.000625s ]
ERR: 无法加载模块:Public

[ 2018-05-16T10:50:50+08:00 ] ::1 /xzy/project/Public/Home/js/theme/default/laydate.css
INFO: [ app_init ] --START--
INFO: Run Behavior\BuildLiteBehavior [ RunTime:0.000013s ]
INFO: [ app_init ] --END-- [ RunTime:0.000305s ]
ERR: 无法加载模块:Public

[ 2018-05-16T10:51:29+08:00 ] ::1 /xzy/project/Public/Home/js/theme/default/laydate.css
INFO: [ app_init ] --START--
INFO: Run Behavior\BuildLiteBehavior [ RunTime:0.000012s ]
INFO: [ app_init ] --END-- [ RunTime:0.000320s ]
ERR: 无法加载模块:Public

[ 2018-05-16T10:51:35+08:00 ] ::1 /xzy/project/Public/Home/js/theme/default/laydate.css
INFO: [ app_init ] --START--
INFO: Run Behavior\BuildLiteBehavior [ RunTime:0.000018s ]
INFO: [ app_init ] --END-- [ RunTime:0.000447s ]
ERR: 无法加载模块:Public

[ 2018-05-16T10:51:37+08:00 ] ::1 /xzy/project/Public/Home/js/theme/default/laydate.css
INFO: [ app_init ] --START--
INFO: Run Behavior\BuildLiteBehavior [ RunTime:0.000014s ]
INFO: [ app_init ] --END-- [ RunTime:0.000368s ]
ERR: 无法加载模块:Public

[ 2018-05-16T10:52:58+08:00 ] ::1 /xzy/project/Public/Home/js/theme/default/laydate.css
INFO: [ app_init ] --START--
INFO: Run Behavior\BuildLiteBehavior [ RunTime:0.000023s ]
INFO: [ app_init ] --END-- [ RunTime:0.000523s ]
ERR: 无法加载模块:Public

[ 2018-05-16T10:53:04+08:00 ] ::1 /xzy/project/Public/Home/js/theme/default/laydate.css
INFO: [ app_init ] --START--
INFO: Run Behavior\BuildLiteBehavior [ RunTime:0.000025s ]
INFO: [ app_init ] --END-- [ RunTime:0.001466s ]
ERR: 无法加载模块:Public

[ 2018-05-16T10:53:06+08:00 ] ::1 /xzy/project/Public/Home/js/theme/default/laydate.css
INFO: [ app_init ] --START--
INFO: Run Behavior\BuildLiteBehavior [ RunTime:0.000021s ]
INFO: [ app_init ] --END-- [ RunTime:0.000501s ]
ERR: 无法加载模块:Public

[ 2018-05-16T10:53:08+08:00 ] ::1 /xzy/project/Public/Home/js/theme/default/laydate.css
INFO: [ app_init ] --START--
INFO: Run Behavior\BuildLiteBehavior [ RunTime:0.000021s ]
INFO: [ app_init ] --END-- [ RunTime:0.000674s ]
ERR: 无法加载模块:Public

[ 2018-05-16T10:58:20+08:00 ] ::1 /xzy/project/Public/Home/js/theme/default/laydate.css
INFO: [ app_init ] --START--
INFO: Run Behavior\BuildLiteBehavior [ RunTime:0.000012s ]
INFO: [ app_init ] --END-- [ RunTime:0.000288s ]
ERR: 无法加载模块:Public

[ 2018-05-16T10:58:36+08:00 ] ::1 /xzy/project/Public/Home/js/theme/default/laydate.css
INFO: [ app_init ] --START--
INFO: Run Behavior\BuildLiteBehavior [ RunTime:0.000022s ]
INFO: [ app_init ] --END-- [ RunTime:0.000501s ]
ERR: 无法加载模块:Public

[ 2018-05-16T10:58:39+08:00 ] ::1 /xzy/project/Public/Home/js/theme/default/laydate.css
INFO: [ app_init ] --START--
INFO: Run Behavior\BuildLiteBehavior [ RunTime:0.000013s ]
INFO: [ app_init ] --END-- [ RunTime:0.000318s ]
ERR: 无法加载模块:Public

[ 2018-05-16T10:58:47+08:00 ] ::1 /xzy/project/Public/Home/js/theme/default/laydate.css
INFO: [ app_init ] --START--
INFO: Run Behavior\BuildLiteBehavior [ RunTime:0.000019s ]
INFO: [ app_init ] --END-- [ RunTime:0.000585s ]
ERR: 无法加载模块:Public

[ 2018-05-16T10:58:51+08:00 ] ::1 /xzy/project/Public/Home/js/theme/default/laydate.css
INFO: [ app_init ] --START--
INFO: Run Behavior\BuildLiteBehavior [ RunTime:0.000016s ]
INFO: [ app_init ] --END-- [ RunTime:0.000349s ]
ERR: 无法加载模块:Public

[ 2018-05-16T10:58:58+08:00 ] ::1 /xzy/project/Public/Home/js/theme/default/laydate.css
INFO: [ app_init ] --START--
INFO: Run Behavior\BuildLiteBehavior [ RunTime:0.000017s ]
INFO: [ app_init ] --END-- [ RunTime:0.000305s ]
ERR: 无法加载模块:Public

[ 2018-05-16T10:59:02+08:00 ] ::1 /xzy/project/Public/Home/js/theme/default/laydate.css
INFO: [ app_init ] --START--
INFO: Run Behavior\BuildLiteBehavior [ RunTime:0.000014s ]
INFO: [ app_init ] --END-- [ RunTime:0.000316s ]
ERR: 无法加载模块:Public

[ 2018-05-16T10:59:05+08:00 ] ::1 /xzy/project/Public/Home/js/theme/default/laydate.css
INFO: [ app_init ] --START--
INFO: Run Behavior\BuildLiteBehavior [ RunTime:0.000022s ]
INFO: [ app_init ] --END-- [ RunTime:0.000615s ]
ERR: 无法加载模块:Public

[ 2018-05-16T10:59:18+08:00 ] ::1 /xzy/project/Public/Home/js/theme/default/laydate.css
INFO: [ app_init ] --START--
INFO: Run Behavior\BuildLiteBehavior [ RunTime:0.000016s ]
INFO: [ app_init ] --END-- [ RunTime:0.000338s ]
ERR: 无法加载模块:Public

[ 2018-05-16T10:59:21+08:00 ] ::1 /xzy/project/Public/Home/js/theme/default/laydate.css
INFO: [ app_init ] --START--
INFO: Run Behavior\BuildLiteBehavior [ RunTime:0.000021s ]
INFO: [ app_init ] --END-- [ RunTime:0.000349s ]
ERR: 无法加载模块:Public

[ 2018-05-16T10:59:44+08:00 ] ::1 /xzy/project/Public/Home/js/theme/default/laydate.css
INFO: [ app_init ] --START--
INFO: Run Behavior\BuildLiteBehavior [ RunTime:0.000017s ]
INFO: [ app_init ] --END-- [ RunTime:0.000423s ]
ERR: 无法加载模块:Public

[ 2018-05-16T11:00:03+08:00 ] ::1 /xzy/project/Public/Home/js/theme/default/laydate.css
INFO: [ app_init ] --START--
INFO: Run Behavior\BuildLiteBehavior [ RunTime:0.000015s ]
INFO: [ app_init ] --END-- [ RunTime:0.000402s ]
ERR: 无法加载模块:Public

[ 2018-05-16T11:00:07+08:00 ] ::1 /xzy/project/Public/Home/js/theme/default/laydate.css
INFO: [ app_init ] --START--
INFO: Run Behavior\BuildLiteBehavior [ RunTime:0.000012s ]
INFO: [ app_init ] --END-- [ RunTime:0.000291s ]
ERR: 无法加载模块:Public

[ 2018-05-16T11:04:27+08:00 ] ::1 /xzy/project/Public/Home/js/theme/default/laydate.css
INFO: [ app_init ] --START--
INFO: Run Behavior\BuildLiteBehavior [ RunTime:0.000012s ]
INFO: [ app_init ] --END-- [ RunTime:0.000292s ]
ERR: 无法加载模块:Public

[ 2018-05-16T11:05:05+08:00 ] ::1 /xzy/project/Public/Home/js/theme/default/laydate.css
INFO: [ app_init ] --START--
INFO: Run Behavior\BuildLiteBehavior [ RunTime:0.000011s ]
INFO: [ app_init ] --END-- [ RunTime:0.000276s ]
ERR: 无法加载模块:Public

[ 2018-05-16T11:05:16+08:00 ] ::1 /xzy/project/Public/Home/js/theme/default/laydate.css
INFO: [ app_init ] --START--
INFO: Run Behavior\BuildLiteBehavior [ RunTime:0.000015s ]
INFO: [ app_init ] --END-- [ RunTime:0.000482s ]
ERR: 无法加载模块:Public

[ 2018-05-16T11:05:28+08:00 ] ::1 /xzy/project/Public/Home/js/theme/default/laydate.css
INFO: [ app_init ] --START--
INFO: Run Behavior\BuildLiteBehavior [ RunTime:0.000020s ]
INFO: [ app_init ] --END-- [ RunTime:0.000373s ]
ERR: 无法加载模块:Public

[ 2018-05-16T11:05:32+08:00 ] ::1 /xzy/project/Public/Home/js/theme/default/laydate.css
INFO: [ app_init ] --START--
INFO: Run Behavior\BuildLiteBehavior [ RunTime:0.000015s ]
INFO: [ app_init ] --END-- [ RunTime:0.000389s ]
ERR: 无法加载模块:Public

[ 2018-05-16T11:05:51+08:00 ] ::1 /xzy/project/Public/Home/js/theme/default/laydate.css
INFO: [ app_init ] --START--
INFO: Run Behavior\BuildLiteBehavior [ RunTime:0.000017s ]
INFO: [ app_init ] --END-- [ RunTime:0.000431s ]
ERR: 无法加载模块:Public

[ 2018-05-16T11:05:53+08:00 ] ::1 /xzy/project/Public/Home/js/theme/default/laydate.css
INFO: [ app_init ] --START--
INFO: Run Behavior\BuildLiteBehavior [ RunTime:0.000012s ]
INFO: [ app_init ] --END-- [ RunTime:0.000291s ]
ERR: 无法加载模块:Public

[ 2018-05-16T11:05:58+08:00 ] ::1 /xzy/project/Public/Home/js/theme/default/laydate.css
INFO: [ app_init ] --START--
INFO: Run Behavior\BuildLiteBehavior [ RunTime:0.000026s ]
INFO: [ app_init ] --END-- [ RunTime:0.000614s ]
ERR: 无法加载模块:Public

[ 2018-05-16T11:06:37+08:00 ] ::1 /xzy/project/Public/Home/js/theme/default/laydate.css
INFO: [ app_init ] --START--
INFO: Run Behavior\BuildLiteBehavior [ RunTime:0.000017s ]
INFO: [ app_init ] --END-- [ RunTime:0.000577s ]
ERR: 无法加载模块:Public

[ 2018-05-16T11:07:48+08:00 ] ::1 /xzy/project/Public/Home/js/theme/default/laydate.css
INFO: [ app_init ] --START--
INFO: Run Behavior\BuildLiteBehavior [ RunTime:0.000015s ]
INFO: [ app_init ] --END-- [ RunTime:0.000414s ]
ERR: 无法加载模块:Public

[ 2018-05-16T11:16:41+08:00 ] ::1 /xzy/project/Public/Home/js/theme/default/laydate.css
INFO: [ app_init ] --START--
INFO: Run Behavior\BuildLiteBehavior [ RunTime:0.000017s ]
INFO: [ app_init ] --END-- [ RunTime:0.000703s ]
ERR: 无法加载模块:Public

[ 2018-05-16T11:17:06+08:00 ] ::1 /xzy/project/Public/Home/js/theme/default/laydate.css
INFO: [ app_init ] --START--
INFO: Run Behavior\BuildLiteBehavior [ RunTime:0.000023s ]
INFO: [ app_init ] --END-- [ RunTime:0.000799s ]
ERR: 无法加载模块:Public

[ 2018-05-16T11:17:10+08:00 ] ::1 /xzy/project/Public/Home/js/theme/default/laydate.css
INFO: [ app_init ] --START--
INFO: Run Behavior\BuildLiteBehavior [ RunTime:0.000012s ]
INFO: [ app_init ] --END-- [ RunTime:0.000304s ]
ERR: 无法加载模块:Public

[ 2018-05-16T11:17:14+08:00 ] ::1 /xzy/project/Public/Home/js/theme/default/laydate.css
INFO: [ app_init ] --START--
INFO: Run Behavior\BuildLiteBehavior [ RunTime:0.000013s ]
INFO: [ app_init ] --END-- [ RunTime:0.000299s ]
ERR: 无法加载模块:Public

[ 2018-05-16T11:17:18+08:00 ] ::1 /xzy/project/Public/Home/js/theme/default/laydate.css
INFO: [ app_init ] --START--
INFO: Run Behavior\BuildLiteBehavior [ RunTime:0.000013s ]
INFO: [ app_init ] --END-- [ RunTime:0.000302s ]
ERR: 无法加载模块:Public

[ 2018-05-16T11:17:25+08:00 ] ::1 /xzy/project/Public/Home/js/theme/default/laydate.css
INFO: [ app_init ] --START--
INFO: Run Behavior\BuildLiteBehavior [ RunTime:0.000018s ]
INFO: [ app_init ] --END-- [ RunTime:0.000411s ]
ERR: 无法加载模块:Public

[ 2018-05-16T11:17:32+08:00 ] ::1 /xzy/project/Public/Home/js/theme/default/laydate.css
INFO: [ app_init ] --START--
INFO: Run Behavior\BuildLiteBehavior [ RunTime:0.000013s ]
INFO: [ app_init ] --END-- [ RunTime:0.000301s ]
ERR: 无法加载模块:Public

[ 2018-05-16T11:17:38+08:00 ] ::1 /xzy/project/Public/Home/js/theme/default/laydate.css
INFO: [ app_init ] --START--
INFO: Run Behavior\BuildLiteBehavior [ RunTime:0.000022s ]
INFO: [ app_init ] --END-- [ RunTime:0.000547s ]
ERR: 无法加载模块:Public

[ 2018-05-16T11:17:58+08:00 ] ::1 /xzy/project/Public/Home/js/theme/default/laydate.css
INFO: [ app_init ] --START--
INFO: Run Behavior\BuildLiteBehavior [ RunTime:0.000022s ]
INFO: [ app_init ] --END-- [ RunTime:0.000483s ]
ERR: 无法加载模块:Public

[ 2018-05-16T11:18:07+08:00 ] ::1 /xzy/project/Public/Home/js/theme/default/laydate.css
INFO: [ app_init ] --START--
INFO: Run Behavior\BuildLiteBehavior [ RunTime:0.000024s ]
INFO: [ app_init ] --END-- [ RunTime:0.000605s ]
ERR: 无法加载模块:Public

[ 2018-05-16T11:18:33+08:00 ] ::1 /xzy/project/Public/Home/js/theme/default/laydate.css
INFO: [ app_init ] --START--
INFO: Run Behavior\BuildLiteBehavior [ RunTime:0.000019s ]
INFO: [ app_init ] --END-- [ RunTime:0.000497s ]
ERR: 无法加载模块:Public

[ 2018-05-16T11:18:38+08:00 ] ::1 /xzy/project/Public/Home/js/theme/default/laydate.css
INFO: [ app_init ] --START--
INFO: Run Behavior\BuildLiteBehavior [ RunTime:0.000020s ]
INFO: [ app_init ] --END-- [ RunTime:0.000551s ]
ERR: 无法加载模块:Public

[ 2018-05-16T11:18:44+08:00 ] ::1 /xzy/project/Public/Home/js/theme/default/laydate.css
INFO: [ app_init ] --START--
INFO: Run Behavior\BuildLiteBehavior [ RunTime:0.000013s ]
INFO: [ app_init ] --END-- [ RunTime:0.000298s ]
ERR: 无法加载模块:Public

[ 2018-05-16T11:18:48+08:00 ] ::1 /xzy/project/Public/Home/js/theme/default/laydate.css
INFO: [ app_init ] --START--
INFO: Run Behavior\BuildLiteBehavior [ RunTime:0.000013s ]
INFO: [ app_init ] --END-- [ RunTime:0.000329s ]
ERR: 无法加载模块:Public

[ 2018-05-16T11:20:34+08:00 ] ::1 /xzy/project/Public/Home/js/theme/default/laydate.css
INFO: [ app_init ] --START--
INFO: Run Behavior\BuildLiteBehavior [ RunTime:0.000016s ]
INFO: [ app_init ] --END-- [ RunTime:0.000423s ]
ERR: 无法加载模块:Public

[ 2018-05-16T11:21:13+08:00 ] ::1 /xzy/project/Public/Home/js/theme/default/laydate.css
ERR: 无法加载模块:Public

[ 2018-05-16T11:21:41+08:00 ] ::1 /xzy/project/Public/Home/js/theme/default/laydate.css
ERR: 无法加载模块:Public

[ 2018-05-16T11:24:25+08:00 ] ::1 /xzy/project/Public/Home/js/theme/default/laydate.css
ERR: 无法加载模块:Public

[ 2018-05-16T11:24:44+08:00 ] ::1 /xzy/project/Public/Home/js/theme/default/laydate.css
ERR: 无法加载模块:Public

[ 2018-05-16T11:25:51+08:00 ] ::1 /xzy/project/Public/Home/js/theme/default/laydate.css
ERR: 无法加载模块:Public

[ 2018-05-16T11:27:12+08:00 ] ::1 /xzy/project/Public/Home/js/theme/default/laydate.css
ERR: 无法加载模块:Public

[ 2018-05-16T11:29:09+08:00 ] ::1 /xzy/project/Public/Home/js/theme/default/laydate.css
ERR: 无法加载模块:Public

[ 2018-05-16T11:30:31+08:00 ] ::1 /xzy/project/Public/Home/js/theme/default/laydate.css
ERR: 无法加载模块:Public

[ 2018-05-16T11:32:24+08:00 ] ::1 /xzy/project/Public/Home/js/theme/default/laydate.css
ERR: 无法加载模块:Public

[ 2018-05-16T11:32:39+08:00 ] ::1 /xzy/project/Public/Home/js/theme/default/laydate.css
ERR: 无法加载模块:Public

[ 2018-05-16T11:33:47+08:00 ] ::1 /xzy/project/Public/Home/js/theme/default/laydate.css
ERR: 无法加载模块:Public

[ 2018-05-16T11:39:29+08:00 ] ::1 /xzy/project/Public/Home/js/theme/default/laydate.css
ERR: 无法加载模块:Public

[ 2018-05-16T11:40:43+08:00 ] ::1 /xzy/project/Public/Home/js/theme/default/laydate.css
ERR: 无法加载模块:Public

[ 2018-05-16T11:40:45+08:00 ] ::1 /xzy/project/Public/Home/js/theme/default/laydate.css
ERR: 无法加载模块:Public

[ 2018-05-16T11:40:50+08:00 ] ::1 /xzy/project/Public/Home/js/theme/default/laydate.css
ERR: 无法加载模块:Public

[ 2018-05-16T11:41:32+08:00 ] ::1 /xzy/project/Public/Home/js/theme/default/laydate.css
ERR: 无法加载模块:Public

[ 2018-05-16T11:41:34+08:00 ] ::1 /xzy/project/Public/Home/js/theme/default/laydate.css
ERR: 无法加载模块:Public

[ 2018-05-16T11:41:44+08:00 ] ::1 /xzy/project/Public/Home/js/theme/default/laydate.css
ERR: 无法加载模块:Public

[ 2018-05-16T11:41:46+08:00 ] ::1 /xzy/project/Public/Home/js/theme/default/laydate.css
ERR: 无法加载模块:Public

[ 2018-05-16T11:41:59+08:00 ] ::1 /xzy/project/Public/Home/js/theme/default/laydate.css
ERR: 无法加载模块:Public

[ 2018-05-16T11:42:02+08:00 ] ::1 /xzy/project/Public/Home/js/theme/default/laydate.css
ERR: 无法加载模块:Public

[ 2018-05-16T11:47:49+08:00 ] ::1 /xzy/project/Public/Home/js/theme/default/laydate.css
ERR: 无法加载模块:Public

[ 2018-05-16T11:50:35+08:00 ] ::1 /xzy/project/Public/Home/js/theme/default/laydate.css
ERR: 无法加载模块:Public

[ 2018-05-16T11:53:26+08:00 ] ::1 /xzy/project/Public/Home/js/theme/default/laydate.css
ERR: 无法加载模块:Public

[ 2018-05-16T11:54:25+08:00 ] ::1 /xzy/project/Public/Home/js/theme/default/laydate.css
ERR: 无法加载模块:Public

[ 2018-05-16T11:55:10+08:00 ] ::1 /xzy/project/Public/Home/js/theme/default/laydate.css
ERR: 无法加载模块:Public

[ 2018-05-16T11:55:12+08:00 ] ::1 /xzy/project/Public/Home/js/theme/default/laydate.css
ERR: 无法加载模块:Public

[ 2018-05-16T11:55:21+08:00 ] ::1 /xzy/project/Public/Home/js/theme/default/laydate.css
ERR: 无法加载模块:Public

[ 2018-05-16T11:59:53+08:00 ] ::1 /xzy/project/Public/Home/js/theme/default/laydate.css
ERR: 无法加载模块:Public

[ 2018-05-16T12:04:25+08:00 ] ::1 /xzy/project/Public/Home/js/theme/default/laydate.css
ERR: 无法加载模块:Public

[ 2018-05-16T12:04:32+08:00 ] ::1 /xzy/project/Public/Home/js/theme/default/laydate.css
ERR: 无法加载模块:Public

[ 2018-05-16T12:04:37+08:00 ] ::1 /xzy/project/Public/Home/js/theme/default/laydate.css
ERR: 无法加载模块:Public

[ 2018-05-16T12:06:04+08:00 ] ::1 /xzy/project/Public/Home/js/theme/default/laydate.css
ERR: 无法加载模块:Public

[ 2018-05-16T12:06:09+08:00 ] ::1 /xzy/project/Public/Home/js/theme/default/laydate.css
ERR: 无法加载模块:Public

[ 2018-05-16T12:06:12+08:00 ] ::1 /xzy/project/Public/Home/js/theme/default/laydate.css
ERR: 无法加载模块:Public

[ 2018-05-16T12:06:24+08:00 ] ::1 /xzy/project/Public/Home/js/theme/default/laydate.css
ERR: 无法加载模块:Public

[ 2018-05-16T12:07:12+08:00 ] ::1 /xzy/project/Public/Home/js/theme/default/laydate.css
ERR: 无法加载模块:Public

[ 2018-05-16T12:08:12+08:00 ] ::1 /xzy/project/Public/Home/js/theme/default/laydate.css
ERR: 无法加载模块:Public

[ 2018-05-16T12:54:15+08:00 ] ::1 /xzy/project/Public/Home/js/theme/default/laydate.css
ERR: 无法加载模块:Public

[ 2018-05-16T16:17:24+08:00 ] ::1 /xzy/project/Public/Home/js/theme/default/laydate.css
ERR: 无法加载模块:Public

[ 2018-05-16T16:19:19+08:00 ] ::1 /xzy/project/Public/Home/js/theme/default/laydate.css
ERR: 无法加载模块:Public

[ 2018-05-16T16:21:08+08:00 ] ::1 /xzy/project/Public/Home/js/theme/default/laydate.css
ERR: 无法加载模块:Public

[ 2018-05-16T16:23:15+08:00 ] ::1 /xzy/project/Public/Home/js/theme/default/laydate.css
ERR: 无法加载模块:Public

[ 2018-05-16T16:23:25+08:00 ] ::1 /xzy/project/Public/Home/js/theme/default/laydate.css
ERR: 无法加载模块:Public

[ 2018-05-16T16:23:35+08:00 ] ::1 /xzy/project/Public/Home/js/theme/default/laydate.css
ERR: 无法加载模块:Public

[ 2018-05-16T16:24:28+08:00 ] ::1 /xzy/project/Public/Home/js/theme/default/laydate.css
ERR: 无法加载模块:Public

[ 2018-05-16T16:25:48+08:00 ] ::1 /xzy/project/Public/Home/js/theme/default/laydate.css
ERR: 无法加载模块:Public

[ 2018-05-16T16:26:01+08:00 ] ::1 /xzy/project/Public/Home/js/theme/default/laydate.css
ERR: 无法加载模块:Public

[ 2018-05-16T16:26:03+08:00 ] ::1 /xzy/project/Public/Home/js/theme/default/laydate.css
ERR: 无法加载模块:Public

[ 2018-05-16T16:26:06+08:00 ] ::1 /xzy/project/Public/Home/js/theme/default/laydate.css
ERR: 无法加载模块:Public

[ 2018-05-16T16:26:12+08:00 ] ::1 /xzy/project/Public/Home/js/theme/default/laydate.css
ERR: 无法加载模块:Public

[ 2018-05-16T16:26:15+08:00 ] ::1 /xzy/project/Public/Home/js/theme/default/laydate.css
ERR: 无法加载模块:Public

[ 2018-05-16T16:26:22+08:00 ] ::1 /xzy/project/Public/Home/js/theme/default/laydate.css
ERR: 无法加载模块:Public

