[ 2018-05-17T09:51:29+08:00 ] ::1 /xzy/project/index.php/Admin/Index/index.html
INFO: [ app_begin ] --START--
INFO: Run Behavior\ReadHtmlCacheBehavior [ RunTime:0.000603s ]
INFO: [ app_begin ] --END-- [ RunTime:0.001015s ]
NOTIC: [2] Declaration of Admin\Model\AdminMenuModel::getTreeData($type = 'tree', $order = '') should be compatible with Admin\Model\BaseModel::getTreeData($type = 'tree', $order = '', $name = 'name', $child = 'id', $parent = 'pid') /Applications/MAMP/htdocs/xzy/project/Application/Admin/Model/AdminMenuModel.class.php 第 7 行.
SQL: SHOW COLUMNS FROM `pub_admin_menu` [ RunTime:0.0412s ]
SQL: SELECT * FROM `pub_admin_menu` ORDER BY order_number is null,order_number,id  [ RunTime:0.0404s ]
SQL: SHOW COLUMNS FROM `pub_auth_group_access` [ RunTime:0.0402s ]
SQL: SELECT `uid`,`group_id`,`title`,`rules` FROM pub_auth_group_access a INNER JOIN pub_auth_group g on a.group_id=g.id  WHERE ( a.uid='1' and g.status='1' )  [ RunTime:0.0400s ]
SQL: SHOW COLUMNS FROM `pub_auth_rule` [ RunTime:0.0405s ]
SQL: SELECT `condition`,`name` FROM `pub_auth_rule` WHERE `id` IN ('1','2','54','3','4','55','56','57','58','59','60','61','62','63','64','66','67','68','69','70','71','72','73') AND `type` = 1 AND `status` = 1  [ RunTime:0.0407s ]
SQL: SHOW COLUMNS FROM `pub_flow` [ RunTime:0.0405s ]
NOTIC: [8] Undefined index: leavel /Applications/MAMP/htdocs/xzy/project/Application/Admin/Model/FlowModel.class.php 第 33 行.
ERR: 1054:Unknown column 'status' in 'where clause'
 [ SQL语句 ] : SELECT * FROM `pub_flow` WHERE ( `addtime` > 1525104000 AND `addtime` < 1527782400  ) AND ( `status` = '1' ) 
ERR: 1054:Unknown column 'status' in 'where clause'
 [ SQL语句 ] : SELECT * FROM `pub_flow` WHERE ( `addtime` > 1525104000 AND `addtime` < 1527782400  ) AND ( `status` = '1' ) 

[ 2018-05-17T09:51:30+08:00 ] ::1 /xzy/project/index.php/Admin/Index/index.html
INFO: [ app_begin ] --START--
INFO: Run Behavior\ReadHtmlCacheBehavior [ RunTime:0.000387s ]
INFO: [ app_begin ] --END-- [ RunTime:0.000678s ]
NOTIC: [2] Declaration of Admin\Model\AdminMenuModel::getTreeData($type = 'tree', $order = '') should be compatible with Admin\Model\BaseModel::getTreeData($type = 'tree', $order = '', $name = 'name', $child = 'id', $parent = 'pid') /Applications/MAMP/htdocs/xzy/project/Application/Admin/Model/AdminMenuModel.class.php 第 7 行.
SQL: SHOW COLUMNS FROM `pub_admin_menu` [ RunTime:0.0421s ]
SQL: SELECT * FROM `pub_admin_menu` ORDER BY order_number is null,order_number,id  [ RunTime:0.0410s ]
SQL: SHOW COLUMNS FROM `pub_auth_group_access` [ RunTime:0.0405s ]
SQL: SELECT `uid`,`group_id`,`title`,`rules` FROM pub_auth_group_access a INNER JOIN pub_auth_group g on a.group_id=g.id  WHERE ( a.uid='1' and g.status='1' )  [ RunTime:0.0429s ]
SQL: SHOW COLUMNS FROM `pub_auth_rule` [ RunTime:0.0405s ]
SQL: SELECT `condition`,`name` FROM `pub_auth_rule` WHERE `id` IN ('1','2','54','3','4','55','56','57','58','59','60','61','62','63','64','66','67','68','69','70','71','72','73') AND `type` = 1 AND `status` = 1  [ RunTime:0.0409s ]
SQL: SHOW COLUMNS FROM `pub_flow` [ RunTime:0.0401s ]
NOTIC: [8] Undefined index: leavel /Applications/MAMP/htdocs/xzy/project/Application/Admin/Model/FlowModel.class.php 第 33 行.
ERR: 1054:Unknown column 'status' in 'where clause'
 [ SQL语句 ] : SELECT * FROM `pub_flow` WHERE ( `addtime` > 1525104000 AND `addtime` < 1527782400  ) AND ( `status` = '1' ) 
ERR: 1054:Unknown column 'status' in 'where clause'
 [ SQL语句 ] : SELECT * FROM `pub_flow` WHERE ( `addtime` > 1525104000 AND `addtime` < 1527782400  ) AND ( `status` = '1' ) 

[ 2018-05-17T09:51:46+08:00 ] ::1 /xzy/project/index.php/Admin/Index/index.html
INFO: [ app_begin ] --START--
INFO: Run Behavior\ReadHtmlCacheBehavior [ RunTime:0.000906s ]
INFO: [ app_begin ] --END-- [ RunTime:0.001297s ]
NOTIC: [2] Declaration of Admin\Model\AdminMenuModel::getTreeData($type = 'tree', $order = '') should be compatible with Admin\Model\BaseModel::getTreeData($type = 'tree', $order = '', $name = 'name', $child = 'id', $parent = 'pid') /Applications/MAMP/htdocs/xzy/project/Application/Admin/Model/AdminMenuModel.class.php 第 7 行.
SQL: SHOW COLUMNS FROM `pub_admin_menu` [ RunTime:0.0423s ]
SQL: SELECT * FROM `pub_admin_menu` ORDER BY order_number is null,order_number,id  [ RunTime:0.0418s ]
SQL: SHOW COLUMNS FROM `pub_auth_group_access` [ RunTime:0.0407s ]
SQL: SELECT `uid`,`group_id`,`title`,`rules` FROM pub_auth_group_access a INNER JOIN pub_auth_group g on a.group_id=g.id  WHERE ( a.uid='1' and g.status='1' )  [ RunTime:0.0398s ]
SQL: SHOW COLUMNS FROM `pub_auth_rule` [ RunTime:0.0403s ]
SQL: SELECT `condition`,`name` FROM `pub_auth_rule` WHERE `id` IN ('1','2','54','3','4','55','56','57','58','59','60','61','62','63','64','66','67','68','69','70','71','72','73') AND `type` = 1 AND `status` = 1  [ RunTime:0.0428s ]
SQL: SHOW COLUMNS FROM `pub_flow` [ RunTime:0.0399s ]
NOTIC: [8] Undefined index: leavel /Applications/MAMP/htdocs/xzy/project/Application/Admin/Model/FlowModel.class.php 第 33 行.
ERR: 1054:Unknown column 'status' in 'where clause'
 [ SQL语句 ] : SELECT * FROM `pub_flow` WHERE ( `addtime` > 1525104000 AND `addtime` < 1527782400  ) AND ( `status` = '1' ) 
ERR: 1054:Unknown column 'status' in 'where clause'
 [ SQL语句 ] : SELECT * FROM `pub_flow` WHERE ( `addtime` > 1525104000 AND `addtime` < 1527782400  ) AND ( `status` = '1' ) 

[ 2018-05-17T09:51:47+08:00 ] ::1 /xzy/project/index.php/Admin/Index/index.html
INFO: [ app_begin ] --START--
INFO: Run Behavior\ReadHtmlCacheBehavior [ RunTime:0.000578s ]
INFO: [ app_begin ] --END-- [ RunTime:0.001258s ]
NOTIC: [2] Declaration of Admin\Model\AdminMenuModel::getTreeData($type = 'tree', $order = '') should be compatible with Admin\Model\BaseModel::getTreeData($type = 'tree', $order = '', $name = 'name', $child = 'id', $parent = 'pid') /Applications/MAMP/htdocs/xzy/project/Application/Admin/Model/AdminMenuModel.class.php 第 7 行.
SQL: SHOW COLUMNS FROM `pub_admin_menu` [ RunTime:0.0456s ]
SQL: SELECT * FROM `pub_admin_menu` ORDER BY order_number is null,order_number,id  [ RunTime:0.0436s ]
SQL: SHOW COLUMNS FROM `pub_auth_group_access` [ RunTime:0.0434s ]
SQL: SELECT `uid`,`group_id`,`title`,`rules` FROM pub_auth_group_access a INNER JOIN pub_auth_group g on a.group_id=g.id  WHERE ( a.uid='1' and g.status='1' )  [ RunTime:0.0430s ]
SQL: SHOW COLUMNS FROM `pub_auth_rule` [ RunTime:0.0432s ]
SQL: SELECT `condition`,`name` FROM `pub_auth_rule` WHERE `id` IN ('1','2','54','3','4','55','56','57','58','59','60','61','62','63','64','66','67','68','69','70','71','72','73') AND `type` = 1 AND `status` = 1  [ RunTime:0.0431s ]
SQL: SHOW COLUMNS FROM `pub_flow` [ RunTime:0.0432s ]
NOTIC: [8] Undefined index: leavel /Applications/MAMP/htdocs/xzy/project/Application/Admin/Model/FlowModel.class.php 第 33 行.
ERR: 1054:Unknown column 'status' in 'where clause'
 [ SQL语句 ] : SELECT * FROM `pub_flow` WHERE ( `addtime` > 1525104000 AND `addtime` < 1527782400  ) AND ( `status` = '1' ) 
ERR: 1054:Unknown column 'status' in 'where clause'
 [ SQL语句 ] : SELECT * FROM `pub_flow` WHERE ( `addtime` > 1525104000 AND `addtime` < 1527782400  ) AND ( `status` = '1' ) 

