[ 2018-05-09T13:37:38+08:00 ] ::1 /xzy/project/admin
INFO: [ app_init ] --START--
INFO: Run Behavior\BuildLiteBehavior [ RunTime:0.000022s ]
INFO: [ app_init ] --END-- [ RunTime:0.000917s ]
INFO: [ app_begin ] --START--
INFO: Run Behavior\ReadHtmlCacheBehavior [ RunTime:0.000614s ]
INFO: [ app_begin ] --END-- [ RunTime:0.000658s ]

[ 2018-05-09T13:37:38+08:00 ] ::1 /xzy/project/index.php/Admin/Login/login.html
INFO: [ app_init ] --START--
INFO: Run Behavior\BuildLiteBehavior [ RunTime:0.000012s ]
INFO: [ app_init ] --END-- [ RunTime:0.000304s ]
INFO: [ app_begin ] --START--
INFO: Run Behavior\ReadHtmlCacheBehavior [ RunTime:0.000427s ]
INFO: [ app_begin ] --END-- [ RunTime:0.000463s ]
INFO: [ view_parse ] --START--
INFO: [ template_filter ] --START--
INFO: Run Behavior\ContentReplaceBehavior [ RunTime:0.000136s ]
INFO: [ template_filter ] --END-- [ RunTime:0.000184s ]
INFO: Run Behavior\ParseTemplateBehavior [ RunTime:0.012080s ]
INFO: [ view_parse ] --END-- [ RunTime:0.012119s ]
INFO: [ view_filter ] --START--
INFO: Run Behavior\WriteHtmlCacheBehavior [ RunTime:0.000373s ]
INFO: [ view_filter ] --END-- [ RunTime:0.000410s ]
INFO: [ app_end ] --START--
INFO: Run Behavior\ShowPageTraceBehavior [ RunTime:0.000744s ]
INFO: [ app_end ] --END-- [ RunTime:0.000789s ]

[ 2018-05-09T13:37:38+08:00 ] ::1 /xzy/project/index.php/Admin/Login/yzm
INFO: [ app_init ] --START--
INFO: Run Behavior\BuildLiteBehavior [ RunTime:0.000022s ]
INFO: [ app_init ] --END-- [ RunTime:0.000527s ]
INFO: [ app_begin ] --START--
INFO: Run Behavior\ReadHtmlCacheBehavior [ RunTime:0.000485s ]
INFO: [ app_begin ] --END-- [ RunTime:0.000531s ]
INFO: [ app_end ] --START--
INFO: Run Behavior\ShowPageTraceBehavior [ RunTime:0.001043s ]
INFO: [ app_end ] --END-- [ RunTime:0.001142s ]

[ 2018-05-09T13:37:46+08:00 ] ::1 /xzy/project/index.php/Admin/Login/login.html
INFO: [ app_init ] --START--
INFO: Run Behavior\BuildLiteBehavior [ RunTime:0.000022s ]
INFO: [ app_init ] --END-- [ RunTime:0.000415s ]
INFO: [ app_begin ] --START--
INFO: Run Behavior\ReadHtmlCacheBehavior [ RunTime:0.000647s ]
INFO: [ app_begin ] --END-- [ RunTime:0.000700s ]
SQL: SHOW COLUMNS FROM `pub_adminuser` [ RunTime:0.0101s ]
SQL: SELECT * FROM `pub_adminuser` WHERE ( name='admin' ) LIMIT 1   [ RunTime:0.0019s ]

[ 2018-05-09T13:37:46+08:00 ] ::1 /xzy/project/index.php/Admin/Index/index.html
INFO: [ app_init ] --START--
INFO: Run Behavior\BuildLiteBehavior [ RunTime:0.000012s ]
INFO: [ app_init ] --END-- [ RunTime:0.000274s ]
INFO: [ app_begin ] --START--
INFO: Run Behavior\ReadHtmlCacheBehavior [ RunTime:0.000360s ]
INFO: [ app_begin ] --END-- [ RunTime:0.000390s ]
NOTIC: [2] Declaration of Admin\Model\AdminMenuModel::getTreeData($type = 'tree', $order = '') should be compatible with Admin\Model\BaseModel::getTreeData($type = 'tree', $order = '', $name = 'name', $child = 'id', $parent = 'pid') /Applications/MAMP/htdocs/xzy/project/Application/Admin/Model/AdminMenuModel.class.php 第 7 行.
SQL: SHOW COLUMNS FROM `pub_admin_menu` [ RunTime:0.0010s ]
SQL: SELECT * FROM `pub_admin_menu` ORDER BY order_number is null,order_number,id  [ RunTime:0.0021s ]
SQL: SHOW COLUMNS FROM `pub_auth_group_access` [ RunTime:0.0007s ]
SQL: SELECT `uid`,`group_id`,`title`,`rules` FROM pub_auth_group_access a INNER JOIN pub_auth_group g on a.group_id=g.id  WHERE ( a.uid='1' and g.status='1' )  [ RunTime:0.0033s ]
SQL: SHOW COLUMNS FROM `pub_auth_rule` [ RunTime:0.0008s ]
SQL: SELECT `condition`,`name` FROM `pub_auth_rule` WHERE `id` IN ('1','2','54','3','4','55','56','57','58','59','60') AND `type` = 1 AND `status` = 1  [ RunTime:0.0019s ]
INFO: [ view_parse ] --START--
INFO: [ template_filter ] --START--
INFO: Run Behavior\ContentReplaceBehavior [ RunTime:0.000140s ]
INFO: [ template_filter ] --END-- [ RunTime:0.000181s ]
INFO: Run Behavior\ParseTemplateBehavior [ RunTime:0.011378s ]
INFO: [ view_parse ] --END-- [ RunTime:0.011418s ]
INFO: [ view_filter ] --START--
INFO: Run Behavior\WriteHtmlCacheBehavior [ RunTime:0.000143s ]
INFO: [ view_filter ] --END-- [ RunTime:0.000168s ]
INFO: [ app_end ] --START--
INFO: Run Behavior\ShowPageTraceBehavior [ RunTime:0.000514s ]
INFO: [ app_end ] --END-- [ RunTime:0.000553s ]

[ 2018-05-09T13:37:46+08:00 ] ::1 /xzy/project/index.php/Admin/Index/index.html
INFO: [ app_init ] --START--
INFO: Run Behavior\BuildLiteBehavior [ RunTime:0.000021s ]
INFO: [ app_init ] --END-- [ RunTime:0.000619s ]
INFO: [ app_begin ] --START--
INFO: Run Behavior\ReadHtmlCacheBehavior [ RunTime:0.000610s ]
INFO: [ app_begin ] --END-- [ RunTime:0.000686s ]
NOTIC: [2] Declaration of Admin\Model\AdminMenuModel::getTreeData($type = 'tree', $order = '') should be compatible with Admin\Model\BaseModel::getTreeData($type = 'tree', $order = '', $name = 'name', $child = 'id', $parent = 'pid') /Applications/MAMP/htdocs/xzy/project/Application/Admin/Model/AdminMenuModel.class.php 第 7 行.
SQL: SHOW COLUMNS FROM `pub_admin_menu` [ RunTime:0.0007s ]
SQL: SELECT * FROM `pub_admin_menu` ORDER BY order_number is null,order_number,id  [ RunTime:0.0004s ]
SQL: SHOW COLUMNS FROM `pub_auth_group_access` [ RunTime:0.0010s ]
SQL: SELECT `uid`,`group_id`,`title`,`rules` FROM pub_auth_group_access a INNER JOIN pub_auth_group g on a.group_id=g.id  WHERE ( a.uid='1' and g.status='1' )  [ RunTime:0.0005s ]
SQL: SHOW COLUMNS FROM `pub_auth_rule` [ RunTime:0.0007s ]
SQL: SELECT `condition`,`name` FROM `pub_auth_rule` WHERE `id` IN ('1','2','54','3','4','55','56','57','58','59','60') AND `type` = 1 AND `status` = 1  [ RunTime:0.0004s ]
SQL: SHOW COLUMNS FROM `pub_flow` [ RunTime:0.0009s ]
NOTIC: [8] Undefined index: leavel /Applications/MAMP/htdocs/xzy/project/Application/Admin/Model/FlowModel.class.php 第 33 行.
ERR: 1054:Unknown column 'status' in 'where clause'
 [ SQL语句 ] : SELECT * FROM `pub_flow` WHERE ( `addtime` > 1525104000 AND `addtime` < 1527782400  ) AND ( `status` = '1' ) 
ERR: 1054:Unknown column 'status' in 'where clause'
 [ SQL语句 ] : SELECT * FROM `pub_flow` WHERE ( `addtime` > 1525104000 AND `addtime` < 1527782400  ) AND ( `status` = '1' ) 

[ 2018-05-09T13:37:46+08:00 ] ::1 /xzy/project/index.php/Admin/Index/index.html
INFO: [ app_init ] --START--
INFO: Run Behavior\BuildLiteBehavior [ RunTime:0.000021s ]
INFO: [ app_init ] --END-- [ RunTime:0.000387s ]
INFO: [ app_begin ] --START--
INFO: Run Behavior\ReadHtmlCacheBehavior [ RunTime:0.000767s ]
INFO: [ app_begin ] --END-- [ RunTime:0.000837s ]
NOTIC: [2] Declaration of Admin\Model\AdminMenuModel::getTreeData($type = 'tree', $order = '') should be compatible with Admin\Model\BaseModel::getTreeData($type = 'tree', $order = '', $name = 'name', $child = 'id', $parent = 'pid') /Applications/MAMP/htdocs/xzy/project/Application/Admin/Model/AdminMenuModel.class.php 第 7 行.
SQL: SHOW COLUMNS FROM `pub_admin_menu` [ RunTime:0.0009s ]
SQL: SELECT * FROM `pub_admin_menu` ORDER BY order_number is null,order_number,id  [ RunTime:0.0005s ]
SQL: SHOW COLUMNS FROM `pub_auth_group_access` [ RunTime:0.0007s ]
SQL: SELECT `uid`,`group_id`,`title`,`rules` FROM pub_auth_group_access a INNER JOIN pub_auth_group g on a.group_id=g.id  WHERE ( a.uid='1' and g.status='1' )  [ RunTime:0.0004s ]
SQL: SHOW COLUMNS FROM `pub_auth_rule` [ RunTime:0.0005s ]
SQL: SELECT `condition`,`name` FROM `pub_auth_rule` WHERE `id` IN ('1','2','54','3','4','55','56','57','58','59','60') AND `type` = 1 AND `status` = 1  [ RunTime:0.0003s ]
SQL: SHOW COLUMNS FROM `pub_flow` [ RunTime:0.0005s ]
NOTIC: [8] Undefined index: leavel /Applications/MAMP/htdocs/xzy/project/Application/Admin/Model/FlowModel.class.php 第 33 行.
ERR: 1054:Unknown column 'status' in 'where clause'
 [ SQL语句 ] : SELECT * FROM `pub_flow` WHERE ( `addtime` > 1525104000 AND `addtime` < 1527782400  ) AND ( `status` = '1' ) 
ERR: 1054:Unknown column 'status' in 'where clause'
 [ SQL语句 ] : SELECT * FROM `pub_flow` WHERE ( `addtime` > 1525104000 AND `addtime` < 1527782400  ) AND ( `status` = '1' ) 

[ 2018-05-09T13:37:49+08:00 ] ::1 /xzy/project/index.php/Admin/Adminuser/add.html
INFO: [ app_init ] --START--
INFO: Run Behavior\BuildLiteBehavior [ RunTime:0.000013s ]
INFO: [ app_init ] --END-- [ RunTime:0.000400s ]
INFO: [ app_begin ] --START--
INFO: Run Behavior\ReadHtmlCacheBehavior [ RunTime:0.000670s ]
INFO: [ app_begin ] --END-- [ RunTime:0.000724s ]
NOTIC: [2] Declaration of Admin\Model\AdminMenuModel::getTreeData($type = 'tree', $order = '') should be compatible with Admin\Model\BaseModel::getTreeData($type = 'tree', $order = '', $name = 'name', $child = 'id', $parent = 'pid') /Applications/MAMP/htdocs/xzy/project/Application/Admin/Model/AdminMenuModel.class.php 第 7 行.
SQL: SHOW COLUMNS FROM `pub_admin_menu` [ RunTime:0.0012s ]
SQL: SELECT * FROM `pub_admin_menu` ORDER BY order_number is null,order_number,id  [ RunTime:0.0003s ]
SQL: SHOW COLUMNS FROM `pub_auth_group_access` [ RunTime:0.0005s ]
SQL: SELECT `uid`,`group_id`,`title`,`rules` FROM pub_auth_group_access a INNER JOIN pub_auth_group g on a.group_id=g.id  WHERE ( a.uid='1' and g.status='1' )  [ RunTime:0.0004s ]
SQL: SHOW COLUMNS FROM `pub_auth_rule` [ RunTime:0.0005s ]
SQL: SELECT `condition`,`name` FROM `pub_auth_rule` WHERE `id` IN ('1','2','54','3','4','55','56','57','58','59','60') AND `type` = 1 AND `status` = 1  [ RunTime:0.0003s ]
INFO: [ view_parse ] --START--
INFO: [ template_filter ] --START--
INFO: Run Behavior\ContentReplaceBehavior [ RunTime:0.000146s ]
INFO: [ template_filter ] --END-- [ RunTime:0.000188s ]
INFO: Run Behavior\ParseTemplateBehavior [ RunTime:0.012941s ]
INFO: [ view_parse ] --END-- [ RunTime:0.012979s ]
INFO: [ view_filter ] --START--
INFO: Run Behavior\WriteHtmlCacheBehavior [ RunTime:0.000140s ]
INFO: [ view_filter ] --END-- [ RunTime:0.000165s ]
INFO: [ app_end ] --START--
INFO: Run Behavior\ShowPageTraceBehavior [ RunTime:0.000653s ]
INFO: [ app_end ] --END-- [ RunTime:0.000696s ]

[ 2018-05-09T13:37:52+08:00 ] ::1 /xzy/project/index.php/Admin/Adminuser/index.html
INFO: [ app_init ] --START--
INFO: Run Behavior\BuildLiteBehavior [ RunTime:0.000012s ]
INFO: [ app_init ] --END-- [ RunTime:0.000275s ]
INFO: [ app_begin ] --START--
INFO: Run Behavior\ReadHtmlCacheBehavior [ RunTime:0.000366s ]
INFO: [ app_begin ] --END-- [ RunTime:0.000398s ]
NOTIC: [2] Declaration of Admin\Model\AdminMenuModel::getTreeData($type = 'tree', $order = '') should be compatible with Admin\Model\BaseModel::getTreeData($type = 'tree', $order = '', $name = 'name', $child = 'id', $parent = 'pid') /Applications/MAMP/htdocs/xzy/project/Application/Admin/Model/AdminMenuModel.class.php 第 7 行.
SQL: SHOW COLUMNS FROM `pub_admin_menu` [ RunTime:0.0008s ]
SQL: SELECT * FROM `pub_admin_menu` ORDER BY order_number is null,order_number,id  [ RunTime:0.0003s ]
SQL: SHOW COLUMNS FROM `pub_auth_group_access` [ RunTime:0.0005s ]
SQL: SELECT `uid`,`group_id`,`title`,`rules` FROM pub_auth_group_access a INNER JOIN pub_auth_group g on a.group_id=g.id  WHERE ( a.uid='1' and g.status='1' )  [ RunTime:0.0006s ]
SQL: SHOW COLUMNS FROM `pub_auth_rule` [ RunTime:0.0006s ]
SQL: SELECT `condition`,`name` FROM `pub_auth_rule` WHERE `id` IN ('1','2','54','3','4','55','56','57','58','59','60') AND `type` = 1 AND `status` = 1  [ RunTime:0.0004s ]
SQL: SHOW COLUMNS FROM `pub_adminuser` [ RunTime:0.0006s ]
SQL: SELECT COUNT(*) AS tp_count FROM `pub_adminuser` WHERE `name` LIKE '%%' AND ( `addtime` >= 0  ) LIMIT 1   [ RunTime:0.0034s ]
SQL: SHOW COLUMNS FROM `pub_devices` [ RunTime:0.0007s ]
SQL: SELECT * FROM `pub_adminuser` WHERE `name` LIKE '%%' AND ( `addtime` >= 0  ) ORDER BY addtime desc LIMIT 0,8   [ RunTime:0.0007s ]
NOTIC: [8] Undefined index: leavel /Applications/MAMP/htdocs/xzy/project/Application/Admin/Model/AdminuserModel.class.php 第 53 行.
NOTIC: [8] Undefined index:  /Applications/MAMP/htdocs/xzy/project/Application/Admin/Model/AdminuserModel.class.php 第 53 行.
NOTIC: [8] Undefined index: leavel /Applications/MAMP/htdocs/xzy/project/Application/Admin/Model/AdminuserModel.class.php 第 53 行.
NOTIC: [8] Undefined index:  /Applications/MAMP/htdocs/xzy/project/Application/Admin/Model/AdminuserModel.class.php 第 53 行.
INFO: [ view_parse ] --START--
INFO: [ template_filter ] --START--
INFO: Run Behavior\ContentReplaceBehavior [ RunTime:0.000140s ]
INFO: [ template_filter ] --END-- [ RunTime:0.000181s ]
INFO: Run Behavior\ParseTemplateBehavior [ RunTime:0.009793s ]
INFO: [ view_parse ] --END-- [ RunTime:0.009831s ]
INFO: [ view_filter ] --START--
INFO: Run Behavior\WriteHtmlCacheBehavior [ RunTime:0.000150s ]
INFO: [ view_filter ] --END-- [ RunTime:0.000179s ]
INFO: [ app_end ] --START--
INFO: Run Behavior\ShowPageTraceBehavior [ RunTime:0.000605s ]
INFO: [ app_end ] --END-- [ RunTime:0.000660s ]

[ 2018-05-09T13:38:48+08:00 ] ::1 /xzy/project/index.php/Admin/Adminuser/add.html
INFO: [ app_init ] --START--
INFO: Run Behavior\BuildLiteBehavior [ RunTime:0.000049s ]
INFO: [ app_init ] --END-- [ RunTime:0.000746s ]
INFO: [ app_begin ] --START--
INFO: Run Behavior\ReadHtmlCacheBehavior [ RunTime:0.000554s ]
INFO: [ app_begin ] --END-- [ RunTime:0.000665s ]
NOTIC: [2] Declaration of Admin\Model\AdminMenuModel::getTreeData($type = 'tree', $order = '') should be compatible with Admin\Model\BaseModel::getTreeData($type = 'tree', $order = '', $name = 'name', $child = 'id', $parent = 'pid') /Applications/MAMP/htdocs/xzy/project/Application/Admin/Model/AdminMenuModel.class.php 第 7 行.
SQL: SHOW COLUMNS FROM `pub_admin_menu` [ RunTime:0.0008s ]
SQL: SELECT * FROM `pub_admin_menu` ORDER BY order_number is null,order_number,id  [ RunTime:0.0010s ]
SQL: SHOW COLUMNS FROM `pub_auth_group_access` [ RunTime:0.0007s ]
SQL: SELECT `uid`,`group_id`,`title`,`rules` FROM pub_auth_group_access a INNER JOIN pub_auth_group g on a.group_id=g.id  WHERE ( a.uid='1' and g.status='1' )  [ RunTime:0.0005s ]
SQL: SHOW COLUMNS FROM `pub_auth_rule` [ RunTime:0.0007s ]
SQL: SELECT `condition`,`name` FROM `pub_auth_rule` WHERE `id` IN ('1','2','54','3','4','55','56','57','58','59','60') AND `type` = 1 AND `status` = 1  [ RunTime:0.0003s ]
INFO: [ view_parse ] --START--
INFO: [ template_filter ] --START--
INFO: Run Behavior\ContentReplaceBehavior [ RunTime:0.000141s ]
INFO: [ template_filter ] --END-- [ RunTime:0.000179s ]
INFO: Run Behavior\ParseTemplateBehavior [ RunTime:0.012291s ]
INFO: [ view_parse ] --END-- [ RunTime:0.012339s ]
INFO: [ view_filter ] --START--
INFO: Run Behavior\WriteHtmlCacheBehavior [ RunTime:0.000173s ]
INFO: [ view_filter ] --END-- [ RunTime:0.000199s ]
INFO: [ app_end ] --START--
INFO: Run Behavior\ShowPageTraceBehavior [ RunTime:0.000565s ]
INFO: [ app_end ] --END-- [ RunTime:0.000630s ]

[ 2018-05-09T13:38:59+08:00 ] ::1 /xzy/project/index.php/Admin/Adminuser/add
INFO: [ app_init ] --START--
INFO: Run Behavior\BuildLiteBehavior [ RunTime:0.000019s ]
INFO: [ app_init ] --END-- [ RunTime:0.000406s ]
INFO: [ app_begin ] --START--
INFO: Run Behavior\ReadHtmlCacheBehavior [ RunTime:0.000454s ]
INFO: [ app_begin ] --END-- [ RunTime:0.000500s ]
NOTIC: [2] Declaration of Admin\Model\AdminMenuModel::getTreeData($type = 'tree', $order = '') should be compatible with Admin\Model\BaseModel::getTreeData($type = 'tree', $order = '', $name = 'name', $child = 'id', $parent = 'pid') /Applications/MAMP/htdocs/xzy/project/Application/Admin/Model/AdminMenuModel.class.php 第 7 行.
SQL: SHOW COLUMNS FROM `pub_admin_menu` [ RunTime:0.0006s ]
SQL: SELECT * FROM `pub_admin_menu` ORDER BY order_number is null,order_number,id  [ RunTime:0.0003s ]
SQL: SHOW COLUMNS FROM `pub_auth_group_access` [ RunTime:0.0007s ]
SQL: SELECT `uid`,`group_id`,`title`,`rules` FROM pub_auth_group_access a INNER JOIN pub_auth_group g on a.group_id=g.id  WHERE ( a.uid='1' and g.status='1' )  [ RunTime:0.0005s ]
SQL: SHOW COLUMNS FROM `pub_auth_rule` [ RunTime:0.0006s ]
SQL: SELECT `condition`,`name` FROM `pub_auth_rule` WHERE `id` IN ('1','2','54','3','4','55','56','57','58','59','60') AND `type` = 1 AND `status` = 1  [ RunTime:0.0009s ]
SQL: SHOW COLUMNS FROM `pub_adminuser` [ RunTime:0.0007s ]
NOTIC: [8] Undefined index: validate /Applications/MAMP/htdocs/xzy/project/ThinkPHP/Library/Think/Model.class.php 第 1185 行.
SQL: SELECT * FROM `pub_adminuser` WHERE `name` = 'ceshi' LIMIT 1   [ RunTime:0.0003s ]
NOTIC: [8] Undefined index: auto /Applications/MAMP/htdocs/xzy/project/ThinkPHP/Library/Think/Model.class.php 第 1128 行.
SQL: INSERT INTO `pub_adminuser` (`name`,`password`,`appid`,`appsecret`,`shopnum`,`shoppwd`,`company`,`addtime`) VALUES ('ceshi','202cb962ac59075b964b07152d234b70','123','123','123','123','123','1525844339') [ RunTime:0.0052s ]
INFO: [ view_parse ] --START--
INFO: [ template_filter ] --START--
INFO: Run Behavior\ContentReplaceBehavior [ RunTime:0.000052s ]
INFO: [ template_filter ] --END-- [ RunTime:0.000105s ]
INFO: Run Behavior\ParseTemplateBehavior [ RunTime:0.007728s ]
INFO: [ view_parse ] --END-- [ RunTime:0.007765s ]
INFO: [ view_filter ] --START--
INFO: Run Behavior\WriteHtmlCacheBehavior [ RunTime:0.000159s ]
INFO: [ view_filter ] --END-- [ RunTime:0.000185s ]
INFO: [ app_end ] --START--
INFO: Run Behavior\ShowPageTraceBehavior [ RunTime:0.000513s ]
INFO: [ app_end ] --END-- [ RunTime:0.000547s ]

[ 2018-05-09T13:39:00+08:00 ] ::1 /xzy/project/index.php/Admin/adminuser/index.html
INFO: [ app_init ] --START--
INFO: Run Behavior\BuildLiteBehavior [ RunTime:0.000013s ]
INFO: [ app_init ] --END-- [ RunTime:0.000325s ]
INFO: [ app_begin ] --START--
INFO: Run Behavior\ReadHtmlCacheBehavior [ RunTime:0.000735s ]
INFO: [ app_begin ] --END-- [ RunTime:0.000784s ]
NOTIC: [2] Declaration of Admin\Model\AdminMenuModel::getTreeData($type = 'tree', $order = '') should be compatible with Admin\Model\BaseModel::getTreeData($type = 'tree', $order = '', $name = 'name', $child = 'id', $parent = 'pid') /Applications/MAMP/htdocs/xzy/project/Application/Admin/Model/AdminMenuModel.class.php 第 7 行.
SQL: SHOW COLUMNS FROM `pub_admin_menu` [ RunTime:0.0008s ]
SQL: SELECT * FROM `pub_admin_menu` ORDER BY order_number is null,order_number,id  [ RunTime:0.0005s ]
SQL: SHOW COLUMNS FROM `pub_auth_group_access` [ RunTime:0.0011s ]
SQL: SELECT `uid`,`group_id`,`title`,`rules` FROM pub_auth_group_access a INNER JOIN pub_auth_group g on a.group_id=g.id  WHERE ( a.uid='1' and g.status='1' )  [ RunTime:0.0005s ]
SQL: SHOW COLUMNS FROM `pub_auth_rule` [ RunTime:0.0011s ]
SQL: SELECT `condition`,`name` FROM `pub_auth_rule` WHERE `id` IN ('1','2','54','3','4','55','56','57','58','59','60') AND `type` = 1 AND `status` = 1  [ RunTime:0.0006s ]
SQL: SHOW COLUMNS FROM `pub_adminuser` [ RunTime:0.0006s ]
SQL: SELECT COUNT(*) AS tp_count FROM `pub_adminuser` WHERE `name` LIKE '%%' AND ( `addtime` >= 0  ) LIMIT 1   [ RunTime:0.0003s ]
SQL: SHOW COLUMNS FROM `pub_devices` [ RunTime:0.0005s ]
SQL: SELECT * FROM `pub_adminuser` WHERE `name` LIKE '%%' AND ( `addtime` >= 0  ) ORDER BY addtime desc LIMIT 0,8   [ RunTime:0.0003s ]
NOTIC: [8] Undefined index: leavel /Applications/MAMP/htdocs/xzy/project/Application/Admin/Model/AdminuserModel.class.php 第 53 行.
NOTIC: [8] Undefined index:  /Applications/MAMP/htdocs/xzy/project/Application/Admin/Model/AdminuserModel.class.php 第 53 行.
NOTIC: [8] Undefined index: leavel /Applications/MAMP/htdocs/xzy/project/Application/Admin/Model/AdminuserModel.class.php 第 53 行.
NOTIC: [8] Undefined index:  /Applications/MAMP/htdocs/xzy/project/Application/Admin/Model/AdminuserModel.class.php 第 53 行.
NOTIC: [8] Undefined index: leavel /Applications/MAMP/htdocs/xzy/project/Application/Admin/Model/AdminuserModel.class.php 第 53 行.
NOTIC: [8] Undefined index:  /Applications/MAMP/htdocs/xzy/project/Application/Admin/Model/AdminuserModel.class.php 第 53 行.
INFO: [ view_parse ] --START--
INFO: [ template_filter ] --START--
INFO: Run Behavior\ContentReplaceBehavior [ RunTime:0.000188s ]
INFO: [ template_filter ] --END-- [ RunTime:0.000268s ]
INFO: Run Behavior\ParseTemplateBehavior [ RunTime:0.011726s ]
INFO: [ view_parse ] --END-- [ RunTime:0.011765s ]
INFO: [ view_filter ] --START--
INFO: Run Behavior\WriteHtmlCacheBehavior [ RunTime:0.000220s ]
INFO: [ view_filter ] --END-- [ RunTime:0.000250s ]
INFO: [ app_end ] --START--
INFO: Run Behavior\ShowPageTraceBehavior [ RunTime:0.000610s ]
INFO: [ app_end ] --END-- [ RunTime:0.000662s ]

[ 2018-05-09T13:42:31+08:00 ] ::1 /xzy/project/index.php/Admin/adminuser/index.html
INFO: [ app_init ] --START--
INFO: Run Behavior\BuildLiteBehavior [ RunTime:0.000018s ]
INFO: [ app_init ] --END-- [ RunTime:0.000349s ]
INFO: [ app_begin ] --START--
INFO: Run Behavior\ReadHtmlCacheBehavior [ RunTime:0.000528s ]
INFO: [ app_begin ] --END-- [ RunTime:0.000570s ]
NOTIC: [2] Declaration of Admin\Model\AdminMenuModel::getTreeData($type = 'tree', $order = '') should be compatible with Admin\Model\BaseModel::getTreeData($type = 'tree', $order = '', $name = 'name', $child = 'id', $parent = 'pid') /Applications/MAMP/htdocs/xzy/project/Application/Admin/Model/AdminMenuModel.class.php 第 7 行.
SQL: SHOW COLUMNS FROM `pub_admin_menu` [ RunTime:0.0006s ]
SQL: SELECT * FROM `pub_admin_menu` ORDER BY order_number is null,order_number,id  [ RunTime:0.0003s ]
SQL: SHOW COLUMNS FROM `pub_auth_group_access` [ RunTime:0.0006s ]
SQL: SELECT `uid`,`group_id`,`title`,`rules` FROM pub_auth_group_access a INNER JOIN pub_auth_group g on a.group_id=g.id  WHERE ( a.uid='1' and g.status='1' )  [ RunTime:0.0004s ]
SQL: SHOW COLUMNS FROM `pub_auth_rule` [ RunTime:0.0005s ]
SQL: SELECT `condition`,`name` FROM `pub_auth_rule` WHERE `id` IN ('1','2','54','3','4','55','56','57','58','59','60') AND `type` = 1 AND `status` = 1  [ RunTime:0.0004s ]
SQL: SHOW COLUMNS FROM `pub_adminuser` [ RunTime:0.0006s ]
SQL: SELECT COUNT(*) AS tp_count FROM `pub_adminuser` WHERE `name` LIKE '%%' AND ( `addtime` >= 0  ) LIMIT 1   [ RunTime:0.0004s ]
SQL: SHOW COLUMNS FROM `pub_devices` [ RunTime:0.0010s ]
SQL: SELECT * FROM `pub_adminuser` WHERE `name` LIKE '%%' AND ( `addtime` >= 0  ) ORDER BY addtime desc LIMIT 0,8   [ RunTime:0.0006s ]
NOTIC: [8] Undefined index: leavel /Applications/MAMP/htdocs/xzy/project/Application/Admin/Model/AdminuserModel.class.php 第 53 行.
NOTIC: [8] Undefined index:  /Applications/MAMP/htdocs/xzy/project/Application/Admin/Model/AdminuserModel.class.php 第 53 行.
NOTIC: [8] Undefined index: leavel /Applications/MAMP/htdocs/xzy/project/Application/Admin/Model/AdminuserModel.class.php 第 53 行.
NOTIC: [8] Undefined index:  /Applications/MAMP/htdocs/xzy/project/Application/Admin/Model/AdminuserModel.class.php 第 53 行.
NOTIC: [8] Undefined index: leavel /Applications/MAMP/htdocs/xzy/project/Application/Admin/Model/AdminuserModel.class.php 第 53 行.
NOTIC: [8] Undefined index:  /Applications/MAMP/htdocs/xzy/project/Application/Admin/Model/AdminuserModel.class.php 第 53 行.
INFO: [ view_parse ] --START--
INFO: [ template_filter ] --START--
INFO: Run Behavior\ContentReplaceBehavior [ RunTime:0.000146s ]
INFO: [ template_filter ] --END-- [ RunTime:0.000188s ]
INFO: Run Behavior\ParseTemplateBehavior [ RunTime:0.010990s ]
INFO: [ view_parse ] --END-- [ RunTime:0.011027s ]
INFO: [ view_filter ] --START--
INFO: Run Behavior\WriteHtmlCacheBehavior [ RunTime:0.000150s ]
INFO: [ view_filter ] --END-- [ RunTime:0.000175s ]
INFO: [ app_end ] --START--
INFO: Run Behavior\ShowPageTraceBehavior [ RunTime:0.000616s ]
INFO: [ app_end ] --END-- [ RunTime:0.000669s ]

[ 2018-05-09T13:42:36+08:00 ] ::1 /xzy/project/index.php/Admin/Adminuser/index
INFO: [ app_init ] --START--
INFO: Run Behavior\BuildLiteBehavior [ RunTime:0.000012s ]
INFO: [ app_init ] --END-- [ RunTime:0.000307s ]
INFO: [ app_begin ] --START--
INFO: Run Behavior\ReadHtmlCacheBehavior [ RunTime:0.000444s ]
INFO: [ app_begin ] --END-- [ RunTime:0.000497s ]
NOTIC: [2] Declaration of Admin\Model\AdminMenuModel::getTreeData($type = 'tree', $order = '') should be compatible with Admin\Model\BaseModel::getTreeData($type = 'tree', $order = '', $name = 'name', $child = 'id', $parent = 'pid') /Applications/MAMP/htdocs/xzy/project/Application/Admin/Model/AdminMenuModel.class.php 第 7 行.
SQL: SHOW COLUMNS FROM `pub_admin_menu` [ RunTime:0.0005s ]
SQL: SELECT * FROM `pub_admin_menu` ORDER BY order_number is null,order_number,id  [ RunTime:0.0003s ]
SQL: SHOW COLUMNS FROM `pub_auth_group_access` [ RunTime:0.0005s ]
SQL: SELECT `uid`,`group_id`,`title`,`rules` FROM pub_auth_group_access a INNER JOIN pub_auth_group g on a.group_id=g.id  WHERE ( a.uid='1' and g.status='1' )  [ RunTime:0.0004s ]
SQL: SHOW COLUMNS FROM `pub_auth_rule` [ RunTime:0.0006s ]
SQL: SELECT `condition`,`name` FROM `pub_auth_rule` WHERE `id` IN ('1','2','54','3','4','55','56','57','58','59','60') AND `type` = 1 AND `status` = 1  [ RunTime:0.0003s ]
SQL: SHOW COLUMNS FROM `pub_adminuser` [ RunTime:0.0006s ]
SQL: SELECT COUNT(*) AS tp_count FROM `pub_adminuser` WHERE `name` LIKE '%%' AND ( `addtime` >= 1525795200 AND `addtime` <= 1525795200  ) LIMIT 1   [ RunTime:0.0008s ]
SQL: SHOW COLUMNS FROM `pub_devices` [ RunTime:0.0006s ]
SQL: SELECT * FROM `pub_adminuser` WHERE `name` LIKE '%%' AND ( `addtime` >= 1525795200 AND `addtime` <= 1525795200  ) ORDER BY addtime desc LIMIT 0,8   [ RunTime:0.0003s ]
INFO: [ view_parse ] --START--
INFO: [ template_filter ] --START--
INFO: Run Behavior\ContentReplaceBehavior [ RunTime:0.000119s ]
INFO: [ template_filter ] --END-- [ RunTime:0.000159s ]
INFO: Run Behavior\ParseTemplateBehavior [ RunTime:0.009998s ]
INFO: [ view_parse ] --END-- [ RunTime:0.010038s ]
INFO: [ view_filter ] --START--
INFO: Run Behavior\WriteHtmlCacheBehavior [ RunTime:0.000154s ]
INFO: [ view_filter ] --END-- [ RunTime:0.000182s ]
INFO: [ app_end ] --START--
INFO: Run Behavior\ShowPageTraceBehavior [ RunTime:0.000642s ]
INFO: [ app_end ] --END-- [ RunTime:0.000685s ]

[ 2018-05-09T13:42:42+08:00 ] ::1 /xzy/project/index.php/Admin/Adminuser/index
INFO: [ app_init ] --START--
INFO: Run Behavior\BuildLiteBehavior [ RunTime:0.000021s ]
INFO: [ app_init ] --END-- [ RunTime:0.000370s ]
INFO: [ app_begin ] --START--
INFO: Run Behavior\ReadHtmlCacheBehavior [ RunTime:0.000476s ]
INFO: [ app_begin ] --END-- [ RunTime:0.000523s ]
NOTIC: [2] Declaration of Admin\Model\AdminMenuModel::getTreeData($type = 'tree', $order = '') should be compatible with Admin\Model\BaseModel::getTreeData($type = 'tree', $order = '', $name = 'name', $child = 'id', $parent = 'pid') /Applications/MAMP/htdocs/xzy/project/Application/Admin/Model/AdminMenuModel.class.php 第 7 行.
SQL: SHOW COLUMNS FROM `pub_admin_menu` [ RunTime:0.0006s ]
SQL: SELECT * FROM `pub_admin_menu` ORDER BY order_number is null,order_number,id  [ RunTime:0.0003s ]
SQL: SHOW COLUMNS FROM `pub_auth_group_access` [ RunTime:0.0007s ]
SQL: SELECT `uid`,`group_id`,`title`,`rules` FROM pub_auth_group_access a INNER JOIN pub_auth_group g on a.group_id=g.id  WHERE ( a.uid='1' and g.status='1' )  [ RunTime:0.0004s ]
SQL: SHOW COLUMNS FROM `pub_auth_rule` [ RunTime:0.0005s ]
SQL: SELECT `condition`,`name` FROM `pub_auth_rule` WHERE `id` IN ('1','2','54','3','4','55','56','57','58','59','60') AND `type` = 1 AND `status` = 1  [ RunTime:0.0003s ]
SQL: SHOW COLUMNS FROM `pub_adminuser` [ RunTime:0.0005s ]
SQL: SELECT COUNT(*) AS tp_count FROM `pub_adminuser` WHERE `name` LIKE '%%' AND ( `addtime` >= 1525795200 AND `addtime` <= 1525881600  ) LIMIT 1   [ RunTime:0.0003s ]
SQL: SHOW COLUMNS FROM `pub_devices` [ RunTime:0.0005s ]
SQL: SELECT * FROM `pub_adminuser` WHERE `name` LIKE '%%' AND ( `addtime` >= 1525795200 AND `addtime` <= 1525881600  ) ORDER BY addtime desc LIMIT 0,8   [ RunTime:0.0004s ]
NOTIC: [8] Undefined index: leavel /Applications/MAMP/htdocs/xzy/project/Application/Admin/Model/AdminuserModel.class.php 第 53 行.
NOTIC: [8] Undefined index:  /Applications/MAMP/htdocs/xzy/project/Application/Admin/Model/AdminuserModel.class.php 第 53 行.
INFO: [ view_parse ] --START--
INFO: [ template_filter ] --START--
INFO: Run Behavior\ContentReplaceBehavior [ RunTime:0.000127s ]
INFO: [ template_filter ] --END-- [ RunTime:0.000167s ]
INFO: Run Behavior\ParseTemplateBehavior [ RunTime:0.012244s ]
INFO: [ view_parse ] --END-- [ RunTime:0.012280s ]
INFO: [ view_filter ] --START--
INFO: Run Behavior\WriteHtmlCacheBehavior [ RunTime:0.000146s ]
INFO: [ view_filter ] --END-- [ RunTime:0.000185s ]
INFO: [ app_end ] --START--
INFO: Run Behavior\ShowPageTraceBehavior [ RunTime:0.000644s ]
INFO: [ app_end ] --END-- [ RunTime:0.000707s ]

[ 2018-05-09T13:42:47+08:00 ] ::1 /xzy/project/index.php/Admin/Adminuser/index.html
INFO: [ app_init ] --START--
INFO: Run Behavior\BuildLiteBehavior [ RunTime:0.000010s ]
INFO: [ app_init ] --END-- [ RunTime:0.000268s ]
INFO: [ app_begin ] --START--
INFO: Run Behavior\ReadHtmlCacheBehavior [ RunTime:0.000361s ]
INFO: [ app_begin ] --END-- [ RunTime:0.000391s ]
NOTIC: [2] Declaration of Admin\Model\AdminMenuModel::getTreeData($type = 'tree', $order = '') should be compatible with Admin\Model\BaseModel::getTreeData($type = 'tree', $order = '', $name = 'name', $child = 'id', $parent = 'pid') /Applications/MAMP/htdocs/xzy/project/Application/Admin/Model/AdminMenuModel.class.php 第 7 行.
SQL: SHOW COLUMNS FROM `pub_admin_menu` [ RunTime:0.0006s ]
SQL: SELECT * FROM `pub_admin_menu` ORDER BY order_number is null,order_number,id  [ RunTime:0.0003s ]
SQL: SHOW COLUMNS FROM `pub_auth_group_access` [ RunTime:0.0006s ]
SQL: SELECT `uid`,`group_id`,`title`,`rules` FROM pub_auth_group_access a INNER JOIN pub_auth_group g on a.group_id=g.id  WHERE ( a.uid='1' and g.status='1' )  [ RunTime:0.0004s ]
SQL: SHOW COLUMNS FROM `pub_auth_rule` [ RunTime:0.0005s ]
SQL: SELECT `condition`,`name` FROM `pub_auth_rule` WHERE `id` IN ('1','2','54','3','4','55','56','57','58','59','60') AND `type` = 1 AND `status` = 1  [ RunTime:0.0003s ]
SQL: SHOW COLUMNS FROM `pub_adminuser` [ RunTime:0.0005s ]
SQL: SELECT COUNT(*) AS tp_count FROM `pub_adminuser` WHERE `name` LIKE '%%' AND ( `addtime` >= 0  ) LIMIT 1   [ RunTime:0.0003s ]
SQL: SHOW COLUMNS FROM `pub_devices` [ RunTime:0.0005s ]
SQL: SELECT * FROM `pub_adminuser` WHERE `name` LIKE '%%' AND ( `addtime` >= 0  ) ORDER BY addtime desc LIMIT 0,8   [ RunTime:0.0003s ]
NOTIC: [8] Undefined index: leavel /Applications/MAMP/htdocs/xzy/project/Application/Admin/Model/AdminuserModel.class.php 第 53 行.
NOTIC: [8] Undefined index:  /Applications/MAMP/htdocs/xzy/project/Application/Admin/Model/AdminuserModel.class.php 第 53 行.
NOTIC: [8] Undefined index: leavel /Applications/MAMP/htdocs/xzy/project/Application/Admin/Model/AdminuserModel.class.php 第 53 行.
NOTIC: [8] Undefined index:  /Applications/MAMP/htdocs/xzy/project/Application/Admin/Model/AdminuserModel.class.php 第 53 行.
NOTIC: [8] Undefined index: leavel /Applications/MAMP/htdocs/xzy/project/Application/Admin/Model/AdminuserModel.class.php 第 53 行.
NOTIC: [8] Undefined index:  /Applications/MAMP/htdocs/xzy/project/Application/Admin/Model/AdminuserModel.class.php 第 53 行.
INFO: [ view_parse ] --START--
INFO: [ template_filter ] --START--
INFO: Run Behavior\ContentReplaceBehavior [ RunTime:0.000123s ]
INFO: [ template_filter ] --END-- [ RunTime:0.000166s ]
INFO: Run Behavior\ParseTemplateBehavior [ RunTime:0.009322s ]
INFO: [ view_parse ] --END-- [ RunTime:0.009356s ]
INFO: [ view_filter ] --START--
INFO: Run Behavior\WriteHtmlCacheBehavior [ RunTime:0.000155s ]
INFO: [ view_filter ] --END-- [ RunTime:0.000182s ]
INFO: [ app_end ] --START--
INFO: Run Behavior\ShowPageTraceBehavior [ RunTime:0.000569s ]
INFO: [ app_end ] --END-- [ RunTime:0.000623s ]

[ 2018-05-09T13:46:50+08:00 ] ::1 /xzy/project/index.php/Admin/Adminuser/index.html
INFO: [ app_init ] --START--
INFO: Run Behavior\BuildLiteBehavior [ RunTime:0.000027s ]
INFO: [ app_init ] --END-- [ RunTime:0.000493s ]
INFO: [ app_begin ] --START--
INFO: Run Behavior\ReadHtmlCacheBehavior [ RunTime:0.000568s ]
INFO: [ app_begin ] --END-- [ RunTime:0.000637s ]
NOTIC: [2] Declaration of Admin\Model\AdminMenuModel::getTreeData($type = 'tree', $order = '') should be compatible with Admin\Model\BaseModel::getTreeData($type = 'tree', $order = '', $name = 'name', $child = 'id', $parent = 'pid') /Applications/MAMP/htdocs/xzy/project/Application/Admin/Model/AdminMenuModel.class.php 第 7 行.
SQL: SHOW COLUMNS FROM `pub_admin_menu` [ RunTime:0.0006s ]
SQL: SELECT * FROM `pub_admin_menu` ORDER BY order_number is null,order_number,id  [ RunTime:0.0003s ]
SQL: SHOW COLUMNS FROM `pub_auth_group_access` [ RunTime:0.0005s ]
SQL: SELECT `uid`,`group_id`,`title`,`rules` FROM pub_auth_group_access a INNER JOIN pub_auth_group g on a.group_id=g.id  WHERE ( a.uid='1' and g.status='1' )  [ RunTime:0.0004s ]
SQL: SHOW COLUMNS FROM `pub_auth_rule` [ RunTime:0.0005s ]
SQL: SELECT `condition`,`name` FROM `pub_auth_rule` WHERE `id` IN ('1','2','54','3','4','55','56','57','58','59','60') AND `type` = 1 AND `status` = 1  [ RunTime:0.0004s ]
SQL: SHOW COLUMNS FROM `pub_adminuser` [ RunTime:0.0008s ]
SQL: SELECT COUNT(*) AS tp_count FROM `pub_adminuser` WHERE `name` LIKE '%%' AND `appid` LIKE '%%' AND `appsecret` LIKE '%%' AND `shopnum` LIKE '%%' AND `company` LIKE '%%' AND ( `addtime` >= 0  ) LIMIT 1   [ RunTime:0.0003s ]
SQL: SHOW COLUMNS FROM `pub_devices` [ RunTime:0.0005s ]
SQL: SELECT * FROM `pub_adminuser` WHERE `name` LIKE '%%' AND `appid` LIKE '%%' AND `appsecret` LIKE '%%' AND `shopnum` LIKE '%%' AND `company` LIKE '%%' AND ( `addtime` >= 0  ) ORDER BY addtime desc LIMIT 0,8   [ RunTime:0.0004s ]
NOTIC: [8] Undefined index: leavel /Applications/MAMP/htdocs/xzy/project/Application/Admin/Model/AdminuserModel.class.php 第 53 行.
NOTIC: [8] Undefined index:  /Applications/MAMP/htdocs/xzy/project/Application/Admin/Model/AdminuserModel.class.php 第 53 行.
NOTIC: [8] Undefined index: leavel /Applications/MAMP/htdocs/xzy/project/Application/Admin/Model/AdminuserModel.class.php 第 53 行.
NOTIC: [8] Undefined index:  /Applications/MAMP/htdocs/xzy/project/Application/Admin/Model/AdminuserModel.class.php 第 53 行.
INFO: [ view_parse ] --START--
INFO: [ template_filter ] --START--
INFO: Run Behavior\ContentReplaceBehavior [ RunTime:0.000144s ]
INFO: [ template_filter ] --END-- [ RunTime:0.000185s ]
INFO: Run Behavior\ParseTemplateBehavior [ RunTime:0.011446s ]
INFO: [ view_parse ] --END-- [ RunTime:0.011497s ]
INFO: [ view_filter ] --START--
INFO: Run Behavior\WriteHtmlCacheBehavior [ RunTime:0.000237s ]
INFO: [ view_filter ] --END-- [ RunTime:0.000274s ]
INFO: [ app_end ] --START--
INFO: Run Behavior\ShowPageTraceBehavior [ RunTime:0.000922s ]
INFO: [ app_end ] --END-- [ RunTime:0.001000s ]

[ 2018-05-09T13:46:57+08:00 ] ::1 /xzy/project/index.php/Admin/Adminuser/index
INFO: [ app_init ] --START--
INFO: Run Behavior\BuildLiteBehavior [ RunTime:0.000020s ]
INFO: [ app_init ] --END-- [ RunTime:0.000367s ]
INFO: [ app_begin ] --START--
INFO: Run Behavior\ReadHtmlCacheBehavior [ RunTime:0.000417s ]
INFO: [ app_begin ] --END-- [ RunTime:0.000453s ]
NOTIC: [2] Declaration of Admin\Model\AdminMenuModel::getTreeData($type = 'tree', $order = '') should be compatible with Admin\Model\BaseModel::getTreeData($type = 'tree', $order = '', $name = 'name', $child = 'id', $parent = 'pid') /Applications/MAMP/htdocs/xzy/project/Application/Admin/Model/AdminMenuModel.class.php 第 7 行.
SQL: SHOW COLUMNS FROM `pub_admin_menu` [ RunTime:0.0006s ]
SQL: SELECT * FROM `pub_admin_menu` ORDER BY order_number is null,order_number,id  [ RunTime:0.0003s ]
SQL: SHOW COLUMNS FROM `pub_auth_group_access` [ RunTime:0.0005s ]
SQL: SELECT `uid`,`group_id`,`title`,`rules` FROM pub_auth_group_access a INNER JOIN pub_auth_group g on a.group_id=g.id  WHERE ( a.uid='1' and g.status='1' )  [ RunTime:0.0004s ]
SQL: SHOW COLUMNS FROM `pub_auth_rule` [ RunTime:0.0005s ]
SQL: SELECT `condition`,`name` FROM `pub_auth_rule` WHERE `id` IN ('1','2','54','3','4','55','56','57','58','59','60') AND `type` = 1 AND `status` = 1  [ RunTime:0.0004s ]
SQL: SHOW COLUMNS FROM `pub_adminuser` [ RunTime:0.0007s ]
SQL: SELECT COUNT(*) AS tp_count FROM `pub_adminuser` WHERE `name` LIKE '%%' AND `appid` LIKE '%%' AND `appsecret` LIKE '%%' AND `shopnum` LIKE '%%' AND `company` LIKE '%%' AND ( `addtime` >= 0  ) LIMIT 1   [ RunTime:0.0003s ]
SQL: SHOW COLUMNS FROM `pub_devices` [ RunTime:0.0008s ]
SQL: SELECT * FROM `pub_adminuser` WHERE `name` LIKE '%%' AND `appid` LIKE '%%' AND `appsecret` LIKE '%%' AND `shopnum` LIKE '%%' AND `company` LIKE '%%' AND ( `addtime` >= 0  ) ORDER BY addtime desc LIMIT 0,8   [ RunTime:0.0004s ]
NOTIC: [8] Undefined index: leavel /Applications/MAMP/htdocs/xzy/project/Application/Admin/Model/AdminuserModel.class.php 第 53 行.
NOTIC: [8] Undefined index:  /Applications/MAMP/htdocs/xzy/project/Application/Admin/Model/AdminuserModel.class.php 第 53 行.
NOTIC: [8] Undefined index: leavel /Applications/MAMP/htdocs/xzy/project/Application/Admin/Model/AdminuserModel.class.php 第 53 行.
NOTIC: [8] Undefined index:  /Applications/MAMP/htdocs/xzy/project/Application/Admin/Model/AdminuserModel.class.php 第 53 行.
INFO: [ view_parse ] --START--
INFO: [ template_filter ] --START--
INFO: Run Behavior\ContentReplaceBehavior [ RunTime:0.000229s ]
INFO: [ template_filter ] --END-- [ RunTime:0.000281s ]
INFO: Run Behavior\ParseTemplateBehavior [ RunTime:0.012286s ]
INFO: [ view_parse ] --END-- [ RunTime:0.012329s ]
INFO: [ view_filter ] --START--
INFO: Run Behavior\WriteHtmlCacheBehavior [ RunTime:0.000174s ]
INFO: [ view_filter ] --END-- [ RunTime:0.000202s ]
INFO: [ app_end ] --START--
INFO: Run Behavior\ShowPageTraceBehavior [ RunTime:0.000678s ]
INFO: [ app_end ] --END-- [ RunTime:0.000741s ]

[ 2018-05-09T13:46:58+08:00 ] ::1 /xzy/project/index.php/Admin/Adminuser/index
INFO: [ app_init ] --START--
INFO: Run Behavior\BuildLiteBehavior [ RunTime:0.000015s ]
INFO: [ app_init ] --END-- [ RunTime:0.000355s ]
INFO: [ app_begin ] --START--
INFO: Run Behavior\ReadHtmlCacheBehavior [ RunTime:0.000587s ]
INFO: [ app_begin ] --END-- [ RunTime:0.000687s ]
NOTIC: [2] Declaration of Admin\Model\AdminMenuModel::getTreeData($type = 'tree', $order = '') should be compatible with Admin\Model\BaseModel::getTreeData($type = 'tree', $order = '', $name = 'name', $child = 'id', $parent = 'pid') /Applications/MAMP/htdocs/xzy/project/Application/Admin/Model/AdminMenuModel.class.php 第 7 行.
SQL: SHOW COLUMNS FROM `pub_admin_menu` [ RunTime:0.0006s ]
SQL: SELECT * FROM `pub_admin_menu` ORDER BY order_number is null,order_number,id  [ RunTime:0.0004s ]
SQL: SHOW COLUMNS FROM `pub_auth_group_access` [ RunTime:0.0015s ]
SQL: SELECT `uid`,`group_id`,`title`,`rules` FROM pub_auth_group_access a INNER JOIN pub_auth_group g on a.group_id=g.id  WHERE ( a.uid='1' and g.status='1' )  [ RunTime:0.0005s ]
SQL: SHOW COLUMNS FROM `pub_auth_rule` [ RunTime:0.0009s ]
SQL: SELECT `condition`,`name` FROM `pub_auth_rule` WHERE `id` IN ('1','2','54','3','4','55','56','57','58','59','60') AND `type` = 1 AND `status` = 1  [ RunTime:0.0005s ]
SQL: SHOW COLUMNS FROM `pub_adminuser` [ RunTime:0.0006s ]
SQL: SELECT COUNT(*) AS tp_count FROM `pub_adminuser` WHERE `name` LIKE '%%' AND `appid` LIKE '%%' AND `appsecret` LIKE '%%' AND `shopnum` LIKE '%%' AND `company` LIKE '%%' AND ( `addtime` >= 0  ) LIMIT 1   [ RunTime:0.0003s ]
SQL: SHOW COLUMNS FROM `pub_devices` [ RunTime:0.0008s ]
SQL: SELECT * FROM `pub_adminuser` WHERE `name` LIKE '%%' AND `appid` LIKE '%%' AND `appsecret` LIKE '%%' AND `shopnum` LIKE '%%' AND `company` LIKE '%%' AND ( `addtime` >= 0  ) ORDER BY addtime desc LIMIT 0,8   [ RunTime:0.0005s ]
NOTIC: [8] Undefined index: leavel /Applications/MAMP/htdocs/xzy/project/Application/Admin/Model/AdminuserModel.class.php 第 53 行.
NOTIC: [8] Undefined index:  /Applications/MAMP/htdocs/xzy/project/Application/Admin/Model/AdminuserModel.class.php 第 53 行.
NOTIC: [8] Undefined index: leavel /Applications/MAMP/htdocs/xzy/project/Application/Admin/Model/AdminuserModel.class.php 第 53 行.
NOTIC: [8] Undefined index:  /Applications/MAMP/htdocs/xzy/project/Application/Admin/Model/AdminuserModel.class.php 第 53 行.
INFO: [ view_parse ] --START--
INFO: [ template_filter ] --START--
INFO: Run Behavior\ContentReplaceBehavior [ RunTime:0.000127s ]
INFO: [ template_filter ] --END-- [ RunTime:0.000195s ]
INFO: Run Behavior\ParseTemplateBehavior [ RunTime:0.010546s ]
INFO: [ view_parse ] --END-- [ RunTime:0.010580s ]
INFO: [ view_filter ] --START--
INFO: Run Behavior\WriteHtmlCacheBehavior [ RunTime:0.000141s ]
INFO: [ view_filter ] --END-- [ RunTime:0.000166s ]
INFO: [ app_end ] --START--
INFO: Run Behavior\ShowPageTraceBehavior [ RunTime:0.000613s ]
INFO: [ app_end ] --END-- [ RunTime:0.000676s ]

[ 2018-05-09T13:47:01+08:00 ] ::1 /xzy/project/index.php/Admin/Adminuser/index.html
INFO: [ app_init ] --START--
INFO: Run Behavior\BuildLiteBehavior [ RunTime:0.000010s ]
INFO: [ app_init ] --END-- [ RunTime:0.000266s ]
INFO: [ app_begin ] --START--
INFO: Run Behavior\ReadHtmlCacheBehavior [ RunTime:0.000394s ]
INFO: [ app_begin ] --END-- [ RunTime:0.000430s ]
NOTIC: [2] Declaration of Admin\Model\AdminMenuModel::getTreeData($type = 'tree', $order = '') should be compatible with Admin\Model\BaseModel::getTreeData($type = 'tree', $order = '', $name = 'name', $child = 'id', $parent = 'pid') /Applications/MAMP/htdocs/xzy/project/Application/Admin/Model/AdminMenuModel.class.php 第 7 行.
SQL: SHOW COLUMNS FROM `pub_admin_menu` [ RunTime:0.0005s ]
SQL: SELECT * FROM `pub_admin_menu` ORDER BY order_number is null,order_number,id  [ RunTime:0.0003s ]
SQL: SHOW COLUMNS FROM `pub_auth_group_access` [ RunTime:0.0005s ]
SQL: SELECT `uid`,`group_id`,`title`,`rules` FROM pub_auth_group_access a INNER JOIN pub_auth_group g on a.group_id=g.id  WHERE ( a.uid='1' and g.status='1' )  [ RunTime:0.0004s ]
SQL: SHOW COLUMNS FROM `pub_auth_rule` [ RunTime:0.0005s ]
SQL: SELECT `condition`,`name` FROM `pub_auth_rule` WHERE `id` IN ('1','2','54','3','4','55','56','57','58','59','60') AND `type` = 1 AND `status` = 1  [ RunTime:0.0003s ]
SQL: SHOW COLUMNS FROM `pub_adminuser` [ RunTime:0.0004s ]
SQL: SELECT COUNT(*) AS tp_count FROM `pub_adminuser` WHERE `name` LIKE '%%' AND `appid` LIKE '%%' AND `appsecret` LIKE '%%' AND `shopnum` LIKE '%%' AND `company` LIKE '%%' AND ( `addtime` >= 0  ) LIMIT 1   [ RunTime:0.0003s ]
SQL: SHOW COLUMNS FROM `pub_devices` [ RunTime:0.0005s ]
SQL: SELECT * FROM `pub_adminuser` WHERE `name` LIKE '%%' AND `appid` LIKE '%%' AND `appsecret` LIKE '%%' AND `shopnum` LIKE '%%' AND `company` LIKE '%%' AND ( `addtime` >= 0  ) ORDER BY addtime desc LIMIT 0,8   [ RunTime:0.0003s ]
NOTIC: [8] Undefined index: leavel /Applications/MAMP/htdocs/xzy/project/Application/Admin/Model/AdminuserModel.class.php 第 53 行.
NOTIC: [8] Undefined index:  /Applications/MAMP/htdocs/xzy/project/Application/Admin/Model/AdminuserModel.class.php 第 53 行.
NOTIC: [8] Undefined index: leavel /Applications/MAMP/htdocs/xzy/project/Application/Admin/Model/AdminuserModel.class.php 第 53 行.
NOTIC: [8] Undefined index:  /Applications/MAMP/htdocs/xzy/project/Application/Admin/Model/AdminuserModel.class.php 第 53 行.
INFO: [ view_parse ] --START--
INFO: [ template_filter ] --START--
INFO: Run Behavior\ContentReplaceBehavior [ RunTime:0.000118s ]
INFO: [ template_filter ] --END-- [ RunTime:0.000155s ]
INFO: Run Behavior\ParseTemplateBehavior [ RunTime:0.009792s ]
INFO: [ view_parse ] --END-- [ RunTime:0.009830s ]
INFO: [ view_filter ] --START--
INFO: Run Behavior\WriteHtmlCacheBehavior [ RunTime:0.000137s ]
INFO: [ view_filter ] --END-- [ RunTime:0.000161s ]
INFO: [ app_end ] --START--
INFO: Run Behavior\ShowPageTraceBehavior [ RunTime:0.000496s ]
INFO: [ app_end ] --END-- [ RunTime:0.000547s ]

[ 2018-05-09T13:48:08+08:00 ] ::1 /xzy/project/index.php/Admin/Adminuser/index
INFO: [ app_init ] --START--
INFO: Run Behavior\BuildLiteBehavior [ RunTime:0.000010s ]
INFO: [ app_init ] --END-- [ RunTime:0.000264s ]
INFO: [ app_begin ] --START--
INFO: Run Behavior\ReadHtmlCacheBehavior [ RunTime:0.000356s ]
INFO: [ app_begin ] --END-- [ RunTime:0.000385s ]
NOTIC: [2] Declaration of Admin\Model\AdminMenuModel::getTreeData($type = 'tree', $order = '') should be compatible with Admin\Model\BaseModel::getTreeData($type = 'tree', $order = '', $name = 'name', $child = 'id', $parent = 'pid') /Applications/MAMP/htdocs/xzy/project/Application/Admin/Model/AdminMenuModel.class.php 第 7 行.
SQL: SHOW COLUMNS FROM `pub_admin_menu` [ RunTime:0.0005s ]
SQL: SELECT * FROM `pub_admin_menu` ORDER BY order_number is null,order_number,id  [ RunTime:0.0003s ]
SQL: SHOW COLUMNS FROM `pub_auth_group_access` [ RunTime:0.0005s ]
SQL: SELECT `uid`,`group_id`,`title`,`rules` FROM pub_auth_group_access a INNER JOIN pub_auth_group g on a.group_id=g.id  WHERE ( a.uid='1' and g.status='1' )  [ RunTime:0.0003s ]
SQL: SHOW COLUMNS FROM `pub_auth_rule` [ RunTime:0.0004s ]
SQL: SELECT `condition`,`name` FROM `pub_auth_rule` WHERE `id` IN ('1','2','54','3','4','55','56','57','58','59','60') AND `type` = 1 AND `status` = 1  [ RunTime:0.0003s ]
SQL: SHOW COLUMNS FROM `pub_adminuser` [ RunTime:0.0005s ]
SQL: SELECT COUNT(*) AS tp_count FROM `pub_adminuser` WHERE `name` LIKE '%admin%' AND `appid` LIKE '%%' AND `appsecret` LIKE '%%' AND `shopnum` LIKE '%%' AND `company` LIKE '%%' AND ( `addtime` >= 0  ) LIMIT 1   [ RunTime:0.0003s ]
SQL: SHOW COLUMNS FROM `pub_devices` [ RunTime:0.0005s ]
SQL: SELECT * FROM `pub_adminuser` WHERE `name` LIKE '%admin%' AND `appid` LIKE '%%' AND `appsecret` LIKE '%%' AND `shopnum` LIKE '%%' AND `company` LIKE '%%' AND ( `addtime` >= 0  ) ORDER BY addtime desc LIMIT 0,8   [ RunTime:0.0004s ]
INFO: [ view_parse ] --START--
INFO: [ template_filter ] --START--
INFO: Run Behavior\ContentReplaceBehavior [ RunTime:0.000149s ]
INFO: [ template_filter ] --END-- [ RunTime:0.000193s ]
INFO: Run Behavior\ParseTemplateBehavior [ RunTime:0.009939s ]
INFO: [ view_parse ] --END-- [ RunTime:0.009984s ]
INFO: [ view_filter ] --START--
INFO: Run Behavior\WriteHtmlCacheBehavior [ RunTime:0.000157s ]
INFO: [ view_filter ] --END-- [ RunTime:0.000185s ]
INFO: [ app_end ] --START--
INFO: Run Behavior\ShowPageTraceBehavior [ RunTime:0.000676s ]
INFO: [ app_end ] --END-- [ RunTime:0.000726s ]

[ 2018-05-09T13:49:22+08:00 ] ::1 /xzy/project/index.php/Admin/Adminuser/index
INFO: [ app_init ] --START--
INFO: Run Behavior\BuildLiteBehavior [ RunTime:0.000026s ]
INFO: [ app_init ] --END-- [ RunTime:0.000472s ]
INFO: [ app_begin ] --START--
INFO: Run Behavior\ReadHtmlCacheBehavior [ RunTime:0.000783s ]
INFO: [ app_begin ] --END-- [ RunTime:0.000900s ]
NOTIC: [2] Declaration of Admin\Model\AdminMenuModel::getTreeData($type = 'tree', $order = '') should be compatible with Admin\Model\BaseModel::getTreeData($type = 'tree', $order = '', $name = 'name', $child = 'id', $parent = 'pid') /Applications/MAMP/htdocs/xzy/project/Application/Admin/Model/AdminMenuModel.class.php 第 7 行.
SQL: SHOW COLUMNS FROM `pub_admin_menu` [ RunTime:0.0005s ]
SQL: SELECT * FROM `pub_admin_menu` ORDER BY order_number is null,order_number,id  [ RunTime:0.0003s ]
SQL: SHOW COLUMNS FROM `pub_auth_group_access` [ RunTime:0.0007s ]
SQL: SELECT `uid`,`group_id`,`title`,`rules` FROM pub_auth_group_access a INNER JOIN pub_auth_group g on a.group_id=g.id  WHERE ( a.uid='1' and g.status='1' )  [ RunTime:0.0008s ]
SQL: SHOW COLUMNS FROM `pub_auth_rule` [ RunTime:0.0014s ]
SQL: SELECT `condition`,`name` FROM `pub_auth_rule` WHERE `id` IN ('1','2','54','3','4','55','56','57','58','59','60') AND `type` = 1 AND `status` = 1  [ RunTime:0.0004s ]
SQL: SHOW COLUMNS FROM `pub_adminuser` [ RunTime:0.0005s ]
SQL: SELECT COUNT(*) AS tp_count FROM `pub_adminuser` WHERE `name` LIKE '%admin%' AND `appid` LIKE '%%' AND `appsecret` LIKE '%%' AND `shopnum` LIKE '%%' AND `company` LIKE '%%' AND ( `addtime` >= 0  ) LIMIT 1   [ RunTime:0.0003s ]
SQL: SHOW COLUMNS FROM `pub_devices` [ RunTime:0.0008s ]
SQL: SELECT * FROM `pub_adminuser` WHERE `name` LIKE '%admin%' AND `appid` LIKE '%%' AND `appsecret` LIKE '%%' AND `shopnum` LIKE '%%' AND `company` LIKE '%%' AND ( `addtime` >= 0  ) ORDER BY addtime desc LIMIT 0,8   [ RunTime:0.0004s ]
INFO: [ view_parse ] --START--
INFO: [ template_filter ] --START--
INFO: Run Behavior\ContentReplaceBehavior [ RunTime:0.000142s ]
INFO: [ template_filter ] --END-- [ RunTime:0.000189s ]
INFO: Run Behavior\ParseTemplateBehavior [ RunTime:0.012307s ]
INFO: [ view_parse ] --END-- [ RunTime:0.012349s ]
INFO: [ view_filter ] --START--
INFO: Run Behavior\WriteHtmlCacheBehavior [ RunTime:0.000142s ]
INFO: [ view_filter ] --END-- [ RunTime:0.000168s ]
INFO: [ app_end ] --START--
INFO: Run Behavior\ShowPageTraceBehavior [ RunTime:0.000585s ]
INFO: [ app_end ] --END-- [ RunTime:0.000650s ]

[ 2018-05-09T13:49:24+08:00 ] ::1 /xzy/project/index.php/Admin/Adminuser/index.html
INFO: [ app_init ] --START--
INFO: Run Behavior\BuildLiteBehavior [ RunTime:0.000017s ]
INFO: [ app_init ] --END-- [ RunTime:0.000493s ]
INFO: [ app_begin ] --START--
INFO: Run Behavior\ReadHtmlCacheBehavior [ RunTime:0.000656s ]
INFO: [ app_begin ] --END-- [ RunTime:0.000701s ]
NOTIC: [2] Declaration of Admin\Model\AdminMenuModel::getTreeData($type = 'tree', $order = '') should be compatible with Admin\Model\BaseModel::getTreeData($type = 'tree', $order = '', $name = 'name', $child = 'id', $parent = 'pid') /Applications/MAMP/htdocs/xzy/project/Application/Admin/Model/AdminMenuModel.class.php 第 7 行.
SQL: SHOW COLUMNS FROM `pub_admin_menu` [ RunTime:0.0005s ]
SQL: SELECT * FROM `pub_admin_menu` ORDER BY order_number is null,order_number,id  [ RunTime:0.0003s ]
SQL: SHOW COLUMNS FROM `pub_auth_group_access` [ RunTime:0.0007s ]
SQL: SELECT `uid`,`group_id`,`title`,`rules` FROM pub_auth_group_access a INNER JOIN pub_auth_group g on a.group_id=g.id  WHERE ( a.uid='1' and g.status='1' )  [ RunTime:0.0005s ]
SQL: SHOW COLUMNS FROM `pub_auth_rule` [ RunTime:0.0006s ]
SQL: SELECT `condition`,`name` FROM `pub_auth_rule` WHERE `id` IN ('1','2','54','3','4','55','56','57','58','59','60') AND `type` = 1 AND `status` = 1  [ RunTime:0.0003s ]
SQL: SHOW COLUMNS FROM `pub_adminuser` [ RunTime:0.0006s ]
SQL: SELECT COUNT(*) AS tp_count FROM `pub_adminuser` WHERE `name` LIKE '%%' AND `appid` LIKE '%%' AND `appsecret` LIKE '%%' AND `shopnum` LIKE '%%' AND `company` LIKE '%%' AND ( `addtime` >= 0  ) LIMIT 1   [ RunTime:0.0003s ]
SQL: SHOW COLUMNS FROM `pub_devices` [ RunTime:0.0005s ]
SQL: SELECT * FROM `pub_adminuser` WHERE `name` LIKE '%%' AND `appid` LIKE '%%' AND `appsecret` LIKE '%%' AND `shopnum` LIKE '%%' AND `company` LIKE '%%' AND ( `addtime` >= 0  ) ORDER BY addtime desc LIMIT 0,8   [ RunTime:0.0003s ]
INFO: [ view_parse ] --START--
INFO: [ template_filter ] --START--
INFO: Run Behavior\ContentReplaceBehavior [ RunTime:0.000123s ]
INFO: [ template_filter ] --END-- [ RunTime:0.000167s ]
INFO: Run Behavior\ParseTemplateBehavior [ RunTime:0.009184s ]
INFO: [ view_parse ] --END-- [ RunTime:0.009232s ]
INFO: [ view_filter ] --START--
INFO: Run Behavior\WriteHtmlCacheBehavior [ RunTime:0.000208s ]
INFO: [ view_filter ] --END-- [ RunTime:0.000237s ]
INFO: [ app_end ] --START--
INFO: Run Behavior\ShowPageTraceBehavior [ RunTime:0.000797s ]
INFO: [ app_end ] --END-- [ RunTime:0.000851s ]

[ 2018-05-09T13:49:24+08:00 ] ::1 /xzy/project/index.php/Admin/Adminuser/index.html
INFO: [ app_init ] --START--
INFO: Run Behavior\BuildLiteBehavior [ RunTime:0.000013s ]
INFO: [ app_init ] --END-- [ RunTime:0.000290s ]
INFO: [ app_begin ] --START--
INFO: Run Behavior\ReadHtmlCacheBehavior [ RunTime:0.000379s ]
INFO: [ app_begin ] --END-- [ RunTime:0.000411s ]
NOTIC: [2] Declaration of Admin\Model\AdminMenuModel::getTreeData($type = 'tree', $order = '') should be compatible with Admin\Model\BaseModel::getTreeData($type = 'tree', $order = '', $name = 'name', $child = 'id', $parent = 'pid') /Applications/MAMP/htdocs/xzy/project/Application/Admin/Model/AdminMenuModel.class.php 第 7 行.
SQL: SHOW COLUMNS FROM `pub_admin_menu` [ RunTime:0.0005s ]
SQL: SELECT * FROM `pub_admin_menu` ORDER BY order_number is null,order_number,id  [ RunTime:0.0003s ]
SQL: SHOW COLUMNS FROM `pub_auth_group_access` [ RunTime:0.0006s ]
SQL: SELECT `uid`,`group_id`,`title`,`rules` FROM pub_auth_group_access a INNER JOIN pub_auth_group g on a.group_id=g.id  WHERE ( a.uid='1' and g.status='1' )  [ RunTime:0.0004s ]
SQL: SHOW COLUMNS FROM `pub_auth_rule` [ RunTime:0.0004s ]
SQL: SELECT `condition`,`name` FROM `pub_auth_rule` WHERE `id` IN ('1','2','54','3','4','55','56','57','58','59','60') AND `type` = 1 AND `status` = 1  [ RunTime:0.0003s ]
SQL: SHOW COLUMNS FROM `pub_adminuser` [ RunTime:0.0005s ]
SQL: SELECT COUNT(*) AS tp_count FROM `pub_adminuser` WHERE `name` LIKE '%%' AND `appid` LIKE '%%' AND `appsecret` LIKE '%%' AND `shopnum` LIKE '%%' AND `company` LIKE '%%' AND ( `addtime` >= 0  ) LIMIT 1   [ RunTime:0.0003s ]
SQL: SHOW COLUMNS FROM `pub_devices` [ RunTime:0.0005s ]
SQL: SELECT * FROM `pub_adminuser` WHERE `name` LIKE '%%' AND `appid` LIKE '%%' AND `appsecret` LIKE '%%' AND `shopnum` LIKE '%%' AND `company` LIKE '%%' AND ( `addtime` >= 0  ) ORDER BY addtime desc LIMIT 0,8   [ RunTime:0.0005s ]
INFO: [ view_parse ] --START--
INFO: [ template_filter ] --START--
INFO: Run Behavior\ContentReplaceBehavior [ RunTime:0.000122s ]
INFO: [ template_filter ] --END-- [ RunTime:0.000162s ]
INFO: Run Behavior\ParseTemplateBehavior [ RunTime:0.009977s ]
INFO: [ view_parse ] --END-- [ RunTime:0.010022s ]
INFO: [ view_filter ] --START--
INFO: Run Behavior\WriteHtmlCacheBehavior [ RunTime:0.000205s ]
INFO: [ view_filter ] --END-- [ RunTime:0.000257s ]
INFO: [ app_end ] --START--
INFO: Run Behavior\ShowPageTraceBehavior [ RunTime:0.000614s ]
INFO: [ app_end ] --END-- [ RunTime:0.000667s ]

[ 2018-05-09T13:49:25+08:00 ] ::1 /xzy/project/index.php/Admin/Adminuser/index.html
INFO: [ app_init ] --START--
INFO: Run Behavior\BuildLiteBehavior [ RunTime:0.000012s ]
INFO: [ app_init ] --END-- [ RunTime:0.000307s ]
INFO: [ app_begin ] --START--
INFO: Run Behavior\ReadHtmlCacheBehavior [ RunTime:0.000409s ]
INFO: [ app_begin ] --END-- [ RunTime:0.000441s ]
NOTIC: [2] Declaration of Admin\Model\AdminMenuModel::getTreeData($type = 'tree', $order = '') should be compatible with Admin\Model\BaseModel::getTreeData($type = 'tree', $order = '', $name = 'name', $child = 'id', $parent = 'pid') /Applications/MAMP/htdocs/xzy/project/Application/Admin/Model/AdminMenuModel.class.php 第 7 行.
SQL: SHOW COLUMNS FROM `pub_admin_menu` [ RunTime:0.0004s ]
SQL: SELECT * FROM `pub_admin_menu` ORDER BY order_number is null,order_number,id  [ RunTime:0.0003s ]
SQL: SHOW COLUMNS FROM `pub_auth_group_access` [ RunTime:0.0004s ]
SQL: SELECT `uid`,`group_id`,`title`,`rules` FROM pub_auth_group_access a INNER JOIN pub_auth_group g on a.group_id=g.id  WHERE ( a.uid='1' and g.status='1' )  [ RunTime:0.0003s ]
SQL: SHOW COLUMNS FROM `pub_auth_rule` [ RunTime:0.0005s ]
SQL: SELECT `condition`,`name` FROM `pub_auth_rule` WHERE `id` IN ('1','2','54','3','4','55','56','57','58','59','60') AND `type` = 1 AND `status` = 1  [ RunTime:0.0004s ]
SQL: SHOW COLUMNS FROM `pub_adminuser` [ RunTime:0.0005s ]
SQL: SELECT COUNT(*) AS tp_count FROM `pub_adminuser` WHERE `name` LIKE '%%' AND `appid` LIKE '%%' AND `appsecret` LIKE '%%' AND `shopnum` LIKE '%%' AND `company` LIKE '%%' AND ( `addtime` >= 0  ) LIMIT 1   [ RunTime:0.0003s ]
SQL: SHOW COLUMNS FROM `pub_devices` [ RunTime:0.0005s ]
SQL: SELECT * FROM `pub_adminuser` WHERE `name` LIKE '%%' AND `appid` LIKE '%%' AND `appsecret` LIKE '%%' AND `shopnum` LIKE '%%' AND `company` LIKE '%%' AND ( `addtime` >= 0  ) ORDER BY addtime desc LIMIT 0,8   [ RunTime:0.0004s ]
INFO: [ view_parse ] --START--
INFO: [ template_filter ] --START--
INFO: Run Behavior\ContentReplaceBehavior [ RunTime:0.000140s ]
INFO: [ template_filter ] --END-- [ RunTime:0.000187s ]
INFO: Run Behavior\ParseTemplateBehavior [ RunTime:0.010384s ]
INFO: [ view_parse ] --END-- [ RunTime:0.010423s ]
INFO: [ view_filter ] --START--
INFO: Run Behavior\WriteHtmlCacheBehavior [ RunTime:0.000167s ]
INFO: [ view_filter ] --END-- [ RunTime:0.000196s ]
INFO: [ app_end ] --START--
INFO: Run Behavior\ShowPageTraceBehavior [ RunTime:0.000640s ]
INFO: [ app_end ] --END-- [ RunTime:0.000698s ]

[ 2018-05-09T13:50:05+08:00 ] ::1 /xzy/project/index.php/Admin/Adminuser/index.html
INFO: [ app_init ] --START--
INFO: Run Behavior\BuildLiteBehavior [ RunTime:0.000012s ]
INFO: [ app_init ] --END-- [ RunTime:0.000271s ]
INFO: [ app_begin ] --START--
INFO: Run Behavior\ReadHtmlCacheBehavior [ RunTime:0.000364s ]
INFO: [ app_begin ] --END-- [ RunTime:0.000394s ]
NOTIC: [2] Declaration of Admin\Model\AdminMenuModel::getTreeData($type = 'tree', $order = '') should be compatible with Admin\Model\BaseModel::getTreeData($type = 'tree', $order = '', $name = 'name', $child = 'id', $parent = 'pid') /Applications/MAMP/htdocs/xzy/project/Application/Admin/Model/AdminMenuModel.class.php 第 7 行.
SQL: SHOW COLUMNS FROM `pub_admin_menu` [ RunTime:0.0005s ]
SQL: SELECT * FROM `pub_admin_menu` ORDER BY order_number is null,order_number,id  [ RunTime:0.0003s ]
SQL: SHOW COLUMNS FROM `pub_auth_group_access` [ RunTime:0.0005s ]
SQL: SELECT `uid`,`group_id`,`title`,`rules` FROM pub_auth_group_access a INNER JOIN pub_auth_group g on a.group_id=g.id  WHERE ( a.uid='1' and g.status='1' )  [ RunTime:0.0003s ]
SQL: SHOW COLUMNS FROM `pub_auth_rule` [ RunTime:0.0004s ]
SQL: SELECT `condition`,`name` FROM `pub_auth_rule` WHERE `id` IN ('1','2','54','3','4','55','56','57','58','59','60') AND `type` = 1 AND `status` = 1  [ RunTime:0.0003s ]
SQL: SHOW COLUMNS FROM `pub_adminuser` [ RunTime:0.0005s ]
SQL: SELECT COUNT(*) AS tp_count FROM `pub_adminuser` WHERE `name` LIKE '%%' AND `appid` LIKE '%%' AND `appsecret` LIKE '%%' AND `shopnum` LIKE '%%' AND `company` LIKE '%%' AND ( `addtime` >= 0  ) LIMIT 1   [ RunTime:0.0003s ]
SQL: SHOW COLUMNS FROM `pub_devices` [ RunTime:0.0005s ]
SQL: SELECT * FROM `pub_adminuser` WHERE `name` LIKE '%%' AND `appid` LIKE '%%' AND `appsecret` LIKE '%%' AND `shopnum` LIKE '%%' AND `company` LIKE '%%' AND ( `addtime` >= 0  ) ORDER BY addtime desc LIMIT 0,8   [ RunTime:0.0004s ]

[ 2018-05-09T13:50:35+08:00 ] ::1 /xzy/project/index.php/Admin/Adminuser/index.html
INFO: [ app_init ] --START--
INFO: Run Behavior\BuildLiteBehavior [ RunTime:0.000011s ]
INFO: [ app_init ] --END-- [ RunTime:0.000287s ]
INFO: [ app_begin ] --START--
INFO: Run Behavior\ReadHtmlCacheBehavior [ RunTime:0.000393s ]
INFO: [ app_begin ] --END-- [ RunTime:0.000424s ]
NOTIC: [2] Declaration of Admin\Model\AdminMenuModel::getTreeData($type = 'tree', $order = '') should be compatible with Admin\Model\BaseModel::getTreeData($type = 'tree', $order = '', $name = 'name', $child = 'id', $parent = 'pid') /Applications/MAMP/htdocs/xzy/project/Application/Admin/Model/AdminMenuModel.class.php 第 7 行.
SQL: SHOW COLUMNS FROM `pub_admin_menu` [ RunTime:0.0005s ]
SQL: SELECT * FROM `pub_admin_menu` ORDER BY order_number is null,order_number,id  [ RunTime:0.0003s ]
SQL: SHOW COLUMNS FROM `pub_auth_group_access` [ RunTime:0.0004s ]
SQL: SELECT `uid`,`group_id`,`title`,`rules` FROM pub_auth_group_access a INNER JOIN pub_auth_group g on a.group_id=g.id  WHERE ( a.uid='1' and g.status='1' )  [ RunTime:0.0003s ]
SQL: SHOW COLUMNS FROM `pub_auth_rule` [ RunTime:0.0004s ]
SQL: SELECT `condition`,`name` FROM `pub_auth_rule` WHERE `id` IN ('1','2','54','3','4','55','56','57','58','59','60') AND `type` = 1 AND `status` = 1  [ RunTime:0.0003s ]
SQL: SHOW COLUMNS FROM `pub_adminuser` [ RunTime:0.0005s ]
SQL: SELECT COUNT(*) AS tp_count FROM `pub_adminuser` WHERE `name` LIKE '%%' AND `appid` LIKE '%%' AND `appsecret` LIKE '%%' AND `shopnum` LIKE '%%' AND `company` LIKE '%%' AND ( `addtime` >= 0  ) LIMIT 1   [ RunTime:0.0003s ]
SQL: SHOW COLUMNS FROM `pub_devices` [ RunTime:0.0005s ]
SQL: SELECT * FROM `pub_adminuser` WHERE `name` LIKE '%%' AND `appid` LIKE '%%' AND `appsecret` LIKE '%%' AND `shopnum` LIKE '%%' AND `company` LIKE '%%' AND ( `addtime` >= 0  ) ORDER BY addtime desc LIMIT 0,8   [ RunTime:0.0004s ]

[ 2018-05-09T14:18:03+08:00 ] ::1 /xzy/project/index.php/Admin/Index/index.html
INFO: [ app_begin ] --START--
INFO: Run Behavior\ReadHtmlCacheBehavior [ RunTime:0.000363s ]
INFO: [ app_begin ] --END-- [ RunTime:0.000647s ]
NOTIC: [2] Declaration of Admin\Model\AdminMenuModel::getTreeData($type = 'tree', $order = '') should be compatible with Admin\Model\BaseModel::getTreeData($type = 'tree', $order = '', $name = 'name', $child = 'id', $parent = 'pid') /Applications/MAMP/htdocs/xzy/project/Application/Admin/Model/AdminMenuModel.class.php 第 7 行.
SQL: SHOW COLUMNS FROM `pub_admin_menu` [ RunTime:0.0005s ]
SQL: SELECT * FROM `pub_admin_menu` ORDER BY order_number is null,order_number,id  [ RunTime:0.0003s ]
SQL: SHOW COLUMNS FROM `pub_auth_group_access` [ RunTime:0.0005s ]
SQL: SELECT `uid`,`group_id`,`title`,`rules` FROM pub_auth_group_access a INNER JOIN pub_auth_group g on a.group_id=g.id  WHERE ( a.uid='1' and g.status='1' )  [ RunTime:0.0003s ]
SQL: SHOW COLUMNS FROM `pub_auth_rule` [ RunTime:0.0004s ]
SQL: SELECT `condition`,`name` FROM `pub_auth_rule` WHERE `id` IN ('1','2','54','3','4','55','56','57','58','59','60') AND `type` = 1 AND `status` = 1  [ RunTime:0.0004s ]
SQL: SHOW COLUMNS FROM `pub_flow` [ RunTime:0.0005s ]
NOTIC: [8] Undefined index: leavel /Applications/MAMP/htdocs/xzy/project/Application/Admin/Model/FlowModel.class.php 第 33 行.
ERR: 1054:Unknown column 'status' in 'where clause'
 [ SQL语句 ] : SELECT * FROM `pub_flow` WHERE ( `addtime` > 1525104000 AND `addtime` < 1527782400  ) AND ( `status` = '1' ) 
ERR: 1054:Unknown column 'status' in 'where clause'
 [ SQL语句 ] : SELECT * FROM `pub_flow` WHERE ( `addtime` > 1525104000 AND `addtime` < 1527782400  ) AND ( `status` = '1' ) 

[ 2018-05-09T14:18:03+08:00 ] ::1 /xzy/project/index.php/Admin/Index/index.html
INFO: [ app_begin ] --START--
INFO: Run Behavior\ReadHtmlCacheBehavior [ RunTime:0.000358s ]
INFO: [ app_begin ] --END-- [ RunTime:0.000615s ]
NOTIC: [2] Declaration of Admin\Model\AdminMenuModel::getTreeData($type = 'tree', $order = '') should be compatible with Admin\Model\BaseModel::getTreeData($type = 'tree', $order = '', $name = 'name', $child = 'id', $parent = 'pid') /Applications/MAMP/htdocs/xzy/project/Application/Admin/Model/AdminMenuModel.class.php 第 7 行.
SQL: SHOW COLUMNS FROM `pub_admin_menu` [ RunTime:0.0004s ]
SQL: SELECT * FROM `pub_admin_menu` ORDER BY order_number is null,order_number,id  [ RunTime:0.0004s ]
SQL: SHOW COLUMNS FROM `pub_auth_group_access` [ RunTime:0.0007s ]
SQL: SELECT `uid`,`group_id`,`title`,`rules` FROM pub_auth_group_access a INNER JOIN pub_auth_group g on a.group_id=g.id  WHERE ( a.uid='1' and g.status='1' )  [ RunTime:0.0005s ]
SQL: SHOW COLUMNS FROM `pub_auth_rule` [ RunTime:0.0007s ]
SQL: SELECT `condition`,`name` FROM `pub_auth_rule` WHERE `id` IN ('1','2','54','3','4','55','56','57','58','59','60') AND `type` = 1 AND `status` = 1  [ RunTime:0.0005s ]
SQL: SHOW COLUMNS FROM `pub_flow` [ RunTime:0.0005s ]
NOTIC: [8] Undefined index: leavel /Applications/MAMP/htdocs/xzy/project/Application/Admin/Model/FlowModel.class.php 第 33 行.
ERR: 1054:Unknown column 'status' in 'where clause'
 [ SQL语句 ] : SELECT * FROM `pub_flow` WHERE ( `addtime` > 1525104000 AND `addtime` < 1527782400  ) AND ( `status` = '1' ) 
ERR: 1054:Unknown column 'status' in 'where clause'
 [ SQL语句 ] : SELECT * FROM `pub_flow` WHERE ( `addtime` > 1525104000 AND `addtime` < 1527782400  ) AND ( `status` = '1' ) 

[ 2018-05-09T14:45:31+08:00 ] ::1 /xzy/project/index.php/Admin/Setmeal/add.html
ERR: 1146:Table 'bluetooth.pub_device_type' doesn't exist
 [ SQL语句 ] : SHOW COLUMNS FROM `pub_device_type`

[ 2018-05-09T14:45:34+08:00 ] ::1 /xzy/project/index.php/Admin/Setmeal/add.html
ERR: 1146:Table 'bluetooth.pub_device_type' doesn't exist
 [ SQL语句 ] : SHOW COLUMNS FROM `pub_device_type`

[ 2018-05-09T14:52:09+08:00 ] ::1 /xzy/project/index.php/Admin/Setmeal/add
ERR: 1364:Field 'auid' doesn't have a default value
 [ SQL语句 ] : INSERT INTO `pub_setmeal` (`money`,`days`,`describe`,`addtime`) VALUES ('10000','100','喝100天安全水只需100元','1525848729')

[ 2018-05-09T14:55:01+08:00 ] ::1 /xzy/project/index.php/Admin/setmeal/index.html
ERR: Class 'PHPExcel' not found

[ 2018-05-09T14:55:20+08:00 ] ::1 /xzy/project/index.php/Admin/setmeal/index.html
ERR: 1146:Table 'bluetooth.pub_device_type' doesn't exist
 [ SQL语句 ] : SELECT COUNT(*) AS tp_count FROM `pub_setmeal` INNER JOIN pub_device_type ON pub_setmeal.tid = pub_device_type.id  LIMIT 1  

[ 2018-05-09T14:56:54+08:00 ] ::1 /xzy/project/index.php/Admin/Index/index.html
INFO: [ app_begin ] --START--
INFO: Run Behavior\ReadHtmlCacheBehavior [ RunTime:0.000446s ]
INFO: [ app_begin ] --END-- [ RunTime:0.000709s ]
SQL: SHOW COLUMNS FROM `pub_auth_group_access` [ RunTime:0.0004s ]
SQL: SELECT `uid`,`group_id`,`title`,`rules` FROM pub_auth_group_access a INNER JOIN pub_auth_group g on a.group_id=g.id  WHERE ( a.uid='2' and g.status='1' )  [ RunTime:0.0003s ]

[ 2018-05-09T14:56:54+08:00 ] ::1 /xzy/project/index.php/Admin/Index/index.html
INFO: [ app_begin ] --START--
INFO: Run Behavior\ReadHtmlCacheBehavior [ RunTime:0.000668s ]
INFO: [ app_begin ] --END-- [ RunTime:0.001165s ]
SQL: SHOW COLUMNS FROM `pub_auth_group_access` [ RunTime:0.0005s ]
SQL: SELECT `uid`,`group_id`,`title`,`rules` FROM pub_auth_group_access a INNER JOIN pub_auth_group g on a.group_id=g.id  WHERE ( a.uid='2' and g.status='1' )  [ RunTime:0.0004s ]

[ 2018-05-09T14:56:58+08:00 ] ::1 /xzy/project/index.php/Admin/Index/index.html
INFO: [ app_begin ] --START--
INFO: Run Behavior\ReadHtmlCacheBehavior [ RunTime:0.000551s ]
INFO: [ app_begin ] --END-- [ RunTime:0.000925s ]
SQL: SHOW COLUMNS FROM `pub_auth_group_access` [ RunTime:0.0006s ]
SQL: SELECT `uid`,`group_id`,`title`,`rules` FROM pub_auth_group_access a INNER JOIN pub_auth_group g on a.group_id=g.id  WHERE ( a.uid='2' and g.status='1' )  [ RunTime:0.0004s ]

[ 2018-05-09T14:56:58+08:00 ] ::1 /xzy/project/index.php/Admin/Index/index.html
INFO: [ app_begin ] --START--
INFO: Run Behavior\ReadHtmlCacheBehavior [ RunTime:0.000976s ]
INFO: [ app_begin ] --END-- [ RunTime:0.001446s ]
SQL: SHOW COLUMNS FROM `pub_auth_group_access` [ RunTime:0.0005s ]
SQL: SELECT `uid`,`group_id`,`title`,`rules` FROM pub_auth_group_access a INNER JOIN pub_auth_group g on a.group_id=g.id  WHERE ( a.uid='2' and g.status='1' )  [ RunTime:0.0004s ]

[ 2018-05-09T14:57:18+08:00 ] ::1 /xzy/project/index.php/Admin/Index/index.html
INFO: [ app_begin ] --START--
INFO: Run Behavior\ReadHtmlCacheBehavior [ RunTime:0.000456s ]
INFO: [ app_begin ] --END-- [ RunTime:0.000762s ]
NOTIC: [2] Declaration of Admin\Model\AdminMenuModel::getTreeData($type = 'tree', $order = '') should be compatible with Admin\Model\BaseModel::getTreeData($type = 'tree', $order = '', $name = 'name', $child = 'id', $parent = 'pid') /Applications/MAMP/htdocs/xzy/project/Application/Admin/Model/AdminMenuModel.class.php 第 7 行.
SQL: SHOW COLUMNS FROM `pub_admin_menu` [ RunTime:0.0004s ]
SQL: SELECT * FROM `pub_admin_menu` ORDER BY order_number is null,order_number,id  [ RunTime:0.0003s ]
SQL: SHOW COLUMNS FROM `pub_auth_group_access` [ RunTime:0.0005s ]
SQL: SELECT `uid`,`group_id`,`title`,`rules` FROM pub_auth_group_access a INNER JOIN pub_auth_group g on a.group_id=g.id  WHERE ( a.uid='1' and g.status='1' )  [ RunTime:0.0003s ]
SQL: SHOW COLUMNS FROM `pub_auth_rule` [ RunTime:0.0004s ]
SQL: SELECT `condition`,`name` FROM `pub_auth_rule` WHERE `id` IN ('1','2','54','3','4','55','56','57','58','59','60','61','62','63') AND `type` = 1 AND `status` = 1  [ RunTime:0.0003s ]
SQL: SHOW COLUMNS FROM `pub_flow` [ RunTime:0.0004s ]
NOTIC: [8] Undefined index: leavel /Applications/MAMP/htdocs/xzy/project/Application/Admin/Model/FlowModel.class.php 第 33 行.
ERR: 1054:Unknown column 'status' in 'where clause'
 [ SQL语句 ] : SELECT * FROM `pub_flow` WHERE ( `addtime` > 1525104000 AND `addtime` < 1527782400  ) AND ( `status` = '1' ) 
ERR: 1054:Unknown column 'status' in 'where clause'
 [ SQL语句 ] : SELECT * FROM `pub_flow` WHERE ( `addtime` > 1525104000 AND `addtime` < 1527782400  ) AND ( `status` = '1' ) 

[ 2018-05-09T14:57:18+08:00 ] ::1 /xzy/project/index.php/Admin/Index/index.html
INFO: [ app_begin ] --START--
INFO: Run Behavior\ReadHtmlCacheBehavior [ RunTime:0.000925s ]
INFO: [ app_begin ] --END-- [ RunTime:0.001394s ]
NOTIC: [2] Declaration of Admin\Model\AdminMenuModel::getTreeData($type = 'tree', $order = '') should be compatible with Admin\Model\BaseModel::getTreeData($type = 'tree', $order = '', $name = 'name', $child = 'id', $parent = 'pid') /Applications/MAMP/htdocs/xzy/project/Application/Admin/Model/AdminMenuModel.class.php 第 7 行.
SQL: SHOW COLUMNS FROM `pub_admin_menu` [ RunTime:0.0005s ]
SQL: SELECT * FROM `pub_admin_menu` ORDER BY order_number is null,order_number,id  [ RunTime:0.0004s ]
SQL: SHOW COLUMNS FROM `pub_auth_group_access` [ RunTime:0.0004s ]
SQL: SELECT `uid`,`group_id`,`title`,`rules` FROM pub_auth_group_access a INNER JOIN pub_auth_group g on a.group_id=g.id  WHERE ( a.uid='1' and g.status='1' )  [ RunTime:0.0003s ]
SQL: SHOW COLUMNS FROM `pub_auth_rule` [ RunTime:0.0004s ]
SQL: SELECT `condition`,`name` FROM `pub_auth_rule` WHERE `id` IN ('1','2','54','3','4','55','56','57','58','59','60','61','62','63') AND `type` = 1 AND `status` = 1  [ RunTime:0.0004s ]
SQL: SHOW COLUMNS FROM `pub_flow` [ RunTime:0.0008s ]
NOTIC: [8] Undefined index: leavel /Applications/MAMP/htdocs/xzy/project/Application/Admin/Model/FlowModel.class.php 第 33 行.
ERR: 1054:Unknown column 'status' in 'where clause'
 [ SQL语句 ] : SELECT * FROM `pub_flow` WHERE ( `addtime` > 1525104000 AND `addtime` < 1527782400  ) AND ( `status` = '1' ) 
ERR: 1054:Unknown column 'status' in 'where clause'
 [ SQL语句 ] : SELECT * FROM `pub_flow` WHERE ( `addtime` > 1525104000 AND `addtime` < 1527782400  ) AND ( `status` = '1' ) 

[ 2018-05-09T14:58:39+08:00 ] ::1 /xzy/project/index.php/Admin/Index/index.html
INFO: [ app_begin ] --START--
INFO: Run Behavior\ReadHtmlCacheBehavior [ RunTime:0.000362s ]
INFO: [ app_begin ] --END-- [ RunTime:0.000621s ]
SQL: SHOW COLUMNS FROM `pub_auth_group_access` [ RunTime:0.0005s ]
SQL: SELECT `uid`,`group_id`,`title`,`rules` FROM pub_auth_group_access a INNER JOIN pub_auth_group g on a.group_id=g.id  WHERE ( a.uid='2' and g.status='1' )  [ RunTime:0.0004s ]
SQL: SHOW COLUMNS FROM `pub_auth_rule` [ RunTime:0.0005s ]
SQL: SELECT `condition`,`name` FROM `pub_auth_rule` WHERE `id` IN ('55','56','57','61','62','63') AND `type` = 1 AND `status` = 1  [ RunTime:0.0007s ]
NOTIC: [2] Declaration of Admin\Model\AdminMenuModel::getTreeData($type = 'tree', $order = '') should be compatible with Admin\Model\BaseModel::getTreeData($type = 'tree', $order = '', $name = 'name', $child = 'id', $parent = 'pid') /Applications/MAMP/htdocs/xzy/project/Application/Admin/Model/AdminMenuModel.class.php 第 7 行.
SQL: SHOW COLUMNS FROM `pub_admin_menu` [ RunTime:0.0005s ]
SQL: SELECT * FROM `pub_admin_menu` ORDER BY order_number is null,order_number,id  [ RunTime:0.0003s ]
SQL: SHOW COLUMNS FROM `pub_flow` [ RunTime:0.0005s ]
NOTIC: [8] Undefined index: leavel /Applications/MAMP/htdocs/xzy/project/Application/Admin/Model/FlowModel.class.php 第 33 行.
ERR: 1054:Unknown column 'status' in 'where clause'
 [ SQL语句 ] : SELECT * FROM `pub_flow` WHERE ( `addtime` > 1525104000 AND `addtime` < 1527782400  ) AND ( `status` = '1' ) 
ERR: 1054:Unknown column 'status' in 'where clause'
 [ SQL语句 ] : SELECT * FROM `pub_flow` WHERE ( `addtime` > 1525104000 AND `addtime` < 1527782400  ) AND ( `status` = '1' ) 

[ 2018-05-09T14:58:39+08:00 ] ::1 /xzy/project/index.php/Admin/Index/index.html
INFO: [ app_begin ] --START--
INFO: Run Behavior\ReadHtmlCacheBehavior [ RunTime:0.000368s ]
INFO: [ app_begin ] --END-- [ RunTime:0.000627s ]
SQL: SHOW COLUMNS FROM `pub_auth_group_access` [ RunTime:0.0004s ]
SQL: SELECT `uid`,`group_id`,`title`,`rules` FROM pub_auth_group_access a INNER JOIN pub_auth_group g on a.group_id=g.id  WHERE ( a.uid='2' and g.status='1' )  [ RunTime:0.0004s ]
SQL: SHOW COLUMNS FROM `pub_auth_rule` [ RunTime:0.0007s ]
SQL: SELECT `condition`,`name` FROM `pub_auth_rule` WHERE `id` IN ('55','56','57','61','62','63') AND `type` = 1 AND `status` = 1  [ RunTime:0.0005s ]
NOTIC: [2] Declaration of Admin\Model\AdminMenuModel::getTreeData($type = 'tree', $order = '') should be compatible with Admin\Model\BaseModel::getTreeData($type = 'tree', $order = '', $name = 'name', $child = 'id', $parent = 'pid') /Applications/MAMP/htdocs/xzy/project/Application/Admin/Model/AdminMenuModel.class.php 第 7 行.
SQL: SHOW COLUMNS FROM `pub_admin_menu` [ RunTime:0.0006s ]
SQL: SELECT * FROM `pub_admin_menu` ORDER BY order_number is null,order_number,id  [ RunTime:0.0003s ]
SQL: SHOW COLUMNS FROM `pub_flow` [ RunTime:0.0005s ]
NOTIC: [8] Undefined index: leavel /Applications/MAMP/htdocs/xzy/project/Application/Admin/Model/FlowModel.class.php 第 33 行.
ERR: 1054:Unknown column 'status' in 'where clause'
 [ SQL语句 ] : SELECT * FROM `pub_flow` WHERE ( `addtime` > 1525104000 AND `addtime` < 1527782400  ) AND ( `status` = '1' ) 
ERR: 1054:Unknown column 'status' in 'where clause'
 [ SQL语句 ] : SELECT * FROM `pub_flow` WHERE ( `addtime` > 1525104000 AND `addtime` < 1527782400  ) AND ( `status` = '1' ) 

[ 2018-05-09T14:59:01+08:00 ] ::1 /xzy/project/index.php/Admin/setmeal/index.html
ERR: 1146:Table 'bluetooth.pub_device_type' doesn't exist
 [ SQL语句 ] : SELECT COUNT(*) AS tp_count FROM `pub_setmeal` INNER JOIN pub_device_type ON pub_setmeal.tid = pub_device_type.id  LIMIT 1  

[ 2018-05-09T15:12:56+08:00 ] ::1 /xzy/project/index.php/Admin/Setmeal/index.html
ERR: 1064:You have an error in your SQL syntax; check the manual that corresponds to your MySQL server version for the right syntax to use near 'id ON s.auid=admin.admin' at line 1
 [ SQL语句 ] : SELECT * FROM pub_setmeal s LEFT JOIN __ADMINUSER admin id ON s.auid=admin.admin  

[ 2018-05-09T15:13:49+08:00 ] ::1 /xzy/project/index.php/Admin/Setmeal/index.html
ERR: 1064:You have an error in your SQL syntax; check the manual that corresponds to your MySQL server version for the right syntax to use near 'id ON s.auid=admin.id' at line 1
 [ SQL语句 ] : SELECT s.*,admin.name FROM pub_setmeal s LEFT JOIN __ADMINUSER admin id ON s.auid=admin.id  

[ 2018-05-09T15:14:09+08:00 ] ::1 /xzy/project/index.php/Admin/Setmeal/index.html
ERR: 1064:You have an error in your SQL syntax; check the manual that corresponds to your MySQL server version for the right syntax to use near 'id ON s.auid=admin.id' at line 1
 [ SQL语句 ] : SELECT s.*,admin.name FROM pub_setmeal s LEFT JOIN pub_adminuser admin id ON s.auid=admin.id  

[ 2018-05-09T15:16:17+08:00 ] ::1 /xzy/project/index.php/Admin/Index/index.html
INFO: [ app_begin ] --START--
INFO: Run Behavior\ReadHtmlCacheBehavior [ RunTime:0.000474s ]
INFO: [ app_begin ] --END-- [ RunTime:0.000737s ]
NOTIC: [2] Declaration of Admin\Model\AdminMenuModel::getTreeData($type = 'tree', $order = '') should be compatible with Admin\Model\BaseModel::getTreeData($type = 'tree', $order = '', $name = 'name', $child = 'id', $parent = 'pid') /Applications/MAMP/htdocs/xzy/project/Application/Admin/Model/AdminMenuModel.class.php 第 7 行.
SQL: SHOW COLUMNS FROM `pub_admin_menu` [ RunTime:0.0004s ]
SQL: SELECT * FROM `pub_admin_menu` ORDER BY order_number is null,order_number,id  [ RunTime:0.0003s ]
SQL: SHOW COLUMNS FROM `pub_auth_group_access` [ RunTime:0.0007s ]
SQL: SELECT `uid`,`group_id`,`title`,`rules` FROM pub_auth_group_access a INNER JOIN pub_auth_group g on a.group_id=g.id  WHERE ( a.uid='1' and g.status='1' )  [ RunTime:0.0003s ]
SQL: SHOW COLUMNS FROM `pub_auth_rule` [ RunTime:0.0005s ]
SQL: SELECT `condition`,`name` FROM `pub_auth_rule` WHERE `id` IN ('1','2','54','3','4','55','56','57','58','59','60','61','62','63') AND `type` = 1 AND `status` = 1  [ RunTime:0.0004s ]
SQL: SHOW COLUMNS FROM `pub_flow` [ RunTime:0.0006s ]
NOTIC: [8] Undefined index: leavel /Applications/MAMP/htdocs/xzy/project/Application/Admin/Model/FlowModel.class.php 第 33 行.
ERR: 1054:Unknown column 'status' in 'where clause'
 [ SQL语句 ] : SELECT * FROM `pub_flow` WHERE ( `addtime` > 1525104000 AND `addtime` < 1527782400  ) AND ( `status` = '1' ) 
ERR: 1054:Unknown column 'status' in 'where clause'
 [ SQL语句 ] : SELECT * FROM `pub_flow` WHERE ( `addtime` > 1525104000 AND `addtime` < 1527782400  ) AND ( `status` = '1' ) 

[ 2018-05-09T15:16:18+08:00 ] ::1 /xzy/project/index.php/Admin/Index/index.html
INFO: [ app_begin ] --START--
INFO: Run Behavior\ReadHtmlCacheBehavior [ RunTime:0.000386s ]
INFO: [ app_begin ] --END-- [ RunTime:0.000653s ]
NOTIC: [2] Declaration of Admin\Model\AdminMenuModel::getTreeData($type = 'tree', $order = '') should be compatible with Admin\Model\BaseModel::getTreeData($type = 'tree', $order = '', $name = 'name', $child = 'id', $parent = 'pid') /Applications/MAMP/htdocs/xzy/project/Application/Admin/Model/AdminMenuModel.class.php 第 7 行.
SQL: SHOW COLUMNS FROM `pub_admin_menu` [ RunTime:0.0005s ]
SQL: SELECT * FROM `pub_admin_menu` ORDER BY order_number is null,order_number,id  [ RunTime:0.0007s ]
SQL: SHOW COLUMNS FROM `pub_auth_group_access` [ RunTime:0.0011s ]
SQL: SELECT `uid`,`group_id`,`title`,`rules` FROM pub_auth_group_access a INNER JOIN pub_auth_group g on a.group_id=g.id  WHERE ( a.uid='1' and g.status='1' )  [ RunTime:0.0005s ]
SQL: SHOW COLUMNS FROM `pub_auth_rule` [ RunTime:0.0005s ]
SQL: SELECT `condition`,`name` FROM `pub_auth_rule` WHERE `id` IN ('1','2','54','3','4','55','56','57','58','59','60','61','62','63') AND `type` = 1 AND `status` = 1  [ RunTime:0.0004s ]
SQL: SHOW COLUMNS FROM `pub_flow` [ RunTime:0.0005s ]
NOTIC: [8] Undefined index: leavel /Applications/MAMP/htdocs/xzy/project/Application/Admin/Model/FlowModel.class.php 第 33 行.
ERR: 1054:Unknown column 'status' in 'where clause'
 [ SQL语句 ] : SELECT * FROM `pub_flow` WHERE ( `addtime` > 1525104000 AND `addtime` < 1527782400  ) AND ( `status` = '1' ) 
ERR: 1054:Unknown column 'status' in 'where clause'
 [ SQL语句 ] : SELECT * FROM `pub_flow` WHERE ( `addtime` > 1525104000 AND `addtime` < 1527782400  ) AND ( `status` = '1' ) 

[ 2018-05-09T16:58:03+08:00 ] ::1 /xzy/project/index.php/Admin/Setmeal/index.html
ERR: SQLSTATE[HY000] [1045] Access denied for user 'root'@'59.41.21.177' (using password: NO)

[ 2018-05-09T17:52:38+08:00 ] ::1 /xzy/project/index.php/Admin/Setmeal/index
ERR: 1054:Unknown column 'pub_setmeal.describe' in 'where clause'
 [ SQL语句 ] : SELECT s.*,admin.name FROM pub_setmeal s LEFT JOIN pub_adminuser admin ON s.auid=admin.id  WHERE `days` = '100' AND `describe` = '100' AND pub_setmeal.describe LIKE '%100%' 

[ 2018-05-09T17:58:31+08:00 ] ::1 /xzy/project/index.php/Admin/Setmeal/index.html
ERR: Call to a member function where() on null

[ 2018-05-09T17:59:14+08:00 ] ::1 /xzy/project/index.php/Admin/Setmeal/index.html
ERR: Call to a member function where() on null

[ 2018-05-09T17:59:37+08:00 ] ::1 /xzy/project/index.php/Admin/Setmeal/index.html
ERR: Call to a member function where() on null

[ 2018-05-09T18:00:00+08:00 ] ::1 /xzy/project/index.php/Admin/Setmeal/index.html
ERR: Call to a member function where() on null

[ 2018-05-09T18:03:15+08:00 ] ::1 /xzy/project/index.php/Admin/Index/index.html
INFO: [ app_begin ] --START--
INFO: Run Behavior\ReadHtmlCacheBehavior [ RunTime:0.000366s ]
INFO: [ app_begin ] --END-- [ RunTime:0.000634s ]
SQL: SHOW COLUMNS FROM `pub_auth_group_access` [ RunTime:0.0429s ]
SQL: SELECT `uid`,`group_id`,`title`,`rules` FROM pub_auth_group_access a INNER JOIN pub_auth_group g on a.group_id=g.id  WHERE ( a.uid='2' and g.status='1' )  [ RunTime:0.0425s ]
SQL: SHOW COLUMNS FROM `pub_auth_rule` [ RunTime:0.0428s ]
SQL: SELECT `condition`,`name` FROM `pub_auth_rule` WHERE `id` IN ('55','56','57','61','62','63') AND `type` = 1 AND `status` = 1  [ RunTime:0.0425s ]
NOTIC: [2] Declaration of Admin\Model\AdminMenuModel::getTreeData($type = 'tree', $order = '') should be compatible with Admin\Model\BaseModel::getTreeData($type = 'tree', $order = '', $name = 'name', $child = 'id', $parent = 'pid') /Applications/MAMP/htdocs/xzy/project/Application/Admin/Model/AdminMenuModel.class.php 第 7 行.
SQL: SHOW COLUMNS FROM `pub_admin_menu` [ RunTime:0.0431s ]
SQL: SELECT * FROM `pub_admin_menu` ORDER BY order_number is null,order_number,id  [ RunTime:0.0427s ]
SQL: SHOW COLUMNS FROM `pub_flow` [ RunTime:0.0434s ]
NOTIC: [8] Undefined index: leavel /Applications/MAMP/htdocs/xzy/project/Application/Admin/Model/FlowModel.class.php 第 33 行.
ERR: 1054:Unknown column 'status' in 'where clause'
 [ SQL语句 ] : SELECT * FROM `pub_flow` WHERE ( `addtime` > 1525104000 AND `addtime` < 1527782400  ) AND ( `status` = '1' ) 
ERR: 1054:Unknown column 'status' in 'where clause'
 [ SQL语句 ] : SELECT * FROM `pub_flow` WHERE ( `addtime` > 1525104000 AND `addtime` < 1527782400  ) AND ( `status` = '1' ) 

[ 2018-05-09T18:03:16+08:00 ] ::1 /xzy/project/index.php/Admin/Index/index.html
INFO: [ app_begin ] --START--
INFO: Run Behavior\ReadHtmlCacheBehavior [ RunTime:0.000588s ]
INFO: [ app_begin ] --END-- [ RunTime:0.001194s ]
SQL: SHOW COLUMNS FROM `pub_auth_group_access` [ RunTime:0.0433s ]
SQL: SELECT `uid`,`group_id`,`title`,`rules` FROM pub_auth_group_access a INNER JOIN pub_auth_group g on a.group_id=g.id  WHERE ( a.uid='2' and g.status='1' )  [ RunTime:0.0430s ]
SQL: SHOW COLUMNS FROM `pub_auth_rule` [ RunTime:0.0433s ]
SQL: SELECT `condition`,`name` FROM `pub_auth_rule` WHERE `id` IN ('55','56','57','61','62','63') AND `type` = 1 AND `status` = 1  [ RunTime:0.0427s ]
NOTIC: [2] Declaration of Admin\Model\AdminMenuModel::getTreeData($type = 'tree', $order = '') should be compatible with Admin\Model\BaseModel::getTreeData($type = 'tree', $order = '', $name = 'name', $child = 'id', $parent = 'pid') /Applications/MAMP/htdocs/xzy/project/Application/Admin/Model/AdminMenuModel.class.php 第 7 行.
SQL: SHOW COLUMNS FROM `pub_admin_menu` [ RunTime:0.0434s ]
SQL: SELECT * FROM `pub_admin_menu` ORDER BY order_number is null,order_number,id  [ RunTime:0.0431s ]
SQL: SHOW COLUMNS FROM `pub_flow` [ RunTime:0.0429s ]
NOTIC: [8] Undefined index: leavel /Applications/MAMP/htdocs/xzy/project/Application/Admin/Model/FlowModel.class.php 第 33 行.
ERR: 1054:Unknown column 'status' in 'where clause'
 [ SQL语句 ] : SELECT * FROM `pub_flow` WHERE ( `addtime` > 1525104000 AND `addtime` < 1527782400  ) AND ( `status` = '1' ) 
ERR: 1054:Unknown column 'status' in 'where clause'
 [ SQL语句 ] : SELECT * FROM `pub_flow` WHERE ( `addtime` > 1525104000 AND `addtime` < 1527782400  ) AND ( `status` = '1' ) 

[ 2018-05-09T18:03:17+08:00 ] ::1 /xzy/project/index.php/Admin/Setmeal/index.html
ERR: syntax error, unexpected ';', expecting ')'

[ 2018-05-09T18:04:14+08:00 ] ::1 /xzy/project/index.php/Admin/Index/index.html
INFO: [ app_begin ] --START--
INFO: Run Behavior\ReadHtmlCacheBehavior [ RunTime:0.000362s ]
INFO: [ app_begin ] --END-- [ RunTime:0.000625s ]
NOTIC: [2] Declaration of Admin\Model\AdminMenuModel::getTreeData($type = 'tree', $order = '') should be compatible with Admin\Model\BaseModel::getTreeData($type = 'tree', $order = '', $name = 'name', $child = 'id', $parent = 'pid') /Applications/MAMP/htdocs/xzy/project/Application/Admin/Model/AdminMenuModel.class.php 第 7 行.
SQL: SHOW COLUMNS FROM `pub_admin_menu` [ RunTime:0.0419s ]
SQL: SELECT * FROM `pub_admin_menu` ORDER BY order_number is null,order_number,id  [ RunTime:0.0408s ]
SQL: SHOW COLUMNS FROM `pub_auth_group_access` [ RunTime:0.0407s ]
SQL: SELECT `uid`,`group_id`,`title`,`rules` FROM pub_auth_group_access a INNER JOIN pub_auth_group g on a.group_id=g.id  WHERE ( a.uid='1' and g.status='1' )  [ RunTime:0.0406s ]
SQL: SHOW COLUMNS FROM `pub_auth_rule` [ RunTime:0.0405s ]
SQL: SELECT `condition`,`name` FROM `pub_auth_rule` WHERE `id` IN ('1','2','54','3','4','55','56','57','58','59','60','61','62','63') AND `type` = 1 AND `status` = 1  [ RunTime:0.0406s ]
SQL: SHOW COLUMNS FROM `pub_flow` [ RunTime:0.0408s ]
NOTIC: [8] Undefined index: leavel /Applications/MAMP/htdocs/xzy/project/Application/Admin/Model/FlowModel.class.php 第 33 行.
ERR: 1054:Unknown column 'status' in 'where clause'
 [ SQL语句 ] : SELECT * FROM `pub_flow` WHERE ( `addtime` > 1525104000 AND `addtime` < 1527782400  ) AND ( `status` = '1' ) 
ERR: 1054:Unknown column 'status' in 'where clause'
 [ SQL语句 ] : SELECT * FROM `pub_flow` WHERE ( `addtime` > 1525104000 AND `addtime` < 1527782400  ) AND ( `status` = '1' ) 

[ 2018-05-09T18:04:14+08:00 ] ::1 /xzy/project/index.php/Admin/Index/index.html
INFO: [ app_begin ] --START--
INFO: Run Behavior\ReadHtmlCacheBehavior [ RunTime:0.000359s ]
INFO: [ app_begin ] --END-- [ RunTime:0.000618s ]
NOTIC: [2] Declaration of Admin\Model\AdminMenuModel::getTreeData($type = 'tree', $order = '') should be compatible with Admin\Model\BaseModel::getTreeData($type = 'tree', $order = '', $name = 'name', $child = 'id', $parent = 'pid') /Applications/MAMP/htdocs/xzy/project/Application/Admin/Model/AdminMenuModel.class.php 第 7 行.
SQL: SHOW COLUMNS FROM `pub_admin_menu` [ RunTime:0.0431s ]
SQL: SELECT * FROM `pub_admin_menu` ORDER BY order_number is null,order_number,id  [ RunTime:0.0429s ]
SQL: SHOW COLUMNS FROM `pub_auth_group_access` [ RunTime:0.0432s ]
SQL: SELECT `uid`,`group_id`,`title`,`rules` FROM pub_auth_group_access a INNER JOIN pub_auth_group g on a.group_id=g.id  WHERE ( a.uid='1' and g.status='1' )  [ RunTime:0.0429s ]
SQL: SHOW COLUMNS FROM `pub_auth_rule` [ RunTime:0.0435s ]
SQL: SELECT `condition`,`name` FROM `pub_auth_rule` WHERE `id` IN ('1','2','54','3','4','55','56','57','58','59','60','61','62','63') AND `type` = 1 AND `status` = 1  [ RunTime:0.0428s ]
SQL: SHOW COLUMNS FROM `pub_flow` [ RunTime:0.0428s ]
NOTIC: [8] Undefined index: leavel /Applications/MAMP/htdocs/xzy/project/Application/Admin/Model/FlowModel.class.php 第 33 行.
ERR: 1054:Unknown column 'status' in 'where clause'
 [ SQL语句 ] : SELECT * FROM `pub_flow` WHERE ( `addtime` > 1525104000 AND `addtime` < 1527782400  ) AND ( `status` = '1' ) 
ERR: 1054:Unknown column 'status' in 'where clause'
 [ SQL语句 ] : SELECT * FROM `pub_flow` WHERE ( `addtime` > 1525104000 AND `addtime` < 1527782400  ) AND ( `status` = '1' ) 

[ 2018-05-09T18:04:31+08:00 ] ::1 /xzy/project/index.php/Admin/Adminuser/index
ERR: Call to undefined function Admin\Controller\replace_value()

