[ 2018-05-19T11:05:32+08:00 ] ::1 /xzy/project/index.php/Admin/Index/index.html
INFO: [ app_begin ] --START--
INFO: Run Behavior\ReadHtmlCacheBehavior [ RunTime:0.000379s ]
INFO: [ app_begin ] --END-- [ RunTime:0.000661s ]
NOTIC: [2] Declaration of Admin\Model\AdminMenuModel::getTreeData($type = 'tree', $order = '') should be compatible with Admin\Model\BaseModel::getTreeData($type = 'tree', $order = '', $name = 'name', $child = 'id', $parent = 'pid') /Applications/MAMP/htdocs/xzy/project/Application/Admin/Model/AdminMenuModel.class.php 第 7 行.
SQL: SHOW COLUMNS FROM `pub_admin_menu` [ RunTime:0.0436s ]
SQL: SELECT * FROM `pub_admin_menu` ORDER BY order_number is null,order_number,id  [ RunTime:0.0561s ]
SQL: SHOW COLUMNS FROM `pub_auth_group_access` [ RunTime:0.0413s ]
SQL: SELECT `uid`,`group_id`,`title`,`rules` FROM pub_auth_group_access a INNER JOIN pub_auth_group g on a.group_id=g.id  WHERE ( a.uid='1' and g.status='1' )  [ RunTime:0.0468s ]
SQL: SHOW COLUMNS FROM `pub_auth_rule` [ RunTime:0.0401s ]
SQL: SELECT `condition`,`name` FROM `pub_auth_rule` WHERE `id` IN ('1','2','54','3','4','55','56','57','58','59','60','61','62','63','64','66','67','68','69','70','71','72','73') AND `type` = 1 AND `status` = 1  [ RunTime:0.0433s ]
SQL: SHOW COLUMNS FROM `pub_flow` [ RunTime:0.0424s ]
NOTIC: [8] Undefined index: leavel /Applications/MAMP/htdocs/xzy/project/Application/Admin/Model/FlowModel.class.php 第 33 行.
ERR: 1054:Unknown column 'status' in 'where clause'
 [ SQL语句 ] : SELECT * FROM `pub_flow` WHERE ( `addtime` > 1525104000 AND `addtime` < 1527782400  ) AND ( `status` = '1' ) 
ERR: 1054:Unknown column 'status' in 'where clause'
 [ SQL语句 ] : SELECT * FROM `pub_flow` WHERE ( `addtime` > 1525104000 AND `addtime` < 1527782400  ) AND ( `status` = '1' ) 

[ 2018-05-19T11:05:32+08:00 ] ::1 /xzy/project/index.php/Admin/Index/index.html
INFO: [ app_begin ] --START--
INFO: Run Behavior\ReadHtmlCacheBehavior [ RunTime:0.000394s ]
INFO: [ app_begin ] --END-- [ RunTime:0.000688s ]
NOTIC: [2] Declaration of Admin\Model\AdminMenuModel::getTreeData($type = 'tree', $order = '') should be compatible with Admin\Model\BaseModel::getTreeData($type = 'tree', $order = '', $name = 'name', $child = 'id', $parent = 'pid') /Applications/MAMP/htdocs/xzy/project/Application/Admin/Model/AdminMenuModel.class.php 第 7 行.
SQL: SHOW COLUMNS FROM `pub_admin_menu` [ RunTime:0.0444s ]
SQL: SELECT * FROM `pub_admin_menu` ORDER BY order_number is null,order_number,id  [ RunTime:0.0430s ]
SQL: SHOW COLUMNS FROM `pub_auth_group_access` [ RunTime:0.0416s ]
SQL: SELECT `uid`,`group_id`,`title`,`rules` FROM pub_auth_group_access a INNER JOIN pub_auth_group g on a.group_id=g.id  WHERE ( a.uid='1' and g.status='1' )  [ RunTime:0.0408s ]
SQL: SHOW COLUMNS FROM `pub_auth_rule` [ RunTime:0.0411s ]
SQL: SELECT `condition`,`name` FROM `pub_auth_rule` WHERE `id` IN ('1','2','54','3','4','55','56','57','58','59','60','61','62','63','64','66','67','68','69','70','71','72','73') AND `type` = 1 AND `status` = 1  [ RunTime:0.0412s ]
SQL: SHOW COLUMNS FROM `pub_flow` [ RunTime:0.0411s ]
NOTIC: [8] Undefined index: leavel /Applications/MAMP/htdocs/xzy/project/Application/Admin/Model/FlowModel.class.php 第 33 行.
ERR: 1054:Unknown column 'status' in 'where clause'
 [ SQL语句 ] : SELECT * FROM `pub_flow` WHERE ( `addtime` > 1525104000 AND `addtime` < 1527782400  ) AND ( `status` = '1' ) 
ERR: 1054:Unknown column 'status' in 'where clause'
 [ SQL语句 ] : SELECT * FROM `pub_flow` WHERE ( `addtime` > 1525104000 AND `addtime` < 1527782400  ) AND ( `status` = '1' ) 

[ 2018-05-19T11:38:20+08:00 ] ::1 /xzy/project/index.php/Admin/Index/index.html
INFO: [ app_begin ] --START--
INFO: Run Behavior\ReadHtmlCacheBehavior [ RunTime:0.000369s ]
INFO: [ app_begin ] --END-- [ RunTime:0.000625s ]
NOTIC: [2] Declaration of Admin\Model\AdminMenuModel::getTreeData($type = 'tree', $order = '') should be compatible with Admin\Model\BaseModel::getTreeData($type = 'tree', $order = '', $name = 'name', $child = 'id', $parent = 'pid') /Applications/MAMP/htdocs/xzy/project/Application/Admin/Model/AdminMenuModel.class.php 第 7 行.
SQL: SHOW COLUMNS FROM `pub_admin_menu` [ RunTime:0.0409s ]
SQL: SELECT * FROM `pub_admin_menu` ORDER BY order_number is null,order_number,id  [ RunTime:0.0407s ]
SQL: SHOW COLUMNS FROM `pub_auth_group_access` [ RunTime:0.0417s ]
SQL: SELECT `uid`,`group_id`,`title`,`rules` FROM pub_auth_group_access a INNER JOIN pub_auth_group g on a.group_id=g.id  WHERE ( a.uid='1' and g.status='1' )  [ RunTime:0.0399s ]
SQL: SHOW COLUMNS FROM `pub_auth_rule` [ RunTime:0.0436s ]
SQL: SELECT `condition`,`name` FROM `pub_auth_rule` WHERE `id` IN ('1','2','54','3','4','55','56','57','58','59','60','61','62','63','64','66','67','68','69','70','71','72','73') AND `type` = 1 AND `status` = 1  [ RunTime:0.0399s ]
SQL: SHOW COLUMNS FROM `pub_flow` [ RunTime:0.0399s ]
NOTIC: [8] Undefined index: leavel /Applications/MAMP/htdocs/xzy/project/Application/Admin/Model/FlowModel.class.php 第 33 行.
ERR: 1054:Unknown column 'status' in 'where clause'
 [ SQL语句 ] : SELECT * FROM `pub_flow` WHERE ( `addtime` > 1525104000 AND `addtime` < 1527782400  ) AND ( `status` = '1' ) 
ERR: 1054:Unknown column 'status' in 'where clause'
 [ SQL语句 ] : SELECT * FROM `pub_flow` WHERE ( `addtime` > 1525104000 AND `addtime` < 1527782400  ) AND ( `status` = '1' ) 

[ 2018-05-19T11:38:21+08:00 ] ::1 /xzy/project/index.php/Admin/Index/index.html
INFO: [ app_begin ] --START--
INFO: Run Behavior\ReadHtmlCacheBehavior [ RunTime:0.000899s ]
INFO: [ app_begin ] --END-- [ RunTime:0.001502s ]
NOTIC: [2] Declaration of Admin\Model\AdminMenuModel::getTreeData($type = 'tree', $order = '') should be compatible with Admin\Model\BaseModel::getTreeData($type = 'tree', $order = '', $name = 'name', $child = 'id', $parent = 'pid') /Applications/MAMP/htdocs/xzy/project/Application/Admin/Model/AdminMenuModel.class.php 第 7 行.
SQL: SHOW COLUMNS FROM `pub_admin_menu` [ RunTime:0.0459s ]
SQL: SELECT * FROM `pub_admin_menu` ORDER BY order_number is null,order_number,id  [ RunTime:0.0442s ]
SQL: SHOW COLUMNS FROM `pub_auth_group_access` [ RunTime:0.0443s ]
SQL: SELECT `uid`,`group_id`,`title`,`rules` FROM pub_auth_group_access a INNER JOIN pub_auth_group g on a.group_id=g.id  WHERE ( a.uid='1' and g.status='1' )  [ RunTime:0.0438s ]
SQL: SHOW COLUMNS FROM `pub_auth_rule` [ RunTime:0.0440s ]
SQL: SELECT `condition`,`name` FROM `pub_auth_rule` WHERE `id` IN ('1','2','54','3','4','55','56','57','58','59','60','61','62','63','64','66','67','68','69','70','71','72','73') AND `type` = 1 AND `status` = 1  [ RunTime:0.0436s ]
SQL: SHOW COLUMNS FROM `pub_flow` [ RunTime:0.0445s ]
NOTIC: [8] Undefined index: leavel /Applications/MAMP/htdocs/xzy/project/Application/Admin/Model/FlowModel.class.php 第 33 行.
ERR: 1054:Unknown column 'status' in 'where clause'
 [ SQL语句 ] : SELECT * FROM `pub_flow` WHERE ( `addtime` > 1525104000 AND `addtime` < 1527782400  ) AND ( `status` = '1' ) 
ERR: 1054:Unknown column 'status' in 'where clause'
 [ SQL语句 ] : SELECT * FROM `pub_flow` WHERE ( `addtime` > 1525104000 AND `addtime` < 1527782400  ) AND ( `status` = '1' ) 

