[ 2018-05-10T16:11:44+08:00 ] ::1 /xzy/project/index.php/Admin/Product/index.html
ERR: 1146:Table 'bluetooth.pub_device_type' doesn't exist
 [ SQL语句 ] : SHOW COLUMNS FROM `pub_device_type`

[ 2018-05-10T16:30:07+08:00 ] ::1 /xzy/project/index.php/Admin/Product/add
ERR: 1364:Field 'auid' doesn't have a default value
 [ SQL语句 ] : INSERT INTO `pub_product` (`product_id`,`typename`,`addtime`) VALUES ('45645','芯智云净水器A型','1525941007')

[ 2018-05-10T16:30:51+08:00 ] ::1 /xzy/project/index.php/Admin/Product/index.html
ERR: 1146:Table 'bluetooth.pub_device_type' doesn't exist
 [ SQL语句 ] : SHOW COLUMNS FROM `pub_device_type`

[ 2018-05-10T16:36:55+08:00 ] ::1 /xzy/project/index.php/Admin/Product/index.html
ERR: 1054:Unknown column 'device_code' in 'where clause'
 [ SQL语句 ] : SELECT COUNT(*) AS tp_count FROM pub_product d LEFT JOIN pub_adminuser admin ON d.auid=admin.id  WHERE `device_code` LIKE '%%' AND `mac` LIKE '%%' AND `name` LIKE '%%' AND `username` LIKE '%%' AND `phone` LIKE '%%' AND `address` LIKE '%%' AND `status` LIKE '%%' AND ( `outtime` >= 0  ) LIMIT 1  

[ 2018-05-10T16:37:17+08:00 ] ::1 /xzy/project/index.php/Admin/Product/index.html
ERR: 1054:Unknown column 'outtime' in 'where clause'
 [ SQL语句 ] : SELECT COUNT(*) AS tp_count FROM pub_product d LEFT JOIN pub_adminuser admin ON d.auid=admin.id  WHERE ( `outtime` >= 0  ) LIMIT 1  

[ 2018-05-10T16:43:50+08:00 ] ::1 /xzy/project/index.php/Admin/Product/index.html
ERR: syntax error, unexpected ';', expecting ')'

[ 2018-05-10T16:44:06+08:00 ] ::1 /xzy/project/index.php/Admin/Product/index.html
ERR: 1052:Column 'addtime' in where clause is ambiguous
 [ SQL语句 ] : SELECT COUNT(*) AS tp_count FROM pub_product p LEFT JOIN pub_adminuser admin ON p.auid=admin.id  WHERE `typename` LIKE '%%' AND `product_id` LIKE '%%' AND `name` LIKE '%%' AND ( `addtime` >= 0  ) LIMIT 1  

[ 2018-05-10T16:45:00+08:00 ] ::1 /xzy/project/index.php/Admin/Product/index.html
ERR: 1052:Column 'addtime' in where clause is ambiguous
 [ SQL语句 ] : SELECT COUNT(*) AS tp_count FROM pub_product p LEFT JOIN pub_adminuser admin ON p.auid=admin.id  WHERE `typename` LIKE '%%' AND `product_id` LIKE '%%' AND `name` LIKE '%%' AND ( `addtime` >= 0  ) LIMIT 1  

[ 2018-05-10T16:46:27+08:00 ] ::1 /xzy/project/index.php/Admin/Product/index.html
ERR: 1052:Column 'addtime' in where clause is ambiguous
 [ SQL语句 ] : SELECT COUNT(*) AS tp_count FROM pub_product p LEFT JOIN pub_adminuser admin ON p.auid=admin.id  WHERE `typename` LIKE '%%' AND `product_id` LIKE '%%' AND `name` LIKE '%%' AND ( `addtime` >= 0  ) LIMIT 1  

[ 2018-05-10T16:54:48+08:00 ] ::1 /xzy/project/index.php/Admin/Product/index.html
ERR: 1054:Unknown column 'p.addtime' in 'order clause'
 [ SQL语句 ] : SELECT p.*,admin.name FROM pub_product p LEFT JOIN pub_adminuser admin ON p.auid=admin.id  WHERE `typename` LIKE '%%' AND `product_id` LIKE '%%' AND `name` LIKE '%%' AND ( `addtime` >= 0  ) ORDER BY p.addtime desc LIMIT 0,8  

[ 2018-05-10T16:55:08+08:00 ] ::1 /xzy/project/index.php/Admin/Product/index.html
ERR: 1054:Unknown column 'p.addtime' in 'order clause'
 [ SQL语句 ] : SELECT p.*,admin.name FROM pub_product p LEFT JOIN pub_adminuser admin ON p.auid=admin.id  WHERE `typename` LIKE '%%' AND `product_id` LIKE '%%' AND `name` LIKE '%%' AND ( `addtime` >= 0  ) ORDER BY p.addtime desc LIMIT 0,8  

[ 2018-05-10T16:55:40+08:00 ] ::1 /xzy/project/index.php/Admin/Product/index.html
ERR: 1054:Unknown column 'p.addtime' in 'order clause'
 [ SQL语句 ] : SELECT p.*,admin.name FROM pub_product p LEFT JOIN pub_adminuser admin ON p.auid=admin.id  WHERE `typename` LIKE '%%' AND `product_id` LIKE '%%' AND `name` LIKE '%%' AND ( `addtime` >= 0  ) ORDER BY p.addtime desc LIMIT 0,8  

